2022-09-17 04:53:10 [background-preinit] INFO  o.h.validator.internal.util.Version - HV000001: Hibernate Validator 6.1.5.Final
2022-09-17 04:53:10 [main] INFO  c.o.config.server.ConfigServer - No active profile set, falling back to default profiles: default
2022-09-17 04:53:11 [main] INFO  o.s.cloud.context.scope.GenericScope - BeanFactory id=9f2b0f5b-a5d0-3e50-ac08-c75b27d86a88
2022-09-17 04:53:11 [main] INFO  o.s.b.w.e.tomcat.TomcatWebServer - Tomcat initialized with port(s): 8888 (http)
2022-09-17 04:53:11 [main] INFO  o.a.coyote.http11.Http11NioProtocol - Initializing ProtocolHandler ["http-nio-8888"]
2022-09-17 04:53:11 [main] INFO  o.a.catalina.core.StandardService - Starting service [Tomcat]
2022-09-17 04:53:11 [main] INFO  o.a.catalina.core.StandardEngine - Starting Servlet engine: [Apache Tomcat/9.0.38]
2022-09-17 04:53:11 [main] INFO  o.a.c.c.C.[Tomcat].[localhost].[/] - Initializing Spring embedded WebApplicationContext
2022-09-17 04:53:11 [main] INFO  o.s.b.w.s.c.ServletWebServerApplicationContext - Root WebApplicationContext: initialization completed in 506 ms
2022-09-17 04:53:11 [main] INFO  o.s.s.c.ThreadPoolTaskExecutor - Initializing ExecutorService 'applicationTaskExecutor'
2022-09-17 04:53:14 [main] INFO  o.s.b.a.s.s.UserDetailsServiceAutoConfiguration - 

Using generated security password: 2e76c185-b790-4a2a-824d-f020766a507f

2022-09-17 04:53:14 [main] INFO  o.s.s.web.DefaultSecurityFilterChain - Creating filter chain: Ant [pattern='/actuator/**'], []
2022-09-17 04:53:14 [main] INFO  o.s.s.web.DefaultSecurityFilterChain - Creating filter chain: Ant [pattern='/encrypt/**'], []
2022-09-17 04:53:14 [main] INFO  o.s.s.web.DefaultSecurityFilterChain - Creating filter chain: Ant [pattern='/decrypt/**'], []
2022-09-17 04:53:14 [main] INFO  o.s.s.web.DefaultSecurityFilterChain - Creating filter chain: any request, [org.springframework.security.web.context.request.async.WebAsyncManagerIntegrationFilter@1c135f63, org.springframework.security.web.context.SecurityContextPersistenceFilter@7482309c, org.springframework.security.web.header.HeaderWriterFilter@3e28af44, org.springframework.security.web.csrf.CsrfFilter@7b9c2387, org.springframework.security.web.authentication.logout.LogoutFilter@65ad2b42, org.springframework.security.web.authentication.UsernamePasswordAuthenticationFilter@774013dc, org.springframework.security.web.authentication.ui.DefaultLoginPageGeneratingFilter@42ffbab6, org.springframework.security.web.authentication.ui.DefaultLogoutPageGeneratingFilter@63c4d16, org.springframework.security.web.authentication.www.BasicAuthenticationFilter@b76b7d8, org.springframework.security.web.savedrequest.RequestCacheAwareFilter@6b3b4f37, org.springframework.security.web.servletapi.SecurityContextHolderAwareRequestFilter@4bab78ce, org.springframework.security.web.authentication.AnonymousAuthenticationFilter@29bd2796, org.springframework.security.web.session.SessionManagementFilter@3bdbf8d3, org.springframework.security.web.access.ExceptionTranslationFilter@4cc89246, org.springframework.security.web.access.intercept.FilterSecurityInterceptor@252d8df6]
2022-09-17 04:53:14 [main] INFO  o.s.b.a.e.web.EndpointLinksResolver - Exposing 2 endpoint(s) beneath base path '/actuator'
2022-09-17 04:53:14 [main] INFO  o.a.coyote.http11.Http11NioProtocol - Starting ProtocolHandler ["http-nio-8888"]
2022-09-17 04:53:14 [main] INFO  o.s.b.w.e.tomcat.TomcatWebServer - Tomcat started on port(s): 8888 (http) with context path ''
2022-09-17 04:53:14 [main] INFO  c.o.config.server.ConfigServer - Started ConfigServer in 4.012 seconds (JVM running for 9.712)
2022-09-17 04:53:14 [RMI TCP Connection(2)-192.168.100.143] INFO  o.a.c.c.C.[Tomcat].[localhost].[/] - Initializing Spring DispatcherServlet 'dispatcherServlet'
2022-09-17 04:53:14 [RMI TCP Connection(2)-192.168.100.143] INFO  o.s.web.servlet.DispatcherServlet - Initializing Servlet 'dispatcherServlet'
2022-09-17 04:53:14 [RMI TCP Connection(2)-192.168.100.143] INFO  o.s.web.servlet.DispatcherServlet - Completed initialization in 5 ms
2022-09-17 05:08:43 [SpringContextShutdownHook] INFO  o.s.s.c.ThreadPoolTaskExecutor - Shutting down ExecutorService 'applicationTaskExecutor'
2022-09-17 20:16:01 [background-preinit] INFO  o.h.validator.internal.util.Version - HV000001: Hibernate Validator 6.1.5.Final
2022-09-17 20:16:02 [main] INFO  c.o.config.server.ConfigServer - No active profile set, falling back to default profiles: default
2022-09-17 20:16:02 [main] INFO  o.s.cloud.context.scope.GenericScope - BeanFactory id=9f2b0f5b-a5d0-3e50-ac08-c75b27d86a88
2022-09-17 20:16:02 [main] INFO  o.s.b.w.e.tomcat.TomcatWebServer - Tomcat initialized with port(s): 8888 (http)
2022-09-17 20:16:02 [main] INFO  o.a.coyote.http11.Http11NioProtocol - Initializing ProtocolHandler ["http-nio-8888"]
2022-09-17 20:16:02 [main] INFO  o.a.catalina.core.StandardService - Starting service [Tomcat]
2022-09-17 20:16:02 [main] INFO  o.a.catalina.core.StandardEngine - Starting Servlet engine: [Apache Tomcat/9.0.38]
2022-09-17 20:16:02 [main] INFO  o.a.c.c.C.[Tomcat].[localhost].[/] - Initializing Spring embedded WebApplicationContext
2022-09-17 20:16:02 [main] INFO  o.s.b.w.s.c.ServletWebServerApplicationContext - Root WebApplicationContext: initialization completed in 498 ms
2022-09-17 20:16:02 [main] INFO  o.s.s.c.ThreadPoolTaskExecutor - Initializing ExecutorService 'applicationTaskExecutor'
2022-09-17 20:16:05 [main] INFO  o.s.b.a.s.s.UserDetailsServiceAutoConfiguration - 

Using generated security password: 0e7f9a99-78cf-4bff-a1da-1aad55791eed

2022-09-17 20:16:05 [main] INFO  o.s.s.web.DefaultSecurityFilterChain - Creating filter chain: Ant [pattern='/actuator/**'], []
2022-09-17 20:16:05 [main] INFO  o.s.s.web.DefaultSecurityFilterChain - Creating filter chain: Ant [pattern='/encrypt/**'], []
2022-09-17 20:16:05 [main] INFO  o.s.s.web.DefaultSecurityFilterChain - Creating filter chain: Ant [pattern='/decrypt/**'], []
2022-09-17 20:16:05 [main] INFO  o.s.s.web.DefaultSecurityFilterChain - Creating filter chain: any request, [org.springframework.security.web.context.request.async.WebAsyncManagerIntegrationFilter@778197c0, org.springframework.security.web.context.SecurityContextPersistenceFilter@2474df51, org.springframework.security.web.header.HeaderWriterFilter@7672960e, org.springframework.security.web.csrf.CsrfFilter@33891646, org.springframework.security.web.authentication.logout.LogoutFilter@16d61071, org.springframework.security.web.authentication.UsernamePasswordAuthenticationFilter@7ebc5be6, org.springframework.security.web.authentication.ui.DefaultLoginPageGeneratingFilter@4e51eda7, org.springframework.security.web.authentication.ui.DefaultLogoutPageGeneratingFilter@1c2cdc67, org.springframework.security.web.authentication.www.BasicAuthenticationFilter@4e647f39, org.springframework.security.web.savedrequest.RequestCacheAwareFilter@5fb514c2, org.springframework.security.web.servletapi.SecurityContextHolderAwareRequestFilter@294ebe11, org.springframework.security.web.authentication.AnonymousAuthenticationFilter@4c28f97e, org.springframework.security.web.session.SessionManagementFilter@79c1ccf7, org.springframework.security.web.access.ExceptionTranslationFilter@4bab78ce, org.springframework.security.web.access.intercept.FilterSecurityInterceptor@29bd2796]
2022-09-17 20:16:05 [main] INFO  o.s.b.a.e.web.EndpointLinksResolver - Exposing 2 endpoint(s) beneath base path '/actuator'
2022-09-17 20:16:05 [main] INFO  o.a.coyote.http11.Http11NioProtocol - Starting ProtocolHandler ["http-nio-8888"]
2022-09-17 20:16:05 [main] INFO  o.s.b.w.e.tomcat.TomcatWebServer - Tomcat started on port(s): 8888 (http) with context path ''
2022-09-17 20:16:05 [main] INFO  c.o.config.server.ConfigServer - Started ConfigServer in 3.967 seconds (JVM running for 9.429)
2022-09-17 20:16:05 [RMI TCP Connection(1)-192.168.100.143] INFO  o.a.c.c.C.[Tomcat].[localhost].[/] - Initializing Spring DispatcherServlet 'dispatcherServlet'
2022-09-17 20:16:05 [RMI TCP Connection(1)-192.168.100.143] INFO  o.s.web.servlet.DispatcherServlet - Initializing Servlet 'dispatcherServlet'
2022-09-17 20:16:05 [RMI TCP Connection(1)-192.168.100.143] INFO  o.s.web.servlet.DispatcherServlet - Completed initialization in 7 ms
2022-09-17 21:38:48 [SpringContextShutdownHook] INFO  o.s.s.c.ThreadPoolTaskExecutor - Shutting down ExecutorService 'applicationTaskExecutor'
