2022-10-17 12:11:08 [background-preinit] INFO  o.h.validator.internal.util.Version - HV000001: Hibernate Validator 6.2.0.Final
2022-10-17 12:11:19 [background-preinit] WARN  o.s.h.c.j.Jackson2ObjectMapperBuilder - For Jackson Kotlin classes support please add "com.fasterxml.jackson.module:jackson-module-kotlin" to the classpath
2022-10-17 12:11:22 [main] INFO  c.o.config.server.ConfigServer - No active profile set, falling back to default profiles: default
2022-10-17 12:11:44 [main] INFO  o.s.cloud.context.scope.GenericScope - BeanFactory id=64ad351d-d90b-347b-9d37-35fccc79a4a3
2022-10-17 12:11:51 [main] INFO  o.s.b.w.e.tomcat.TomcatWebServer - Tomcat initialized with port(s): 8888 (http)
2022-10-17 12:11:51 [main] INFO  o.a.coyote.http11.Http11NioProtocol - Initializing ProtocolHandler ["http-nio-8888"]
2022-10-17 12:11:51 [main] INFO  o.a.catalina.core.StandardService - Starting service [Tomcat]
2022-10-17 12:11:51 [main] INFO  o.a.catalina.core.StandardEngine - Starting Servlet engine: [Apache Tomcat/9.0.46]
2022-10-17 12:11:53 [main] INFO  o.a.c.c.C.[Tomcat].[localhost].[/] - Initializing Spring embedded WebApplicationContext
2022-10-17 12:11:53 [main] INFO  o.s.b.w.s.c.ServletWebServerApplicationContext - Root WebApplicationContext: initialization completed in 29590 ms
2022-10-17 12:12:55 [main] INFO  o.s.s.web.DefaultSecurityFilterChain - Will secure Ant [pattern='/actuator/**'] with []
2022-10-17 12:12:55 [main] INFO  o.s.s.web.DefaultSecurityFilterChain - Will secure Ant [pattern='/encrypt/**'] with []
2022-10-17 12:12:55 [main] INFO  o.s.s.web.DefaultSecurityFilterChain - Will secure Ant [pattern='/decrypt/**'] with []
2022-10-17 12:12:55 [main] INFO  o.s.s.web.DefaultSecurityFilterChain - Will secure any request with [org.springframework.security.web.context.request.async.WebAsyncManagerIntegrationFilter@24ac6fef, org.springframework.security.web.context.SecurityContextPersistenceFilter@537451d5, org.springframework.security.web.header.HeaderWriterFilter@35841d6, org.springframework.security.web.csrf.CsrfFilter@7793b55d, org.springframework.security.web.authentication.logout.LogoutFilter@72e49f6a, org.springframework.security.web.authentication.UsernamePasswordAuthenticationFilter@4b7e4d14, org.springframework.security.web.authentication.ui.DefaultLoginPageGeneratingFilter@54e94de9, org.springframework.security.web.authentication.ui.DefaultLogoutPageGeneratingFilter@3cb49121, org.springframework.security.web.authentication.www.BasicAuthenticationFilter@5e360c3b, org.springframework.security.web.savedrequest.RequestCacheAwareFilter@614d7fbf, org.springframework.security.web.servletapi.SecurityContextHolderAwareRequestFilter@762cdf46, org.springframework.security.web.authentication.AnonymousAuthenticationFilter@227b9277, org.springframework.security.web.session.SessionManagementFilter@1e50eb3f, org.springframework.security.web.access.ExceptionTranslationFilter@7a274521, org.springframework.security.web.access.intercept.FilterSecurityInterceptor@60b553f]
2022-10-17 12:12:56 [main] INFO  o.s.b.a.e.web.EndpointLinksResolver - Exposing 1 endpoint(s) beneath base path '/actuator'
2022-10-17 12:12:57 [main] INFO  o.a.coyote.http11.Http11NioProtocol - Starting ProtocolHandler ["http-nio-8888"]
2022-10-17 12:12:57 [main] INFO  o.s.b.w.e.tomcat.TomcatWebServer - Tomcat started on port(s): 8888 (http) with context path ''
2022-10-17 12:12:57 [main] INFO  c.o.config.server.ConfigServer - Started ConfigServer in 125.869 seconds (JVM running for 143.72)
2022-10-17 12:12:58 [main] INFO  o.s.b.a.ApplicationAvailabilityBean - Application availability state LivenessState changed to CORRECT
2022-10-17 12:12:58 [main] INFO  o.s.b.a.ApplicationAvailabilityBean - Application availability state ReadinessState changed to ACCEPTING_TRAFFIC
2022-10-17 12:12:59 [http-nio-8888-exec-1] INFO  o.a.c.c.C.[Tomcat].[localhost].[/] - Initializing Spring DispatcherServlet 'dispatcherServlet'
2022-10-17 12:12:59 [http-nio-8888-exec-1] INFO  o.s.web.servlet.DispatcherServlet - Initializing Servlet 'dispatcherServlet'
2022-10-17 12:12:59 [http-nio-8888-exec-1] INFO  o.s.web.servlet.DispatcherServlet - Completed initialization in 29 ms
2022-10-17 12:13:26 [http-nio-8888-exec-7] INFO  o.s.c.c.s.e.NativeEnvironmentRepository - Adding property source: Config resource 'file [/tmp/config-repo-7658142880934532896/config-client-twitter_to_kafka.yml]' via location 'file:/tmp/config-repo-7658142880934532896/'
2022-10-17 12:13:26 [http-nio-8888-exec-7] INFO  o.s.c.c.s.e.NativeEnvironmentRepository - Adding property source: Config resource 'file [/tmp/config-repo-7658142880934532896/config-client.yml]' via location 'file:/tmp/config-repo-7658142880934532896/'
2022-10-17 12:13:32 [http-nio-8888-exec-9] INFO  o.s.c.c.s.e.NativeEnvironmentRepository - Adding property source: Config resource 'file [/tmp/config-repo-7658142880934532896/config-client-twitter_to_kafka.yml]' via location 'file:/tmp/config-repo-7658142880934532896/'
2022-10-17 12:13:32 [http-nio-8888-exec-9] INFO  o.s.c.c.s.e.NativeEnvironmentRepository - Adding property source: Config resource 'file [/tmp/config-repo-7658142880934532896/config-client.yml]' via location 'file:/tmp/config-repo-7658142880934532896/'
2022-10-17 12:15:17 [http-nio-8888-exec-3] INFO  o.s.c.c.s.e.NativeEnvironmentRepository - Adding property source: Config resource 'file [/tmp/config-repo-7658142880934532896/config-client-kafka_to_elastic.yml]' via location 'file:/tmp/config-repo-7658142880934532896/'
2022-10-17 12:15:17 [http-nio-8888-exec-3] INFO  o.s.c.c.s.e.NativeEnvironmentRepository - Adding property source: Config resource 'file [/tmp/config-repo-7658142880934532896/config-client.yml]' via location 'file:/tmp/config-repo-7658142880934532896/'
2022-10-17 12:22:57 [http-nio-8888-exec-5] INFO  o.s.c.c.s.e.NativeEnvironmentRepository - Adding property source: Config resource 'file [/tmp/config-repo-7658142880934532896/config-client-kafka_to_elastic.yml]' via location 'file:/tmp/config-repo-7658142880934532896/'
2022-10-17 12:22:57 [http-nio-8888-exec-5] INFO  o.s.c.c.s.e.NativeEnvironmentRepository - Adding property source: Config resource 'file [/tmp/config-repo-7658142880934532896/config-client.yml]' via location 'file:/tmp/config-repo-7658142880934532896/'
2022-10-17 13:42:22 [http-nio-8888-exec-7] WARN  o.s.c.c.s.e.MultipleJGitEnvironmentRepository - Could not fetch remote for main remote: https://github.com/remymumoh/spring-cloud-config-server-repository
2022-10-17 13:42:23 [http-nio-8888-exec-7] INFO  o.s.c.c.s.e.NativeEnvironmentRepository - Adding property source: Config resource 'file [/tmp/config-repo-7658142880934532896/config-client-kafka_to_elastic.yml]' via location 'file:/tmp/config-repo-7658142880934532896/'
2022-10-17 13:42:23 [http-nio-8888-exec-7] INFO  o.s.c.c.s.e.NativeEnvironmentRepository - Adding property source: Config resource 'file [/tmp/config-repo-7658142880934532896/config-client.yml]' via location 'file:/tmp/config-repo-7658142880934532896/'
2022-10-17 13:49:25 [http-nio-8888-exec-9] INFO  o.s.c.c.s.e.NativeEnvironmentRepository - Adding property source: Config resource 'file [/tmp/config-repo-7658142880934532896/config-client-kafka_to_elastic.yml]' via location 'file:/tmp/config-repo-7658142880934532896/'
2022-10-17 13:49:25 [http-nio-8888-exec-9] INFO  o.s.c.c.s.e.NativeEnvironmentRepository - Adding property source: Config resource 'file [/tmp/config-repo-7658142880934532896/config-client.yml]' via location 'file:/tmp/config-repo-7658142880934532896/'
2022-10-17 13:56:18 [http-nio-8888-exec-1] INFO  o.s.c.c.s.e.NativeEnvironmentRepository - Adding property source: Config resource 'file [/tmp/config-repo-7658142880934532896/config-client-kafka_to_elastic.yml]' via location 'file:/tmp/config-repo-7658142880934532896/'
2022-10-17 13:56:18 [http-nio-8888-exec-1] INFO  o.s.c.c.s.e.NativeEnvironmentRepository - Adding property source: Config resource 'file [/tmp/config-repo-7658142880934532896/config-client.yml]' via location 'file:/tmp/config-repo-7658142880934532896/'
2022-10-17 14:00:55 [http-nio-8888-exec-3] WARN  o.s.c.c.s.e.MultipleJGitEnvironmentRepository - Could not fetch remote for main remote: https://github.com/remymumoh/spring-cloud-config-server-repository
2022-10-17 14:00:55 [http-nio-8888-exec-3] INFO  o.s.c.c.s.e.NativeEnvironmentRepository - Adding property source: Config resource 'file [/tmp/config-repo-7658142880934532896/config-client-kafka_to_elastic.yml]' via location 'file:/tmp/config-repo-7658142880934532896/'
2022-10-17 14:00:55 [http-nio-8888-exec-3] INFO  o.s.c.c.s.e.NativeEnvironmentRepository - Adding property source: Config resource 'file [/tmp/config-repo-7658142880934532896/config-client.yml]' via location 'file:/tmp/config-repo-7658142880934532896/'
2022-10-17 14:12:47 [http-nio-8888-exec-5] INFO  o.s.c.c.s.e.NativeEnvironmentRepository - Adding property source: Config resource 'file [/tmp/config-repo-7658142880934532896/config-client-kafka_to_elastic.yml]' via location 'file:/tmp/config-repo-7658142880934532896/'
2022-10-17 14:12:47 [http-nio-8888-exec-5] INFO  o.s.c.c.s.e.NativeEnvironmentRepository - Adding property source: Config resource 'file [/tmp/config-repo-7658142880934532896/config-client.yml]' via location 'file:/tmp/config-repo-7658142880934532896/'
2022-10-17 14:41:23 [http-nio-8888-exec-7] WARN  o.s.c.c.s.e.MultipleJGitEnvironmentRepository - Could not fetch remote for main remote: https://github.com/remymumoh/spring-cloud-config-server-repository
2022-10-17 14:41:24 [http-nio-8888-exec-7] INFO  o.s.c.c.s.e.NativeEnvironmentRepository - Adding property source: Config resource 'file [/tmp/config-repo-7658142880934532896/config-client-kafka_to_elastic.yml]' via location 'file:/tmp/config-repo-7658142880934532896/'
2022-10-17 14:41:24 [http-nio-8888-exec-7] INFO  o.s.c.c.s.e.NativeEnvironmentRepository - Adding property source: Config resource 'file [/tmp/config-repo-7658142880934532896/config-client.yml]' via location 'file:/tmp/config-repo-7658142880934532896/'
2022-10-17 14:43:51 [http-nio-8888-exec-9] INFO  o.s.c.c.s.e.MultipleJGitEnvironmentRepository - Fetched for remote main and found 1 updates
2022-10-17 14:43:52 [http-nio-8888-exec-9] INFO  o.s.c.c.s.e.NativeEnvironmentRepository - Adding property source: Config resource 'file [/tmp/config-repo-7658142880934532896/config-client-kafka_to_elastic.yml]' via location 'file:/tmp/config-repo-7658142880934532896/'
2022-10-17 14:43:52 [http-nio-8888-exec-9] INFO  o.s.c.c.s.e.NativeEnvironmentRepository - Adding property source: Config resource 'file [/tmp/config-repo-7658142880934532896/config-client.yml]' via location 'file:/tmp/config-repo-7658142880934532896/'
2022-10-17 15:09:30 [background-preinit] INFO  o.h.validator.internal.util.Version - HV000001: Hibernate Validator 6.2.0.Final
2022-10-17 15:09:31 [main] INFO  c.o.config.server.ConfigServer - Starting ConfigServer v0.0.1-SNAPSHOT using Java 11.0.16.1 on 20c1d9875982 with PID 1 (/workspace/BOOT-INF/classes started by cnb in /workspace)
2022-10-17 15:09:31 [main] INFO  c.o.config.server.ConfigServer - No active profile set, falling back to default profiles: default
2022-10-17 15:09:40 [background-preinit] WARN  o.s.h.c.j.Jackson2ObjectMapperBuilder - For Jackson Kotlin classes support please add "com.fasterxml.jackson.module:jackson-module-kotlin" to the classpath
2022-10-17 15:10:00 [main] INFO  o.s.cloud.context.scope.GenericScope - BeanFactory id=75b0befd-6d83-3fef-bca7-fa307f254262
2022-10-17 15:10:06 [main] INFO  o.s.b.w.e.tomcat.TomcatWebServer - Tomcat initialized with port(s): 8888 (http)
2022-10-17 15:10:07 [main] INFO  o.a.coyote.http11.Http11NioProtocol - Initializing ProtocolHandler ["http-nio-8888"]
2022-10-17 15:10:07 [main] INFO  o.a.catalina.core.StandardService - Starting service [Tomcat]
2022-10-17 15:10:07 [main] INFO  o.a.catalina.core.StandardEngine - Starting Servlet engine: [Apache Tomcat/9.0.46]
2022-10-17 15:10:08 [main] INFO  o.a.c.c.C.[Tomcat].[localhost].[/] - Initializing Spring embedded WebApplicationContext
2022-10-17 15:10:08 [main] INFO  o.s.b.w.s.c.ServletWebServerApplicationContext - Root WebApplicationContext: initialization completed in 34379 ms
2022-10-17 15:11:07 [main] INFO  o.s.s.web.DefaultSecurityFilterChain - Will secure Ant [pattern='/actuator/**'] with []
2022-10-17 15:11:07 [main] INFO  o.s.s.web.DefaultSecurityFilterChain - Will secure Ant [pattern='/encrypt/**'] with []
2022-10-17 15:11:07 [main] INFO  o.s.s.web.DefaultSecurityFilterChain - Will secure Ant [pattern='/decrypt/**'] with []
2022-10-17 15:11:08 [main] INFO  o.s.s.web.DefaultSecurityFilterChain - Will secure any request with [org.springframework.security.web.context.request.async.WebAsyncManagerIntegrationFilter@26bce60d, org.springframework.security.web.context.SecurityContextPersistenceFilter@6f9a3325, org.springframework.security.web.header.HeaderWriterFilter@1ab9c735, org.springframework.security.web.csrf.CsrfFilter@73d83141, org.springframework.security.web.authentication.logout.LogoutFilter@4cd8db31, org.springframework.security.web.authentication.UsernamePasswordAuthenticationFilter@12723c5d, org.springframework.security.web.authentication.ui.DefaultLoginPageGeneratingFilter@454e9d65, org.springframework.security.web.authentication.ui.DefaultLogoutPageGeneratingFilter@76eadc5a, org.springframework.security.web.authentication.www.BasicAuthenticationFilter@2ce24a1a, org.springframework.security.web.savedrequest.RequestCacheAwareFilter@65b2ee36, org.springframework.security.web.servletapi.SecurityContextHolderAwareRequestFilter@4be460e5, org.springframework.security.web.authentication.AnonymousAuthenticationFilter@1e9d7366, org.springframework.security.web.session.SessionManagementFilter@464a3430, org.springframework.security.web.access.ExceptionTranslationFilter@31433df9, org.springframework.security.web.access.intercept.FilterSecurityInterceptor@70805849]
2022-10-17 15:11:09 [main] INFO  o.s.b.a.e.web.EndpointLinksResolver - Exposing 1 endpoint(s) beneath base path '/actuator'
2022-10-17 15:11:10 [main] INFO  o.a.coyote.http11.Http11NioProtocol - Starting ProtocolHandler ["http-nio-8888"]
2022-10-17 15:11:10 [main] INFO  o.s.b.w.e.tomcat.TomcatWebServer - Tomcat started on port(s): 8888 (http) with context path ''
2022-10-17 15:11:10 [main] INFO  c.o.config.server.ConfigServer - Started ConfigServer in 125.483 seconds (JVM running for 142.523)
2022-10-17 15:11:12 [main] INFO  o.s.b.a.ApplicationAvailabilityBean - Application availability state LivenessState changed to CORRECT
2022-10-17 15:11:12 [main] INFO  o.s.b.a.ApplicationAvailabilityBean - Application availability state ReadinessState changed to ACCEPTING_TRAFFIC
2022-10-17 15:11:13 [http-nio-8888-exec-2] INFO  o.a.c.c.C.[Tomcat].[localhost].[/] - Initializing Spring DispatcherServlet 'dispatcherServlet'
2022-10-17 15:11:14 [http-nio-8888-exec-2] INFO  o.s.web.servlet.DispatcherServlet - Initializing Servlet 'dispatcherServlet'
2022-10-17 15:11:14 [http-nio-8888-exec-2] INFO  o.s.web.servlet.DispatcherServlet - Completed initialization in 46 ms
2022-10-17 15:11:43 [http-nio-8888-exec-1] INFO  o.s.c.c.s.e.NativeEnvironmentRepository - Adding property source: Config resource 'file [/tmp/config-repo-847289219916918305/config-client-twitter_to_kafka.yml]' via location 'file:/tmp/config-repo-847289219916918305/'
2022-10-17 15:11:43 [http-nio-8888-exec-1] INFO  o.s.c.c.s.e.NativeEnvironmentRepository - Adding property source: Config resource 'file [/tmp/config-repo-847289219916918305/config-client.yml]' via location 'file:/tmp/config-repo-847289219916918305/'
2022-10-17 15:13:13 [http-nio-8888-exec-3] INFO  o.s.c.c.s.e.NativeEnvironmentRepository - Adding property source: Config resource 'file [/tmp/config-repo-847289219916918305/config-client-kafka_to_elastic.yml]' via location 'file:/tmp/config-repo-847289219916918305/'
2022-10-17 15:13:13 [http-nio-8888-exec-3] INFO  o.s.c.c.s.e.NativeEnvironmentRepository - Adding property source: Config resource 'file [/tmp/config-repo-847289219916918305/config-client.yml]' via location 'file:/tmp/config-repo-847289219916918305/'
2022-10-17 15:21:13 [http-nio-8888-exec-8] INFO  o.s.c.c.s.e.NativeEnvironmentRepository - Adding property source: Config resource 'file [/tmp/config-repo-847289219916918305/config-client-kafka_to_elastic.yml]' via location 'file:/tmp/config-repo-847289219916918305/'
2022-10-17 15:21:13 [http-nio-8888-exec-8] INFO  o.s.c.c.s.e.NativeEnvironmentRepository - Adding property source: Config resource 'file [/tmp/config-repo-847289219916918305/config-client.yml]' via location 'file:/tmp/config-repo-847289219916918305/'
2022-10-17 15:34:34 [http-nio-8888-exec-9] INFO  o.s.c.c.s.e.NativeEnvironmentRepository - Adding property source: Config resource 'file [/tmp/config-repo-847289219916918305/config-client-kafka_to_elastic.yml]' via location 'file:/tmp/config-repo-847289219916918305/'
2022-10-17 15:34:34 [http-nio-8888-exec-9] INFO  o.s.c.c.s.e.NativeEnvironmentRepository - Adding property source: Config resource 'file [/tmp/config-repo-847289219916918305/config-client.yml]' via location 'file:/tmp/config-repo-847289219916918305/'
2022-10-17 15:38:31 [http-nio-8888-exec-1] INFO  o.s.c.c.s.e.NativeEnvironmentRepository - Adding property source: Config resource 'file [/tmp/config-repo-847289219916918305/config-client-kafka_to_elastic.yml]' via location 'file:/tmp/config-repo-847289219916918305/'
2022-10-17 15:38:31 [http-nio-8888-exec-1] INFO  o.s.c.c.s.e.NativeEnvironmentRepository - Adding property source: Config resource 'file [/tmp/config-repo-847289219916918305/config-client.yml]' via location 'file:/tmp/config-repo-847289219916918305/'
2022-10-17 15:40:07 [http-nio-8888-exec-3] INFO  o.s.c.c.s.e.NativeEnvironmentRepository - Adding property source: Config resource 'file [/tmp/config-repo-847289219916918305/config-client-kafka_to_elastic.yml]' via location 'file:/tmp/config-repo-847289219916918305/'
2022-10-17 15:40:07 [http-nio-8888-exec-3] INFO  o.s.c.c.s.e.NativeEnvironmentRepository - Adding property source: Config resource 'file [/tmp/config-repo-847289219916918305/config-client.yml]' via location 'file:/tmp/config-repo-847289219916918305/'
2022-10-17 15:40:55 [http-nio-8888-exec-6] INFO  o.s.c.c.s.e.NativeEnvironmentRepository - Adding property source: Config resource 'file [/tmp/config-repo-847289219916918305/config-client-kafka_to_elastic.yml]' via location 'file:/tmp/config-repo-847289219916918305/'
2022-10-17 15:40:55 [http-nio-8888-exec-6] INFO  o.s.c.c.s.e.NativeEnvironmentRepository - Adding property source: Config resource 'file [/tmp/config-repo-847289219916918305/config-client.yml]' via location 'file:/tmp/config-repo-847289219916918305/'
2022-10-17 15:45:49 [http-nio-8888-exec-8] INFO  o.s.c.c.s.e.NativeEnvironmentRepository - Adding property source: Config resource 'file [/tmp/config-repo-847289219916918305/config-client-kafka_to_elastic.yml]' via location 'file:/tmp/config-repo-847289219916918305/'
2022-10-17 15:45:49 [http-nio-8888-exec-8] INFO  o.s.c.c.s.e.NativeEnvironmentRepository - Adding property source: Config resource 'file [/tmp/config-repo-847289219916918305/config-client.yml]' via location 'file:/tmp/config-repo-847289219916918305/'
2022-10-17 15:49:28 [http-nio-8888-exec-9] INFO  o.s.c.c.s.e.MultipleJGitEnvironmentRepository - Fetched for remote main and found 1 updates
2022-10-17 15:49:28 [http-nio-8888-exec-9] INFO  o.s.c.c.s.e.NativeEnvironmentRepository - Adding property source: Config resource 'file [/tmp/config-repo-847289219916918305/config-client-kafka_to_elastic.yml]' via location 'file:/tmp/config-repo-847289219916918305/'
2022-10-17 15:49:28 [http-nio-8888-exec-9] INFO  o.s.c.c.s.e.NativeEnvironmentRepository - Adding property source: Config resource 'file [/tmp/config-repo-847289219916918305/config-client.yml]' via location 'file:/tmp/config-repo-847289219916918305/'
2022-10-17 15:53:25 [http-nio-8888-exec-1] INFO  o.s.c.c.s.e.NativeEnvironmentRepository - Adding property source: Config resource 'file [/tmp/config-repo-847289219916918305/config-client-kafka_to_elastic.yml]' via location 'file:/tmp/config-repo-847289219916918305/'
2022-10-17 15:53:25 [http-nio-8888-exec-1] INFO  o.s.c.c.s.e.NativeEnvironmentRepository - Adding property source: Config resource 'file [/tmp/config-repo-847289219916918305/config-client.yml]' via location 'file:/tmp/config-repo-847289219916918305/'
2022-10-17 15:54:54 [http-nio-8888-exec-3] INFO  o.s.c.c.s.e.NativeEnvironmentRepository - Adding property source: Config resource 'file [/tmp/config-repo-847289219916918305/config-client-kafka_to_elastic.yml]' via location 'file:/tmp/config-repo-847289219916918305/'
2022-10-17 15:54:54 [http-nio-8888-exec-3] INFO  o.s.c.c.s.e.NativeEnvironmentRepository - Adding property source: Config resource 'file [/tmp/config-repo-847289219916918305/config-client.yml]' via location 'file:/tmp/config-repo-847289219916918305/'
2022-10-17 15:55:32 [http-nio-8888-exec-6] INFO  o.s.c.c.s.e.NativeEnvironmentRepository - Adding property source: Config resource 'file [/tmp/config-repo-847289219916918305/config-client-kafka_to_elastic.yml]' via location 'file:/tmp/config-repo-847289219916918305/'
2022-10-17 15:55:32 [http-nio-8888-exec-6] INFO  o.s.c.c.s.e.NativeEnvironmentRepository - Adding property source: Config resource 'file [/tmp/config-repo-847289219916918305/config-client.yml]' via location 'file:/tmp/config-repo-847289219916918305/'
2022-10-17 15:58:49 [http-nio-8888-exec-8] INFO  o.s.c.c.s.e.NativeEnvironmentRepository - Adding property source: Config resource 'file [/tmp/config-repo-847289219916918305/config-client-kafka_to_elastic.yml]' via location 'file:/tmp/config-repo-847289219916918305/'
2022-10-17 15:58:49 [http-nio-8888-exec-8] INFO  o.s.c.c.s.e.NativeEnvironmentRepository - Adding property source: Config resource 'file [/tmp/config-repo-847289219916918305/config-client.yml]' via location 'file:/tmp/config-repo-847289219916918305/'
2022-10-17 16:03:24 [background-preinit] INFO  o.h.validator.internal.util.Version - HV000001: Hibernate Validator 6.2.0.Final
2022-10-17 16:03:25 [main] INFO  c.o.config.server.ConfigServer - Starting ConfigServer v0.0.1-SNAPSHOT using Java 11.0.16.1 on 66e324b29cd5 with PID 1 (/workspace/BOOT-INF/classes started by cnb in /workspace)
2022-10-17 16:03:25 [main] INFO  c.o.config.server.ConfigServer - No active profile set, falling back to default profiles: default
2022-10-17 16:03:36 [background-preinit] WARN  o.s.h.c.j.Jackson2ObjectMapperBuilder - For Jackson Kotlin classes support please add "com.fasterxml.jackson.module:jackson-module-kotlin" to the classpath
2022-10-17 16:03:55 [main] INFO  o.s.cloud.context.scope.GenericScope - BeanFactory id=75b0befd-6d83-3fef-bca7-fa307f254262
2022-10-17 16:04:03 [main] INFO  o.s.b.w.e.tomcat.TomcatWebServer - Tomcat initialized with port(s): 8888 (http)
2022-10-17 16:04:04 [main] INFO  o.a.coyote.http11.Http11NioProtocol - Initializing ProtocolHandler ["http-nio-8888"]
2022-10-17 16:04:04 [main] INFO  o.a.catalina.core.StandardService - Starting service [Tomcat]
2022-10-17 16:04:04 [main] INFO  o.a.catalina.core.StandardEngine - Starting Servlet engine: [Apache Tomcat/9.0.46]
2022-10-17 16:04:05 [main] INFO  o.a.c.c.C.[Tomcat].[localhost].[/] - Initializing Spring embedded WebApplicationContext
2022-10-17 16:04:05 [main] INFO  o.s.b.w.s.c.ServletWebServerApplicationContext - Root WebApplicationContext: initialization completed in 38639 ms
2022-10-17 16:05:07 [main] INFO  o.s.s.web.DefaultSecurityFilterChain - Will secure Ant [pattern='/actuator/**'] with []
2022-10-17 16:05:07 [main] INFO  o.s.s.web.DefaultSecurityFilterChain - Will secure Ant [pattern='/encrypt/**'] with []
2022-10-17 16:05:07 [main] INFO  o.s.s.web.DefaultSecurityFilterChain - Will secure Ant [pattern='/decrypt/**'] with []
2022-10-17 16:05:08 [main] INFO  o.s.s.web.DefaultSecurityFilterChain - Will secure any request with [org.springframework.security.web.context.request.async.WebAsyncManagerIntegrationFilter@34070bd2, org.springframework.security.web.context.SecurityContextPersistenceFilter@63d3c9dc, org.springframework.security.web.header.HeaderWriterFilter@65b2ee36, org.springframework.security.web.csrf.CsrfFilter@67a38, org.springframework.security.web.authentication.logout.LogoutFilter@735988cf, org.springframework.security.web.authentication.UsernamePasswordAuthenticationFilter@76cf91c9, org.springframework.security.web.authentication.ui.DefaultLoginPageGeneratingFilter@37e491e2, org.springframework.security.web.authentication.ui.DefaultLogoutPageGeneratingFilter@1e7d3d87, org.springframework.security.web.authentication.www.BasicAuthenticationFilter@417446d9, org.springframework.security.web.savedrequest.RequestCacheAwareFilter@35d114f4, org.springframework.security.web.servletapi.SecurityContextHolderAwareRequestFilter@63f3366a, org.springframework.security.web.authentication.AnonymousAuthenticationFilter@1dd76982, org.springframework.security.web.session.SessionManagementFilter@16d4024e, org.springframework.security.web.access.ExceptionTranslationFilter@6f9a3325, org.springframework.security.web.access.intercept.FilterSecurityInterceptor@56a09a5c]
2022-10-17 16:05:12 [main] INFO  o.s.b.a.e.web.EndpointLinksResolver - Exposing 1 endpoint(s) beneath base path '/actuator'
2022-10-17 16:05:13 [main] INFO  o.a.coyote.http11.Http11NioProtocol - Starting ProtocolHandler ["http-nio-8888"]
2022-10-17 16:05:13 [main] INFO  o.s.b.w.e.tomcat.TomcatWebServer - Tomcat started on port(s): 8888 (http) with context path ''
2022-10-17 16:05:14 [main] INFO  c.o.config.server.ConfigServer - Started ConfigServer in 133.446 seconds (JVM running for 151.041)
2022-10-17 16:05:16 [http-nio-8888-exec-2] INFO  o.a.c.c.C.[Tomcat].[localhost].[/] - Initializing Spring DispatcherServlet 'dispatcherServlet'
2022-10-17 16:05:17 [http-nio-8888-exec-2] INFO  o.s.web.servlet.DispatcherServlet - Initializing Servlet 'dispatcherServlet'
2022-10-17 16:05:17 [http-nio-8888-exec-2] INFO  o.s.web.servlet.DispatcherServlet - Completed initialization in 101 ms
2022-10-17 16:05:17 [main] INFO  o.s.b.a.ApplicationAvailabilityBean - Application availability state LivenessState changed to CORRECT
2022-10-17 16:05:18 [main] INFO  o.s.b.a.ApplicationAvailabilityBean - Application availability state ReadinessState changed to ACCEPTING_TRAFFIC
2022-10-17 16:05:18 [http-nio-8888-exec-1] WARN  o.a.c.util.SessionIdGeneratorBase - Creation of SecureRandom instance for session ID generation using [SHA1PRNG] took [140] milliseconds.
2022-10-17 16:05:30 [http-nio-8888-exec-4] INFO  o.s.c.c.s.e.NativeEnvironmentRepository - Adding property source: Config resource 'file [/tmp/config-repo-4271989371320363914/config-client-twitter_to_kafka.yml]' via location 'file:/tmp/config-repo-4271989371320363914/'
2022-10-17 16:05:30 [http-nio-8888-exec-4] INFO  o.s.c.c.s.e.NativeEnvironmentRepository - Adding property source: Config resource 'file [/tmp/config-repo-4271989371320363914/config-client.yml]' via location 'file:/tmp/config-repo-4271989371320363914/'
2022-10-17 16:05:54 [http-nio-8888-exec-5] INFO  o.s.c.c.s.e.NativeEnvironmentRepository - Adding property source: Config resource 'file [/tmp/config-repo-4271989371320363914/config-client-twitter_to_kafka.yml]' via location 'file:/tmp/config-repo-4271989371320363914/'
2022-10-17 16:05:54 [http-nio-8888-exec-5] INFO  o.s.c.c.s.e.NativeEnvironmentRepository - Adding property source: Config resource 'file [/tmp/config-repo-4271989371320363914/config-client.yml]' via location 'file:/tmp/config-repo-4271989371320363914/'
2022-10-17 16:08:17 [background-preinit] INFO  o.h.validator.internal.util.Version - HV000001: Hibernate Validator 6.2.0.Final
2022-10-17 16:08:19 [main] INFO  c.o.config.server.ConfigServer - Starting ConfigServer v0.0.1-SNAPSHOT using Java 11.0.16.1 on 66e324b29cd5 with PID 1 (/workspace/BOOT-INF/classes started by cnb in /workspace)
2022-10-17 16:08:19 [main] INFO  c.o.config.server.ConfigServer - No active profile set, falling back to default profiles: default
2022-10-17 16:08:28 [background-preinit] WARN  o.s.h.c.j.Jackson2ObjectMapperBuilder - For Jackson Kotlin classes support please add "com.fasterxml.jackson.module:jackson-module-kotlin" to the classpath
2022-10-17 16:08:47 [main] INFO  o.s.cloud.context.scope.GenericScope - BeanFactory id=75b0befd-6d83-3fef-bca7-fa307f254262
2022-10-17 16:08:55 [main] INFO  o.s.b.w.e.tomcat.TomcatWebServer - Tomcat initialized with port(s): 8888 (http)
2022-10-17 16:08:55 [main] INFO  o.a.coyote.http11.Http11NioProtocol - Initializing ProtocolHandler ["http-nio-8888"]
2022-10-17 16:08:55 [main] INFO  o.a.catalina.core.StandardService - Starting service [Tomcat]
2022-10-17 16:08:55 [main] INFO  o.a.catalina.core.StandardEngine - Starting Servlet engine: [Apache Tomcat/9.0.46]
2022-10-17 16:08:57 [main] INFO  o.a.c.c.C.[Tomcat].[localhost].[/] - Initializing Spring embedded WebApplicationContext
2022-10-17 16:08:57 [main] INFO  o.s.b.w.s.c.ServletWebServerApplicationContext - Root WebApplicationContext: initialization completed in 36233 ms
2022-10-17 16:10:03 [main] INFO  o.s.s.web.DefaultSecurityFilterChain - Will secure Ant [pattern='/actuator/**'] with []
2022-10-17 16:10:03 [main] INFO  o.s.s.web.DefaultSecurityFilterChain - Will secure Ant [pattern='/encrypt/**'] with []
2022-10-17 16:10:03 [main] INFO  o.s.s.web.DefaultSecurityFilterChain - Will secure Ant [pattern='/decrypt/**'] with []
2022-10-17 16:10:04 [main] INFO  o.s.s.web.DefaultSecurityFilterChain - Will secure any request with [org.springframework.security.web.context.request.async.WebAsyncManagerIntegrationFilter@23f8036d, org.springframework.security.web.context.SecurityContextPersistenceFilter@7805478c, org.springframework.security.web.header.HeaderWriterFilter@35d114f4, org.springframework.security.web.csrf.CsrfFilter@321c2a7, org.springframework.security.web.authentication.logout.LogoutFilter@13662609, org.springframework.security.web.authentication.UsernamePasswordAuthenticationFilter@76eadc5a, org.springframework.security.web.authentication.ui.DefaultLoginPageGeneratingFilter@41ec4271, org.springframework.security.web.authentication.ui.DefaultLogoutPageGeneratingFilter@68f69ca3, org.springframework.security.web.authentication.www.BasicAuthenticationFilter@5c5f12e, org.springframework.security.web.savedrequest.RequestCacheAwareFilter@c2e33, org.springframework.security.web.servletapi.SecurityContextHolderAwareRequestFilter@5bad555b, org.springframework.security.web.authentication.AnonymousAuthenticationFilter@1e3566e, org.springframework.security.web.session.SessionManagementFilter@4be460e5, org.springframework.security.web.access.ExceptionTranslationFilter@63d3c9dc, org.springframework.security.web.access.intercept.FilterSecurityInterceptor@74bfdd66]
2022-10-17 16:10:05 [main] INFO  o.s.b.a.e.web.EndpointLinksResolver - Exposing 1 endpoint(s) beneath base path '/actuator'
2022-10-17 16:10:07 [main] INFO  o.a.coyote.http11.Http11NioProtocol - Starting ProtocolHandler ["http-nio-8888"]
2022-10-17 16:10:07 [main] INFO  o.s.b.w.e.tomcat.TomcatWebServer - Tomcat started on port(s): 8888 (http) with context path ''
2022-10-17 16:10:07 [main] INFO  c.o.config.server.ConfigServer - Started ConfigServer in 134.188 seconds (JVM running for 150.154)
2022-10-17 16:10:08 [main] INFO  o.s.b.a.ApplicationAvailabilityBean - Application availability state LivenessState changed to CORRECT
2022-10-17 16:10:08 [main] INFO  o.s.b.a.ApplicationAvailabilityBean - Application availability state ReadinessState changed to ACCEPTING_TRAFFIC
2022-10-17 16:10:09 [http-nio-8888-exec-1] INFO  o.a.c.c.C.[Tomcat].[localhost].[/] - Initializing Spring DispatcherServlet 'dispatcherServlet'
2022-10-17 16:10:09 [http-nio-8888-exec-1] INFO  o.s.web.servlet.DispatcherServlet - Initializing Servlet 'dispatcherServlet'
2022-10-17 16:10:09 [http-nio-8888-exec-1] INFO  o.s.web.servlet.DispatcherServlet - Completed initialization in 35 ms
2022-10-17 16:10:32 [http-nio-8888-exec-2] INFO  o.s.c.c.s.e.NativeEnvironmentRepository - Adding property source: Config resource 'file [/tmp/config-repo-11812268378237442518/config-client-twitter_to_kafka.yml]' via location 'file:/tmp/config-repo-11812268378237442518/'
2022-10-17 16:10:32 [http-nio-8888-exec-2] INFO  o.s.c.c.s.e.NativeEnvironmentRepository - Adding property source: Config resource 'file [/tmp/config-repo-11812268378237442518/config-client.yml]' via location 'file:/tmp/config-repo-11812268378237442518/'
2022-10-17 16:11:56 [http-nio-8888-exec-4] INFO  o.s.c.c.s.e.NativeEnvironmentRepository - Adding property source: Config resource 'file [/tmp/config-repo-11812268378237442518/config-client-kafka_to_elastic.yml]' via location 'file:/tmp/config-repo-11812268378237442518/'
2022-10-17 16:11:56 [http-nio-8888-exec-4] INFO  o.s.c.c.s.e.NativeEnvironmentRepository - Adding property source: Config resource 'file [/tmp/config-repo-11812268378237442518/config-client.yml]' via location 'file:/tmp/config-repo-11812268378237442518/'
2022-10-17 16:16:25 [http-nio-8888-exec-7] INFO  o.s.c.c.s.e.NativeEnvironmentRepository - Adding property source: Config resource 'file [/tmp/config-repo-11812268378237442518/config-client-kafka_to_elastic.yml]' via location 'file:/tmp/config-repo-11812268378237442518/'
2022-10-17 16:16:25 [http-nio-8888-exec-7] INFO  o.s.c.c.s.e.NativeEnvironmentRepository - Adding property source: Config resource 'file [/tmp/config-repo-11812268378237442518/config-client.yml]' via location 'file:/tmp/config-repo-11812268378237442518/'
2022-10-17 16:56:37 [http-nio-8888-exec-8] INFO  o.s.c.c.s.e.NativeEnvironmentRepository - Adding property source: Config resource 'file [/tmp/config-repo-11812268378237442518/config-client-kafka_to_elastic.yml]' via location 'file:/tmp/config-repo-11812268378237442518/'
2022-10-17 16:56:37 [http-nio-8888-exec-8] INFO  o.s.c.c.s.e.NativeEnvironmentRepository - Adding property source: Config resource 'file [/tmp/config-repo-11812268378237442518/config-client.yml]' via location 'file:/tmp/config-repo-11812268378237442518/'
2022-10-17 17:11:35 [http-nio-8888-exec-10] INFO  o.s.c.c.s.e.NativeEnvironmentRepository - Adding property source: Config resource 'file [/tmp/config-repo-11812268378237442518/config-client-kafka_to_elastic.yml]' via location 'file:/tmp/config-repo-11812268378237442518/'
2022-10-17 17:11:35 [http-nio-8888-exec-10] INFO  o.s.c.c.s.e.NativeEnvironmentRepository - Adding property source: Config resource 'file [/tmp/config-repo-11812268378237442518/config-client.yml]' via location 'file:/tmp/config-repo-11812268378237442518/'
2022-10-17 17:29:48 [background-preinit] INFO  o.h.validator.internal.util.Version - HV000001: Hibernate Validator 6.2.0.Final
2022-10-17 17:29:49 [main] INFO  c.o.config.server.ConfigServer - Starting ConfigServer v0.0.1-SNAPSHOT using Java 11.0.16.1 on 12f389b53ada with PID 1 (/workspace/BOOT-INF/classes started by cnb in /workspace)
2022-10-17 17:29:49 [main] INFO  c.o.config.server.ConfigServer - No active profile set, falling back to default profiles: default
2022-10-17 17:30:00 [background-preinit] WARN  o.s.h.c.j.Jackson2ObjectMapperBuilder - For Jackson Kotlin classes support please add "com.fasterxml.jackson.module:jackson-module-kotlin" to the classpath
2022-10-17 17:30:19 [main] INFO  o.s.cloud.context.scope.GenericScope - BeanFactory id=75b0befd-6d83-3fef-bca7-fa307f254262
2022-10-17 17:30:28 [main] INFO  o.s.b.w.e.tomcat.TomcatWebServer - Tomcat initialized with port(s): 8888 (http)
2022-10-17 17:30:28 [main] INFO  o.a.coyote.http11.Http11NioProtocol - Initializing ProtocolHandler ["http-nio-8888"]
2022-10-17 17:30:28 [main] INFO  o.a.catalina.core.StandardService - Starting service [Tomcat]
2022-10-17 17:30:28 [main] INFO  o.a.catalina.core.StandardEngine - Starting Servlet engine: [Apache Tomcat/9.0.46]
2022-10-17 17:30:30 [main] INFO  o.a.c.c.C.[Tomcat].[localhost].[/] - Initializing Spring embedded WebApplicationContext
2022-10-17 17:30:30 [main] INFO  o.s.b.w.s.c.ServletWebServerApplicationContext - Root WebApplicationContext: initialization completed in 39198 ms
2022-10-17 17:31:27 [main] WARN  o.s.c.c.s.e.MultipleJGitEnvironmentRepository - Error occured cloning to base directory.
org.eclipse.jgit.api.errors.TransportException: https://github.com/remymumoh/spring-cloud-config-server-repository: cannot open git-upload-pack
	at org.eclipse.jgit.api.FetchCommand.call(FetchCommand.java:254)
	at org.eclipse.jgit.api.CloneCommand.fetch(CloneCommand.java:306)
	at org.eclipse.jgit.api.CloneCommand.call(CloneCommand.java:200)
	at org.springframework.cloud.config.server.environment.JGitEnvironmentRepository.cloneToBasedir(JGitEnvironmentRepository.java:613)
	at org.springframework.cloud.config.server.environment.JGitEnvironmentRepository.initClonedRepository(JGitEnvironmentRepository.java:335)
	at org.springframework.cloud.config.server.environment.JGitEnvironmentRepository.afterPropertiesSet(JGitEnvironmentRepository.java:254)
	at org.springframework.cloud.config.server.environment.MultipleJGitEnvironmentRepository.afterPropertiesSet(MultipleJGitEnvironmentRepository.java:66)
	at org.springframework.beans.factory.support.AbstractAutowireCapableBeanFactory.invokeInitMethods(AbstractAutowireCapableBeanFactory.java:1845)
	at org.springframework.beans.factory.support.AbstractAutowireCapableBeanFactory.initializeBean(AbstractAutowireCapableBeanFactory.java:1782)
	at org.springframework.beans.factory.support.AbstractAutowireCapableBeanFactory.doCreateBean(AbstractAutowireCapableBeanFactory.java:602)
	at org.springframework.beans.factory.support.AbstractAutowireCapableBeanFactory.createBean(AbstractAutowireCapableBeanFactory.java:524)
	at org.springframework.beans.factory.support.AbstractBeanFactory.lambda$doGetBean$0(AbstractBeanFactory.java:335)
	at org.springframework.beans.factory.support.DefaultSingletonBeanRegistry.getSingleton(DefaultSingletonBeanRegistry.java:234)
	at org.springframework.beans.factory.support.AbstractBeanFactory.doGetBean(AbstractBeanFactory.java:333)
	at org.springframework.beans.factory.support.AbstractBeanFactory.getBean(AbstractBeanFactory.java:208)
	at org.springframework.beans.factory.config.DependencyDescriptor.resolveCandidate(DependencyDescriptor.java:276)
	at org.springframework.beans.factory.support.DefaultListableBeanFactory.addCandidateEntry(DefaultListableBeanFactory.java:1598)
	at org.springframework.beans.factory.support.DefaultListableBeanFactory.findAutowireCandidates(DefaultListableBeanFactory.java:1562)
	at org.springframework.beans.factory.support.DefaultListableBeanFactory.resolveMultipleBeans(DefaultListableBeanFactory.java:1451)
	at org.springframework.beans.factory.support.DefaultListableBeanFactory.doResolveDependency(DefaultListableBeanFactory.java:1338)
	at org.springframework.beans.factory.support.DefaultListableBeanFactory.resolveDependency(DefaultListableBeanFactory.java:1300)
	at org.springframework.beans.factory.annotation.AutowiredAnnotationBeanPostProcessor$AutowiredMethodElement.resolveMethodArguments(AutowiredAnnotationBeanPostProcessor.java:760)
	at org.springframework.beans.factory.annotation.AutowiredAnnotationBeanPostProcessor$AutowiredMethodElement.inject(AutowiredAnnotationBeanPostProcessor.java:720)
	at org.springframework.beans.factory.annotation.InjectionMetadata.inject(InjectionMetadata.java:119)
	at org.springframework.beans.factory.annotation.AutowiredAnnotationBeanPostProcessor.postProcessProperties(AutowiredAnnotationBeanPostProcessor.java:399)
	at org.springframework.beans.factory.support.AbstractAutowireCapableBeanFactory.populateBean(AbstractAutowireCapableBeanFactory.java:1413)
	at org.springframework.beans.factory.support.AbstractAutowireCapableBeanFactory.doCreateBean(AbstractAutowireCapableBeanFactory.java:601)
	at org.springframework.beans.factory.support.AbstractAutowireCapableBeanFactory.createBean(AbstractAutowireCapableBeanFactory.java:524)
	at org.springframework.beans.factory.support.AbstractBeanFactory.lambda$doGetBean$0(AbstractBeanFactory.java:335)
	at org.springframework.beans.factory.support.DefaultSingletonBeanRegistry.getSingleton(DefaultSingletonBeanRegistry.java:234)
	at org.springframework.beans.factory.support.AbstractBeanFactory.doGetBean(AbstractBeanFactory.java:333)
	at org.springframework.beans.factory.support.AbstractBeanFactory.getBean(AbstractBeanFactory.java:208)
	at org.springframework.beans.factory.support.ConstructorResolver.instantiateUsingFactoryMethod(ConstructorResolver.java:410)
	at org.springframework.beans.factory.support.AbstractAutowireCapableBeanFactory.instantiateUsingFactoryMethod(AbstractAutowireCapableBeanFactory.java:1334)
	at org.springframework.beans.factory.support.AbstractAutowireCapableBeanFactory.createBeanInstance(AbstractAutowireCapableBeanFactory.java:1177)
	at org.springframework.beans.factory.support.AbstractAutowireCapableBeanFactory.doCreateBean(AbstractAutowireCapableBeanFactory.java:564)
	at org.springframework.beans.factory.support.AbstractAutowireCapableBeanFactory.createBean(AbstractAutowireCapableBeanFactory.java:524)
	at org.springframework.beans.factory.support.AbstractBeanFactory.lambda$doGetBean$0(AbstractBeanFactory.java:335)
	at org.springframework.beans.factory.support.DefaultSingletonBeanRegistry.getSingleton(DefaultSingletonBeanRegistry.java:234)
	at org.springframework.beans.factory.support.AbstractBeanFactory.doGetBean(AbstractBeanFactory.java:333)
	at org.springframework.beans.factory.support.AbstractBeanFactory.getBean(AbstractBeanFactory.java:208)
	at org.springframework.beans.factory.config.DependencyDescriptor.resolveCandidate(DependencyDescriptor.java:276)
	at org.springframework.beans.factory.support.DefaultListableBeanFactory.doResolveDependency(DefaultListableBeanFactory.java:1380)
	at org.springframework.beans.factory.support.DefaultListableBeanFactory.resolveDependency(DefaultListableBeanFactory.java:1300)
	at org.springframework.beans.factory.support.ConstructorResolver.resolveAutowiredArgument(ConstructorResolver.java:887)
	at org.springframework.beans.factory.support.ConstructorResolver.createArgumentArray(ConstructorResolver.java:791)
	at org.springframework.beans.factory.support.ConstructorResolver.instantiateUsingFactoryMethod(ConstructorResolver.java:541)
	at org.springframework.beans.factory.support.AbstractAutowireCapableBeanFactory.instantiateUsingFactoryMethod(AbstractAutowireCapableBeanFactory.java:1334)
	at org.springframework.beans.factory.support.AbstractAutowireCapableBeanFactory.createBeanInstance(AbstractAutowireCapableBeanFactory.java:1177)
	at org.springframework.beans.factory.support.AbstractAutowireCapableBeanFactory.doCreateBean(AbstractAutowireCapableBeanFactory.java:564)
	at org.springframework.beans.factory.support.AbstractAutowireCapableBeanFactory.createBean(AbstractAutowireCapableBeanFactory.java:524)
	at org.springframework.beans.factory.support.AbstractBeanFactory.lambda$doGetBean$0(AbstractBeanFactory.java:335)
	at org.springframework.beans.factory.support.DefaultSingletonBeanRegistry.getSingleton(DefaultSingletonBeanRegistry.java:234)
	at org.springframework.beans.factory.support.AbstractBeanFactory.doGetBean(AbstractBeanFactory.java:333)
	at org.springframework.beans.factory.support.AbstractBeanFactory.getBean(AbstractBeanFactory.java:208)
	at org.springframework.beans.factory.support.DefaultListableBeanFactory.getBeansOfType(DefaultListableBeanFactory.java:671)
	at org.springframework.beans.factory.support.DefaultListableBeanFactory.getBeansOfType(DefaultListableBeanFactory.java:659)
	at org.springframework.context.support.AbstractApplicationContext.getBeansOfType(AbstractApplicationContext.java:1300)
	at org.springframework.boot.actuate.autoconfigure.health.HealthEndpointConfiguration.healthContributorRegistry(HealthEndpointConfiguration.java:82)
	at java.base/jdk.internal.reflect.NativeMethodAccessorImpl.invoke0(Native Method)
	at java.base/jdk.internal.reflect.NativeMethodAccessorImpl.invoke(Unknown Source)
	at java.base/jdk.internal.reflect.DelegatingMethodAccessorImpl.invoke(Unknown Source)
	at java.base/java.lang.reflect.Method.invoke(Unknown Source)
	at org.springframework.beans.factory.support.SimpleInstantiationStrategy.instantiate(SimpleInstantiationStrategy.java:154)
	at org.springframework.beans.factory.support.ConstructorResolver.instantiate(ConstructorResolver.java:653)
	at org.springframework.beans.factory.support.ConstructorResolver.instantiateUsingFactoryMethod(ConstructorResolver.java:638)
	at org.springframework.beans.factory.support.AbstractAutowireCapableBeanFactory.instantiateUsingFactoryMethod(AbstractAutowireCapableBeanFactory.java:1334)
	at org.springframework.beans.factory.support.AbstractAutowireCapableBeanFactory.createBeanInstance(AbstractAutowireCapableBeanFactory.java:1177)
	at org.springframework.beans.factory.support.AbstractAutowireCapableBeanFactory.doCreateBean(AbstractAutowireCapableBeanFactory.java:564)
	at org.springframework.beans.factory.support.AbstractAutowireCapableBeanFactory.createBean(AbstractAutowireCapableBeanFactory.java:524)
	at org.springframework.beans.factory.support.AbstractBeanFactory.lambda$doGetBean$0(AbstractBeanFactory.java:335)
	at org.springframework.beans.factory.support.DefaultSingletonBeanRegistry.getSingleton(DefaultSingletonBeanRegistry.java:234)
	at org.springframework.beans.factory.support.AbstractBeanFactory.doGetBean(AbstractBeanFactory.java:333)
	at org.springframework.beans.factory.support.AbstractBeanFactory.getBean(AbstractBeanFactory.java:208)
	at org.springframework.beans.factory.support.DefaultListableBeanFactory.preInstantiateSingletons(DefaultListableBeanFactory.java:944)
	at org.springframework.context.support.AbstractApplicationContext.finishBeanFactoryInitialization(AbstractApplicationContext.java:918)
	at org.springframework.context.support.AbstractApplicationContext.refresh(AbstractApplicationContext.java:583)
	at org.springframework.boot.web.servlet.context.ServletWebServerApplicationContext.refresh(ServletWebServerApplicationContext.java:145)
	at org.springframework.boot.SpringApplication.refresh(SpringApplication.java:758)
	at org.springframework.boot.SpringApplication.refreshContext(SpringApplication.java:438)
	at org.springframework.boot.SpringApplication.run(SpringApplication.java:337)
	at org.springframework.boot.SpringApplication.run(SpringApplication.java:1336)
	at org.springframework.boot.SpringApplication.run(SpringApplication.java:1325)
	at com.ornaccodes.config.server.ConfigServer.main(ConfigServer.java:11)
	at java.base/jdk.internal.reflect.NativeMethodAccessorImpl.invoke0(Native Method)
	at java.base/jdk.internal.reflect.NativeMethodAccessorImpl.invoke(Unknown Source)
	at java.base/jdk.internal.reflect.DelegatingMethodAccessorImpl.invoke(Unknown Source)
	at java.base/java.lang.reflect.Method.invoke(Unknown Source)
	at org.springframework.boot.loader.MainMethodRunner.run(MainMethodRunner.java:49)
	at org.springframework.boot.loader.Launcher.launch(Launcher.java:108)
	at org.springframework.boot.loader.Launcher.launch(Launcher.java:58)
	at org.springframework.boot.loader.JarLauncher.main(JarLauncher.java:88)
Caused by: org.eclipse.jgit.errors.TransportException: https://github.com/remymumoh/spring-cloud-config-server-repository: cannot open git-upload-pack
	at org.eclipse.jgit.transport.TransportHttp.connect(TransportHttp.java:600)
	at org.eclipse.jgit.transport.TransportHttp.openFetch(TransportHttp.java:362)
	at org.eclipse.jgit.transport.FetchProcess.executeImp(FetchProcess.java:137)
	at org.eclipse.jgit.transport.FetchProcess.execute(FetchProcess.java:123)
	at org.eclipse.jgit.transport.Transport.fetch(Transport.java:1271)
	at org.eclipse.jgit.api.FetchCommand.call(FetchCommand.java:243)
	... 91 common frames omitted
Caused by: org.apache.http.conn.ConnectTimeoutException: Connect to github.com:443 [github.com/140.82.121.4] failed: connect timed out
	at org.apache.http.impl.conn.DefaultHttpClientConnectionOperator.connect(DefaultHttpClientConnectionOperator.java:151)
	at org.apache.http.impl.conn.PoolingHttpClientConnectionManager.connect(PoolingHttpClientConnectionManager.java:376)
	at org.apache.http.impl.execchain.MainClientExec.establishRoute(MainClientExec.java:393)
	at org.apache.http.impl.execchain.MainClientExec.execute(MainClientExec.java:236)
	at org.apache.http.impl.execchain.ProtocolExec.execute(ProtocolExec.java:186)
	at org.apache.http.impl.execchain.RetryExec.execute(RetryExec.java:89)
	at org.apache.http.impl.execchain.RedirectExec.execute(RedirectExec.java:110)
	at org.apache.http.impl.client.InternalHttpClient.doExecute(InternalHttpClient.java:185)
	at org.apache.http.impl.client.CloseableHttpClient.execute(CloseableHttpClient.java:83)
	at org.apache.http.impl.client.CloseableHttpClient.execute(CloseableHttpClient.java:108)
	at org.apache.http.impl.client.CloseableHttpClient.execute(CloseableHttpClient.java:56)
	at org.eclipse.jgit.transport.http.apache.HttpClientConnection.execute(HttpClientConnection.java:254)
	at org.eclipse.jgit.transport.http.apache.HttpClientConnection.getResponseCode(HttpClientConnection.java:231)
	at org.eclipse.jgit.util.HttpSupport.response(HttpSupport.java:207)
	at org.eclipse.jgit.transport.TransportHttp.connect(TransportHttp.java:514)
	... 96 common frames omitted
Caused by: java.net.SocketTimeoutException: connect timed out
	at java.base/java.net.PlainSocketImpl.socketConnect(Native Method)
	at java.base/java.net.AbstractPlainSocketImpl.doConnect(Unknown Source)
	at java.base/java.net.AbstractPlainSocketImpl.connectToAddress(Unknown Source)
	at java.base/java.net.AbstractPlainSocketImpl.connect(Unknown Source)
	at java.base/java.net.SocksSocketImpl.connect(Unknown Source)
	at java.base/java.net.Socket.connect(Unknown Source)
	at org.apache.http.conn.ssl.SSLConnectionSocketFactory.connectSocket(SSLConnectionSocketFactory.java:368)
	at org.apache.http.impl.conn.DefaultHttpClientConnectionOperator.connect(DefaultHttpClientConnectionOperator.java:142)
	... 110 common frames omitted
2022-10-17 17:31:27 [main] WARN  o.s.b.w.s.c.AnnotationConfigServletWebServerApplicationContext - Exception encountered during context initialization - cancelling refresh attempt: org.springframework.beans.factory.BeanCreationException: Error creating bean with name 'healthContributorRegistry' defined in class path resource [org/springframework/boot/actuate/autoconfigure/health/HealthEndpointConfiguration.class]: Bean instantiation via factory method failed; nested exception is org.springframework.beans.BeanInstantiationException: Failed to instantiate [org.springframework.boot.actuate.health.HealthContributorRegistry]: Factory method 'healthContributorRegistry' threw exception; nested exception is org.springframework.beans.factory.UnsatisfiedDependencyException: Error creating bean with name 'configServerHealthIndicator' defined in class path resource [org/springframework/cloud/config/server/config/EnvironmentRepositoryConfiguration.class]: Unsatisfied dependency expressed through method 'configServerHealthIndicator' parameter 0; nested exception is org.springframework.beans.factory.UnsatisfiedDependencyException: Error creating bean with name 'org.springframework.cloud.config.server.config.CompositeConfiguration': Unsatisfied dependency expressed through method 'setEnvironmentRepos' parameter 0; nested exception is org.springframework.beans.factory.BeanCreationException: Error creating bean with name 'defaultEnvironmentRepository' defined in class path resource [org/springframework/cloud/config/server/config/DefaultRepositoryConfiguration.class]: Invocation of init method failed; nested exception is org.eclipse.jgit.api.errors.TransportException: https://github.com/remymumoh/spring-cloud-config-server-repository: cannot open git-upload-pack
2022-10-17 17:31:27 [main] INFO  o.a.catalina.core.StandardService - Stopping service [Tomcat]
2022-10-17 17:31:28 [main] INFO  o.s.b.a.l.ConditionEvaluationReportLoggingListener - 

Error starting ApplicationContext. To display the conditions report re-run your application with 'debug' enabled.
2022-10-17 17:31:28 [main] ERROR o.s.boot.SpringApplication - Application run failed
org.springframework.beans.factory.BeanCreationException: Error creating bean with name 'healthContributorRegistry' defined in class path resource [org/springframework/boot/actuate/autoconfigure/health/HealthEndpointConfiguration.class]: Bean instantiation via factory method failed; nested exception is org.springframework.beans.BeanInstantiationException: Failed to instantiate [org.springframework.boot.actuate.health.HealthContributorRegistry]: Factory method 'healthContributorRegistry' threw exception; nested exception is org.springframework.beans.factory.UnsatisfiedDependencyException: Error creating bean with name 'configServerHealthIndicator' defined in class path resource [org/springframework/cloud/config/server/config/EnvironmentRepositoryConfiguration.class]: Unsatisfied dependency expressed through method 'configServerHealthIndicator' parameter 0; nested exception is org.springframework.beans.factory.UnsatisfiedDependencyException: Error creating bean with name 'org.springframework.cloud.config.server.config.CompositeConfiguration': Unsatisfied dependency expressed through method 'setEnvironmentRepos' parameter 0; nested exception is org.springframework.beans.factory.BeanCreationException: Error creating bean with name 'defaultEnvironmentRepository' defined in class path resource [org/springframework/cloud/config/server/config/DefaultRepositoryConfiguration.class]: Invocation of init method failed; nested exception is org.eclipse.jgit.api.errors.TransportException: https://github.com/remymumoh/spring-cloud-config-server-repository: cannot open git-upload-pack
	at org.springframework.beans.factory.support.ConstructorResolver.instantiate(ConstructorResolver.java:658)
	at org.springframework.beans.factory.support.ConstructorResolver.instantiateUsingFactoryMethod(ConstructorResolver.java:638)
	at org.springframework.beans.factory.support.AbstractAutowireCapableBeanFactory.instantiateUsingFactoryMethod(AbstractAutowireCapableBeanFactory.java:1334)
	at org.springframework.beans.factory.support.AbstractAutowireCapableBeanFactory.createBeanInstance(AbstractAutowireCapableBeanFactory.java:1177)
	at org.springframework.beans.factory.support.AbstractAutowireCapableBeanFactory.doCreateBean(AbstractAutowireCapableBeanFactory.java:564)
	at org.springframework.beans.factory.support.AbstractAutowireCapableBeanFactory.createBean(AbstractAutowireCapableBeanFactory.java:524)
	at org.springframework.beans.factory.support.AbstractBeanFactory.lambda$doGetBean$0(AbstractBeanFactory.java:335)
	at org.springframework.beans.factory.support.DefaultSingletonBeanRegistry.getSingleton(DefaultSingletonBeanRegistry.java:234)
	at org.springframework.beans.factory.support.AbstractBeanFactory.doGetBean(AbstractBeanFactory.java:333)
	at org.springframework.beans.factory.support.AbstractBeanFactory.getBean(AbstractBeanFactory.java:208)
	at org.springframework.beans.factory.support.DefaultListableBeanFactory.preInstantiateSingletons(DefaultListableBeanFactory.java:944)
	at org.springframework.context.support.AbstractApplicationContext.finishBeanFactoryInitialization(AbstractApplicationContext.java:918)
	at org.springframework.context.support.AbstractApplicationContext.refresh(AbstractApplicationContext.java:583)
	at org.springframework.boot.web.servlet.context.ServletWebServerApplicationContext.refresh(ServletWebServerApplicationContext.java:145)
	at org.springframework.boot.SpringApplication.refresh(SpringApplication.java:758)
	at org.springframework.boot.SpringApplication.refreshContext(SpringApplication.java:438)
	at org.springframework.boot.SpringApplication.run(SpringApplication.java:337)
	at org.springframework.boot.SpringApplication.run(SpringApplication.java:1336)
	at org.springframework.boot.SpringApplication.run(SpringApplication.java:1325)
	at com.ornaccodes.config.server.ConfigServer.main(ConfigServer.java:11)
	at java.base/jdk.internal.reflect.NativeMethodAccessorImpl.invoke0(Native Method)
	at java.base/jdk.internal.reflect.NativeMethodAccessorImpl.invoke(Unknown Source)
	at java.base/jdk.internal.reflect.DelegatingMethodAccessorImpl.invoke(Unknown Source)
	at java.base/java.lang.reflect.Method.invoke(Unknown Source)
	at org.springframework.boot.loader.MainMethodRunner.run(MainMethodRunner.java:49)
	at org.springframework.boot.loader.Launcher.launch(Launcher.java:108)
	at org.springframework.boot.loader.Launcher.launch(Launcher.java:58)
	at org.springframework.boot.loader.JarLauncher.main(JarLauncher.java:88)
Caused by: org.springframework.beans.BeanInstantiationException: Failed to instantiate [org.springframework.boot.actuate.health.HealthContributorRegistry]: Factory method 'healthContributorRegistry' threw exception; nested exception is org.springframework.beans.factory.UnsatisfiedDependencyException: Error creating bean with name 'configServerHealthIndicator' defined in class path resource [org/springframework/cloud/config/server/config/EnvironmentRepositoryConfiguration.class]: Unsatisfied dependency expressed through method 'configServerHealthIndicator' parameter 0; nested exception is org.springframework.beans.factory.UnsatisfiedDependencyException: Error creating bean with name 'org.springframework.cloud.config.server.config.CompositeConfiguration': Unsatisfied dependency expressed through method 'setEnvironmentRepos' parameter 0; nested exception is org.springframework.beans.factory.BeanCreationException: Error creating bean with name 'defaultEnvironmentRepository' defined in class path resource [org/springframework/cloud/config/server/config/DefaultRepositoryConfiguration.class]: Invocation of init method failed; nested exception is org.eclipse.jgit.api.errors.TransportException: https://github.com/remymumoh/spring-cloud-config-server-repository: cannot open git-upload-pack
	at org.springframework.beans.factory.support.SimpleInstantiationStrategy.instantiate(SimpleInstantiationStrategy.java:185)
	at org.springframework.beans.factory.support.ConstructorResolver.instantiate(ConstructorResolver.java:653)
	... 27 common frames omitted
Caused by: org.springframework.beans.factory.UnsatisfiedDependencyException: Error creating bean with name 'configServerHealthIndicator' defined in class path resource [org/springframework/cloud/config/server/config/EnvironmentRepositoryConfiguration.class]: Unsatisfied dependency expressed through method 'configServerHealthIndicator' parameter 0; nested exception is org.springframework.beans.factory.UnsatisfiedDependencyException: Error creating bean with name 'org.springframework.cloud.config.server.config.CompositeConfiguration': Unsatisfied dependency expressed through method 'setEnvironmentRepos' parameter 0; nested exception is org.springframework.beans.factory.BeanCreationException: Error creating bean with name 'defaultEnvironmentRepository' defined in class path resource [org/springframework/cloud/config/server/config/DefaultRepositoryConfiguration.class]: Invocation of init method failed; nested exception is org.eclipse.jgit.api.errors.TransportException: https://github.com/remymumoh/spring-cloud-config-server-repository: cannot open git-upload-pack
	at org.springframework.beans.factory.support.ConstructorResolver.createArgumentArray(ConstructorResolver.java:800)
	at org.springframework.beans.factory.support.ConstructorResolver.instantiateUsingFactoryMethod(ConstructorResolver.java:541)
	at org.springframework.beans.factory.support.AbstractAutowireCapableBeanFactory.instantiateUsingFactoryMethod(AbstractAutowireCapableBeanFactory.java:1334)
	at org.springframework.beans.factory.support.AbstractAutowireCapableBeanFactory.createBeanInstance(AbstractAutowireCapableBeanFactory.java:1177)
	at org.springframework.beans.factory.support.AbstractAutowireCapableBeanFactory.doCreateBean(AbstractAutowireCapableBeanFactory.java:564)
	at org.springframework.beans.factory.support.AbstractAutowireCapableBeanFactory.createBean(AbstractAutowireCapableBeanFactory.java:524)
	at org.springframework.beans.factory.support.AbstractBeanFactory.lambda$doGetBean$0(AbstractBeanFactory.java:335)
	at org.springframework.beans.factory.support.DefaultSingletonBeanRegistry.getSingleton(DefaultSingletonBeanRegistry.java:234)
	at org.springframework.beans.factory.support.AbstractBeanFactory.doGetBean(AbstractBeanFactory.java:333)
	at org.springframework.beans.factory.support.AbstractBeanFactory.getBean(AbstractBeanFactory.java:208)
	at org.springframework.beans.factory.support.DefaultListableBeanFactory.getBeansOfType(DefaultListableBeanFactory.java:671)
	at org.springframework.beans.factory.support.DefaultListableBeanFactory.getBeansOfType(DefaultListableBeanFactory.java:659)
	at org.springframework.context.support.AbstractApplicationContext.getBeansOfType(AbstractApplicationContext.java:1300)
	at org.springframework.boot.actuate.autoconfigure.health.HealthEndpointConfiguration.healthContributorRegistry(HealthEndpointConfiguration.java:82)
	at java.base/jdk.internal.reflect.NativeMethodAccessorImpl.invoke0(Native Method)
	at java.base/jdk.internal.reflect.NativeMethodAccessorImpl.invoke(Unknown Source)
	at java.base/jdk.internal.reflect.DelegatingMethodAccessorImpl.invoke(Unknown Source)
	at java.base/java.lang.reflect.Method.invoke(Unknown Source)
	at org.springframework.beans.factory.support.SimpleInstantiationStrategy.instantiate(SimpleInstantiationStrategy.java:154)
	... 28 common frames omitted
Caused by: org.springframework.beans.factory.UnsatisfiedDependencyException: Error creating bean with name 'org.springframework.cloud.config.server.config.CompositeConfiguration': Unsatisfied dependency expressed through method 'setEnvironmentRepos' parameter 0; nested exception is org.springframework.beans.factory.BeanCreationException: Error creating bean with name 'defaultEnvironmentRepository' defined in class path resource [org/springframework/cloud/config/server/config/DefaultRepositoryConfiguration.class]: Invocation of init method failed; nested exception is org.eclipse.jgit.api.errors.TransportException: https://github.com/remymumoh/spring-cloud-config-server-repository: cannot open git-upload-pack
	at org.springframework.beans.factory.annotation.AutowiredAnnotationBeanPostProcessor$AutowiredMethodElement.resolveMethodArguments(AutowiredAnnotationBeanPostProcessor.java:768)
	at org.springframework.beans.factory.annotation.AutowiredAnnotationBeanPostProcessor$AutowiredMethodElement.inject(AutowiredAnnotationBeanPostProcessor.java:720)
	at org.springframework.beans.factory.annotation.InjectionMetadata.inject(InjectionMetadata.java:119)
	at org.springframework.beans.factory.annotation.AutowiredAnnotationBeanPostProcessor.postProcessProperties(AutowiredAnnotationBeanPostProcessor.java:399)
	at org.springframework.beans.factory.support.AbstractAutowireCapableBeanFactory.populateBean(AbstractAutowireCapableBeanFactory.java:1413)
	at org.springframework.beans.factory.support.AbstractAutowireCapableBeanFactory.doCreateBean(AbstractAutowireCapableBeanFactory.java:601)
	at org.springframework.beans.factory.support.AbstractAutowireCapableBeanFactory.createBean(AbstractAutowireCapableBeanFactory.java:524)
	at org.springframework.beans.factory.support.AbstractBeanFactory.lambda$doGetBean$0(AbstractBeanFactory.java:335)
	at org.springframework.beans.factory.support.DefaultSingletonBeanRegistry.getSingleton(DefaultSingletonBeanRegistry.java:234)
	at org.springframework.beans.factory.support.AbstractBeanFactory.doGetBean(AbstractBeanFactory.java:333)
	at org.springframework.beans.factory.support.AbstractBeanFactory.getBean(AbstractBeanFactory.java:208)
	at org.springframework.beans.factory.support.ConstructorResolver.instantiateUsingFactoryMethod(ConstructorResolver.java:410)
	at org.springframework.beans.factory.support.AbstractAutowireCapableBeanFactory.instantiateUsingFactoryMethod(AbstractAutowireCapableBeanFactory.java:1334)
	at org.springframework.beans.factory.support.AbstractAutowireCapableBeanFactory.createBeanInstance(AbstractAutowireCapableBeanFactory.java:1177)
	at org.springframework.beans.factory.support.AbstractAutowireCapableBeanFactory.doCreateBean(AbstractAutowireCapableBeanFactory.java:564)
	at org.springframework.beans.factory.support.AbstractAutowireCapableBeanFactory.createBean(AbstractAutowireCapableBeanFactory.java:524)
	at org.springframework.beans.factory.support.AbstractBeanFactory.lambda$doGetBean$0(AbstractBeanFactory.java:335)
	at org.springframework.beans.factory.support.DefaultSingletonBeanRegistry.getSingleton(DefaultSingletonBeanRegistry.java:234)
	at org.springframework.beans.factory.support.AbstractBeanFactory.doGetBean(AbstractBeanFactory.java:333)
	at org.springframework.beans.factory.support.AbstractBeanFactory.getBean(AbstractBeanFactory.java:208)
	at org.springframework.beans.factory.config.DependencyDescriptor.resolveCandidate(DependencyDescriptor.java:276)
	at org.springframework.beans.factory.support.DefaultListableBeanFactory.doResolveDependency(DefaultListableBeanFactory.java:1380)
	at org.springframework.beans.factory.support.DefaultListableBeanFactory.resolveDependency(DefaultListableBeanFactory.java:1300)
	at org.springframework.beans.factory.support.ConstructorResolver.resolveAutowiredArgument(ConstructorResolver.java:887)
	at org.springframework.beans.factory.support.ConstructorResolver.createArgumentArray(ConstructorResolver.java:791)
	... 46 common frames omitted
Caused by: org.springframework.beans.factory.BeanCreationException: Error creating bean with name 'defaultEnvironmentRepository' defined in class path resource [org/springframework/cloud/config/server/config/DefaultRepositoryConfiguration.class]: Invocation of init method failed; nested exception is org.eclipse.jgit.api.errors.TransportException: https://github.com/remymumoh/spring-cloud-config-server-repository: cannot open git-upload-pack
	at org.springframework.beans.factory.support.AbstractAutowireCapableBeanFactory.initializeBean(AbstractAutowireCapableBeanFactory.java:1786)
	at org.springframework.beans.factory.support.AbstractAutowireCapableBeanFactory.doCreateBean(AbstractAutowireCapableBeanFactory.java:602)
	at org.springframework.beans.factory.support.AbstractAutowireCapableBeanFactory.createBean(AbstractAutowireCapableBeanFactory.java:524)
	at org.springframework.beans.factory.support.AbstractBeanFactory.lambda$doGetBean$0(AbstractBeanFactory.java:335)
	at org.springframework.beans.factory.support.DefaultSingletonBeanRegistry.getSingleton(DefaultSingletonBeanRegistry.java:234)
	at org.springframework.beans.factory.support.AbstractBeanFactory.doGetBean(AbstractBeanFactory.java:333)
	at org.springframework.beans.factory.support.AbstractBeanFactory.getBean(AbstractBeanFactory.java:208)
	at org.springframework.beans.factory.config.DependencyDescriptor.resolveCandidate(DependencyDescriptor.java:276)
	at org.springframework.beans.factory.support.DefaultListableBeanFactory.addCandidateEntry(DefaultListableBeanFactory.java:1598)
	at org.springframework.beans.factory.support.DefaultListableBeanFactory.findAutowireCandidates(DefaultListableBeanFactory.java:1562)
	at org.springframework.beans.factory.support.DefaultListableBeanFactory.resolveMultipleBeans(DefaultListableBeanFactory.java:1451)
	at org.springframework.beans.factory.support.DefaultListableBeanFactory.doResolveDependency(DefaultListableBeanFactory.java:1338)
	at org.springframework.beans.factory.support.DefaultListableBeanFactory.resolveDependency(DefaultListableBeanFactory.java:1300)
	at org.springframework.beans.factory.annotation.AutowiredAnnotationBeanPostProcessor$AutowiredMethodElement.resolveMethodArguments(AutowiredAnnotationBeanPostProcessor.java:760)
	... 70 common frames omitted
Caused by: org.eclipse.jgit.api.errors.TransportException: https://github.com/remymumoh/spring-cloud-config-server-repository: cannot open git-upload-pack
	at org.eclipse.jgit.api.FetchCommand.call(FetchCommand.java:254)
	at org.eclipse.jgit.api.CloneCommand.fetch(CloneCommand.java:306)
	at org.eclipse.jgit.api.CloneCommand.call(CloneCommand.java:200)
	at org.springframework.cloud.config.server.environment.JGitEnvironmentRepository.cloneToBasedir(JGitEnvironmentRepository.java:613)
	at org.springframework.cloud.config.server.environment.JGitEnvironmentRepository.initClonedRepository(JGitEnvironmentRepository.java:335)
	at org.springframework.cloud.config.server.environment.JGitEnvironmentRepository.afterPropertiesSet(JGitEnvironmentRepository.java:254)
	at org.springframework.cloud.config.server.environment.MultipleJGitEnvironmentRepository.afterPropertiesSet(MultipleJGitEnvironmentRepository.java:66)
	at org.springframework.beans.factory.support.AbstractAutowireCapableBeanFactory.invokeInitMethods(AbstractAutowireCapableBeanFactory.java:1845)
	at org.springframework.beans.factory.support.AbstractAutowireCapableBeanFactory.initializeBean(AbstractAutowireCapableBeanFactory.java:1782)
	... 83 common frames omitted
Caused by: org.eclipse.jgit.errors.TransportException: https://github.com/remymumoh/spring-cloud-config-server-repository: cannot open git-upload-pack
	at org.eclipse.jgit.transport.TransportHttp.connect(TransportHttp.java:600)
	at org.eclipse.jgit.transport.TransportHttp.openFetch(TransportHttp.java:362)
	at org.eclipse.jgit.transport.FetchProcess.executeImp(FetchProcess.java:137)
	at org.eclipse.jgit.transport.FetchProcess.execute(FetchProcess.java:123)
	at org.eclipse.jgit.transport.Transport.fetch(Transport.java:1271)
	at org.eclipse.jgit.api.FetchCommand.call(FetchCommand.java:243)
	... 91 common frames omitted
Caused by: org.apache.http.conn.ConnectTimeoutException: Connect to github.com:443 [github.com/140.82.121.4] failed: connect timed out
	at org.apache.http.impl.conn.DefaultHttpClientConnectionOperator.connect(DefaultHttpClientConnectionOperator.java:151)
	at org.apache.http.impl.conn.PoolingHttpClientConnectionManager.connect(PoolingHttpClientConnectionManager.java:376)
	at org.apache.http.impl.execchain.MainClientExec.establishRoute(MainClientExec.java:393)
	at org.apache.http.impl.execchain.MainClientExec.execute(MainClientExec.java:236)
	at org.apache.http.impl.execchain.ProtocolExec.execute(ProtocolExec.java:186)
	at org.apache.http.impl.execchain.RetryExec.execute(RetryExec.java:89)
	at org.apache.http.impl.execchain.RedirectExec.execute(RedirectExec.java:110)
	at org.apache.http.impl.client.InternalHttpClient.doExecute(InternalHttpClient.java:185)
	at org.apache.http.impl.client.CloseableHttpClient.execute(CloseableHttpClient.java:83)
	at org.apache.http.impl.client.CloseableHttpClient.execute(CloseableHttpClient.java:108)
	at org.apache.http.impl.client.CloseableHttpClient.execute(CloseableHttpClient.java:56)
	at org.eclipse.jgit.transport.http.apache.HttpClientConnection.execute(HttpClientConnection.java:254)
	at org.eclipse.jgit.transport.http.apache.HttpClientConnection.getResponseCode(HttpClientConnection.java:231)
	at org.eclipse.jgit.util.HttpSupport.response(HttpSupport.java:207)
	at org.eclipse.jgit.transport.TransportHttp.connect(TransportHttp.java:514)
	... 96 common frames omitted
Caused by: java.net.SocketTimeoutException: connect timed out
	at java.base/java.net.PlainSocketImpl.socketConnect(Native Method)
	at java.base/java.net.AbstractPlainSocketImpl.doConnect(Unknown Source)
	at java.base/java.net.AbstractPlainSocketImpl.connectToAddress(Unknown Source)
	at java.base/java.net.AbstractPlainSocketImpl.connect(Unknown Source)
	at java.base/java.net.SocksSocketImpl.connect(Unknown Source)
	at java.base/java.net.Socket.connect(Unknown Source)
	at org.apache.http.conn.ssl.SSLConnectionSocketFactory.connectSocket(SSLConnectionSocketFactory.java:368)
	at org.apache.http.impl.conn.DefaultHttpClientConnectionOperator.connect(DefaultHttpClientConnectionOperator.java:142)
	... 110 common frames omitted
2022-10-17 17:39:41 [background-preinit] INFO  o.h.validator.internal.util.Version - HV000001: Hibernate Validator 6.2.0.Final
2022-10-17 17:39:42 [main] INFO  c.o.config.server.ConfigServer - Starting ConfigServer v0.0.1-SNAPSHOT using Java 11.0.16.1 on fe3709bf968e with PID 1 (/workspace/BOOT-INF/classes started by cnb in /workspace)
2022-10-17 17:39:42 [main] INFO  c.o.config.server.ConfigServer - No active profile set, falling back to default profiles: default
2022-10-17 17:39:52 [background-preinit] WARN  o.s.h.c.j.Jackson2ObjectMapperBuilder - For Jackson Kotlin classes support please add "com.fasterxml.jackson.module:jackson-module-kotlin" to the classpath
2022-10-17 17:40:11 [main] INFO  o.s.cloud.context.scope.GenericScope - BeanFactory id=75b0befd-6d83-3fef-bca7-fa307f254262
2022-10-17 17:40:19 [main] INFO  o.s.b.w.e.tomcat.TomcatWebServer - Tomcat initialized with port(s): 8080 (http)
2022-10-17 17:40:20 [main] INFO  o.a.coyote.http11.Http11NioProtocol - Initializing ProtocolHandler ["http-nio-8080"]
2022-10-17 17:40:20 [main] INFO  o.a.catalina.core.StandardService - Starting service [Tomcat]
2022-10-17 17:40:20 [main] INFO  o.a.catalina.core.StandardEngine - Starting Servlet engine: [Apache Tomcat/9.0.46]
2022-10-17 17:40:21 [main] INFO  o.a.c.c.C.[Tomcat].[localhost].[/] - Initializing Spring embedded WebApplicationContext
2022-10-17 17:40:21 [main] INFO  o.s.b.w.s.c.ServletWebServerApplicationContext - Root WebApplicationContext: initialization completed in 36763 ms
2022-10-17 17:41:00 [main] WARN  o.s.b.w.s.c.AnnotationConfigServletWebServerApplicationContext - Exception encountered during context initialization - cancelling refresh attempt: org.springframework.beans.factory.BeanCreationException: Error creating bean with name 'healthContributorRegistry' defined in class path resource [org/springframework/boot/actuate/autoconfigure/health/HealthEndpointConfiguration.class]: Bean instantiation via factory method failed; nested exception is org.springframework.beans.BeanInstantiationException: Failed to instantiate [org.springframework.boot.actuate.health.HealthContributorRegistry]: Factory method 'healthContributorRegistry' threw exception; nested exception is org.springframework.beans.factory.UnsatisfiedDependencyException: Error creating bean with name 'configServerHealthIndicator' defined in class path resource [org/springframework/cloud/config/server/config/EnvironmentRepositoryConfiguration.class]: Unsatisfied dependency expressed through method 'configServerHealthIndicator' parameter 0; nested exception is org.springframework.beans.factory.UnsatisfiedDependencyException: Error creating bean with name 'org.springframework.cloud.config.server.config.CompositeConfiguration': Unsatisfied dependency expressed through method 'setEnvironmentRepos' parameter 0; nested exception is org.springframework.beans.factory.BeanCreationException: Error creating bean with name 'defaultEnvironmentRepository' defined in class path resource [org/springframework/cloud/config/server/config/DefaultRepositoryConfiguration.class]: Invocation of init method failed; nested exception is java.lang.IllegalStateException: You need to configure a uri for the git repository.
2022-10-17 17:41:00 [main] INFO  o.a.catalina.core.StandardService - Stopping service [Tomcat]
2022-10-17 17:41:01 [main] INFO  o.s.b.a.l.ConditionEvaluationReportLoggingListener - 

Error starting ApplicationContext. To display the conditions report re-run your application with 'debug' enabled.
2022-10-17 17:41:02 [main] ERROR o.s.b.d.LoggingFailureAnalysisReporter - 

***************************
APPLICATION FAILED TO START
***************************

Description:

Invalid config server configuration.

Action:

If you are using the git profile, you need to set a Git URI in your configuration.  If you are using a native profile and have spring.cloud.config.server.bootstrap=true, you need to use a composite configuration.

2022-10-17 17:57:48 [background-preinit] INFO  o.h.validator.internal.util.Version - HV000001: Hibernate Validator 6.2.0.Final
2022-10-17 17:57:49 [main] INFO  c.o.config.server.ConfigServer - Starting ConfigServer v0.0.1-SNAPSHOT using Java 11.0.16.1 on b0aeeea31d1d with PID 1 (/workspace/BOOT-INF/classes started by cnb in /workspace)
2022-10-17 17:57:49 [main] INFO  c.o.config.server.ConfigServer - No active profile set, falling back to default profiles: default
2022-10-17 17:57:56 [background-preinit] WARN  o.s.h.c.j.Jackson2ObjectMapperBuilder - For Jackson Kotlin classes support please add "com.fasterxml.jackson.module:jackson-module-kotlin" to the classpath
2022-10-17 17:58:25 [main] INFO  o.s.cloud.context.scope.GenericScope - BeanFactory id=75b0befd-6d83-3fef-bca7-fa307f254262
2022-10-17 17:58:35 [main] INFO  o.s.b.w.e.tomcat.TomcatWebServer - Tomcat initialized with port(s): 8080 (http)
2022-10-17 17:58:35 [main] INFO  o.a.coyote.http11.Http11NioProtocol - Initializing ProtocolHandler ["http-nio-8080"]
2022-10-17 17:58:35 [main] INFO  o.a.catalina.core.StandardService - Starting service [Tomcat]
2022-10-17 17:58:35 [main] INFO  o.a.catalina.core.StandardEngine - Starting Servlet engine: [Apache Tomcat/9.0.46]
2022-10-17 17:58:38 [main] INFO  o.a.c.c.C.[Tomcat].[localhost].[/] - Initializing Spring embedded WebApplicationContext
2022-10-17 17:58:38 [main] INFO  o.s.b.w.s.c.ServletWebServerApplicationContext - Root WebApplicationContext: initialization completed in 47228 ms
2022-10-17 17:59:14 [main] WARN  o.s.b.w.s.c.AnnotationConfigServletWebServerApplicationContext - Exception encountered during context initialization - cancelling refresh attempt: org.springframework.beans.factory.BeanCreationException: Error creating bean with name 'healthContributorRegistry' defined in class path resource [org/springframework/boot/actuate/autoconfigure/health/HealthEndpointConfiguration.class]: Bean instantiation via factory method failed; nested exception is org.springframework.beans.BeanInstantiationException: Failed to instantiate [org.springframework.boot.actuate.health.HealthContributorRegistry]: Factory method 'healthContributorRegistry' threw exception; nested exception is org.springframework.beans.factory.UnsatisfiedDependencyException: Error creating bean with name 'configServerHealthIndicator' defined in class path resource [org/springframework/cloud/config/server/config/EnvironmentRepositoryConfiguration.class]: Unsatisfied dependency expressed through method 'configServerHealthIndicator' parameter 0; nested exception is org.springframework.beans.factory.UnsatisfiedDependencyException: Error creating bean with name 'org.springframework.cloud.config.server.config.CompositeConfiguration': Unsatisfied dependency expressed through method 'setEnvironmentRepos' parameter 0; nested exception is org.springframework.beans.factory.BeanCreationException: Error creating bean with name 'defaultEnvironmentRepository' defined in class path resource [org/springframework/cloud/config/server/config/DefaultRepositoryConfiguration.class]: Invocation of init method failed; nested exception is java.lang.IllegalStateException: You need to configure a uri for the git repository.
2022-10-17 17:59:14 [main] INFO  o.a.catalina.core.StandardService - Stopping service [Tomcat]
2022-10-17 17:59:15 [main] INFO  o.s.b.a.l.ConditionEvaluationReportLoggingListener - 

Error starting ApplicationContext. To display the conditions report re-run your application with 'debug' enabled.
2022-10-17 17:59:16 [main] ERROR o.s.b.d.LoggingFailureAnalysisReporter - 

***************************
APPLICATION FAILED TO START
***************************

Description:

Invalid config server configuration.

Action:

If you are using the git profile, you need to set a Git URI in your configuration.  If you are using a native profile and have spring.cloud.config.server.bootstrap=true, you need to use a composite configuration.

2022-10-17 18:04:33 [background-preinit] INFO  o.h.validator.internal.util.Version - HV000001: Hibernate Validator 6.2.0.Final
2022-10-17 18:04:35 [main] INFO  c.o.config.server.ConfigServer - Starting ConfigServer v0.0.1-SNAPSHOT using Java 11.0.16.1 on dacc2e9a3778 with PID 1 (/workspace/BOOT-INF/classes started by cnb in /workspace)
2022-10-17 18:04:35 [main] INFO  c.o.config.server.ConfigServer - No active profile set, falling back to default profiles: default
2022-10-17 18:04:44 [background-preinit] WARN  o.s.h.c.j.Jackson2ObjectMapperBuilder - For Jackson Kotlin classes support please add "com.fasterxml.jackson.module:jackson-module-kotlin" to the classpath
2022-10-17 18:05:06 [main] INFO  o.s.cloud.context.scope.GenericScope - BeanFactory id=75b0befd-6d83-3fef-bca7-fa307f254262
2022-10-17 18:05:15 [main] INFO  o.s.b.w.e.tomcat.TomcatWebServer - Tomcat initialized with port(s): 8888 (http)
2022-10-17 18:05:16 [main] INFO  o.a.coyote.http11.Http11NioProtocol - Initializing ProtocolHandler ["http-nio-8888"]
2022-10-17 18:05:16 [main] INFO  o.a.catalina.core.StandardService - Starting service [Tomcat]
2022-10-17 18:05:16 [main] INFO  o.a.catalina.core.StandardEngine - Starting Servlet engine: [Apache Tomcat/9.0.46]
2022-10-17 18:05:21 [main] INFO  o.a.c.c.C.[Tomcat].[localhost].[/] - Initializing Spring embedded WebApplicationContext
2022-10-17 18:05:21 [main] INFO  o.s.b.w.s.c.ServletWebServerApplicationContext - Root WebApplicationContext: initialization completed in 44279 ms
2022-10-17 18:06:25 [main] INFO  o.s.s.web.DefaultSecurityFilterChain - Will secure Ant [pattern='/actuator/**'] with []
2022-10-17 18:06:25 [main] INFO  o.s.s.web.DefaultSecurityFilterChain - Will secure Ant [pattern='/encrypt/**'] with []
2022-10-17 18:06:25 [main] INFO  o.s.s.web.DefaultSecurityFilterChain - Will secure Ant [pattern='/decrypt/**'] with []
2022-10-17 18:06:25 [main] INFO  o.s.s.web.DefaultSecurityFilterChain - Will secure any request with [org.springframework.security.web.context.request.async.WebAsyncManagerIntegrationFilter@72237be8, org.springframework.security.web.context.SecurityContextPersistenceFilter@4be460e5, org.springframework.security.web.header.HeaderWriterFilter@63d3c9dc, org.springframework.security.web.csrf.CsrfFilter@5b5b8730, org.springframework.security.web.authentication.logout.LogoutFilter@38968752, org.springframework.security.web.authentication.UsernamePasswordAuthenticationFilter@2ce24a1a, org.springframework.security.web.authentication.ui.DefaultLoginPageGeneratingFilter@4f2544b0, org.springframework.security.web.authentication.ui.DefaultLogoutPageGeneratingFilter@5c5f12e, org.springframework.security.web.authentication.www.BasicAuthenticationFilter@7e76a66f, org.springframework.security.web.savedrequest.RequestCacheAwareFilter@7805478c, org.springframework.security.web.servletapi.SecurityContextHolderAwareRequestFilter@5cdda548, org.springframework.security.web.authentication.AnonymousAuthenticationFilter@23f8036d, org.springframework.security.web.session.SessionManagementFilter@35d114f4, org.springframework.security.web.access.ExceptionTranslationFilter@16d4024e, org.springframework.security.web.access.intercept.FilterSecurityInterceptor@7747cc1b]
2022-10-17 18:06:26 [main] INFO  o.s.b.a.e.web.EndpointLinksResolver - Exposing 1 endpoint(s) beneath base path '/actuator'
2022-10-17 18:06:28 [main] INFO  o.a.coyote.http11.Http11NioProtocol - Starting ProtocolHandler ["http-nio-8888"]
2022-10-17 18:06:29 [main] INFO  o.s.b.w.e.tomcat.TomcatWebServer - Tomcat started on port(s): 8888 (http) with context path ''
2022-10-17 18:06:29 [main] INFO  c.o.config.server.ConfigServer - Started ConfigServer in 140.032 seconds (JVM running for 158.976)
2022-10-17 18:06:30 [http-nio-8888-exec-1] INFO  o.a.c.c.C.[Tomcat].[localhost].[/] - Initializing Spring DispatcherServlet 'dispatcherServlet'
2022-10-17 18:06:30 [http-nio-8888-exec-1] INFO  o.s.web.servlet.DispatcherServlet - Initializing Servlet 'dispatcherServlet'
2022-10-17 18:06:31 [http-nio-8888-exec-1] INFO  o.s.web.servlet.DispatcherServlet - Completed initialization in 69 ms
2022-10-17 18:06:31 [main] INFO  o.s.b.a.ApplicationAvailabilityBean - Application availability state LivenessState changed to CORRECT
2022-10-17 18:06:31 [main] INFO  o.s.b.a.ApplicationAvailabilityBean - Application availability state ReadinessState changed to ACCEPTING_TRAFFIC
2022-10-17 18:06:38 [http-nio-8888-exec-5] INFO  o.s.c.c.s.e.NativeEnvironmentRepository - Adding property source: Config resource 'file [/tmp/config-repo-15932775575475095479/config-client-twitter_to_kafka.yml]' via location 'file:/tmp/config-repo-15932775575475095479/'
2022-10-17 18:06:38 [http-nio-8888-exec-5] INFO  o.s.c.c.s.e.NativeEnvironmentRepository - Adding property source: Config resource 'file [/tmp/config-repo-15932775575475095479/config-client.yml]' via location 'file:/tmp/config-repo-15932775575475095479/'
2022-10-17 18:06:54 [http-nio-8888-exec-6] INFO  o.s.c.c.s.e.NativeEnvironmentRepository - Adding property source: Config resource 'file [/tmp/config-repo-15932775575475095479/config-client-twitter_to_kafka.yml]' via location 'file:/tmp/config-repo-15932775575475095479/'
2022-10-17 18:06:54 [http-nio-8888-exec-6] INFO  o.s.c.c.s.e.NativeEnvironmentRepository - Adding property source: Config resource 'file [/tmp/config-repo-15932775575475095479/config-client.yml]' via location 'file:/tmp/config-repo-15932775575475095479/'
2022-10-17 18:07:23 [http-nio-8888-exec-7] INFO  o.s.c.c.s.e.NativeEnvironmentRepository - Adding property source: Config resource 'file [/tmp/config-repo-15932775575475095479/config-client-kafka_to_elastic.yml]' via location 'file:/tmp/config-repo-15932775575475095479/'
2022-10-17 18:07:23 [http-nio-8888-exec-7] INFO  o.s.c.c.s.e.NativeEnvironmentRepository - Adding property source: Config resource 'file [/tmp/config-repo-15932775575475095479/config-client.yml]' via location 'file:/tmp/config-repo-15932775575475095479/'
2022-10-17 18:10:50 [http-nio-8888-exec-2] INFO  o.s.c.c.s.e.NativeEnvironmentRepository - Adding property source: Config resource 'file [/tmp/config-repo-15932775575475095479/config-client-kafka_to_elastic.yml]' via location 'file:/tmp/config-repo-15932775575475095479/'
2022-10-17 18:10:50 [http-nio-8888-exec-2] INFO  o.s.c.c.s.e.NativeEnvironmentRepository - Adding property source: Config resource 'file [/tmp/config-repo-15932775575475095479/config-client.yml]' via location 'file:/tmp/config-repo-15932775575475095479/'
2022-10-17 18:17:58 [http-nio-8888-exec-3] INFO  o.s.c.c.s.e.NativeEnvironmentRepository - Adding property source: Config resource 'file [/tmp/config-repo-15932775575475095479/config-client-kafka_to_elastic.yml]' via location 'file:/tmp/config-repo-15932775575475095479/'
2022-10-17 18:17:58 [http-nio-8888-exec-3] INFO  o.s.c.c.s.e.NativeEnvironmentRepository - Adding property source: Config resource 'file [/tmp/config-repo-15932775575475095479/config-client.yml]' via location 'file:/tmp/config-repo-15932775575475095479/'
2022-10-17 18:19:24 [http-nio-8888-exec-6] INFO  o.s.c.c.s.e.NativeEnvironmentRepository - Adding property source: Config resource 'file [/tmp/config-repo-15932775575475095479/config-client-kafka_to_elastic.yml]' via location 'file:/tmp/config-repo-15932775575475095479/'
2022-10-17 18:19:24 [http-nio-8888-exec-6] INFO  o.s.c.c.s.e.NativeEnvironmentRepository - Adding property source: Config resource 'file [/tmp/config-repo-15932775575475095479/config-client.yml]' via location 'file:/tmp/config-repo-15932775575475095479/'
