2022-10-19 06:57:14 [background-preinit] INFO  o.h.validator.internal.util.Version - HV000001: Hibernate Validator 6.2.0.Final
2022-10-19 06:57:16 [main] INFO  c.o.config.server.ConfigServer - Starting ConfigServer v0.0.1-SNAPSHOT using Java 11.0.16.1 on 47c22f9dace9 with PID 1 (/workspace/BOOT-INF/classes started by cnb in /workspace)
2022-10-19 06:57:16 [main] INFO  c.o.config.server.ConfigServer - No active profile set, falling back to default profiles: default
2022-10-19 06:57:26 [background-preinit] WARN  o.s.h.c.j.Jackson2ObjectMapperBuilder - For Jackson Kotlin classes support please add "com.fasterxml.jackson.module:jackson-module-kotlin" to the classpath
2022-10-19 06:57:57 [main] INFO  o.s.cloud.context.scope.GenericScope - BeanFactory id=7131d1b5-42ea-3d0f-9efa-6ee21427ed11
2022-10-19 06:58:11 [main] INFO  o.s.b.w.e.tomcat.TomcatWebServer - Tomcat initialized with port(s): 8888 (http)
2022-10-19 06:58:11 [main] INFO  o.a.coyote.http11.Http11NioProtocol - Initializing ProtocolHandler ["http-nio-8888"]
2022-10-19 06:58:11 [main] INFO  o.a.catalina.core.StandardService - Starting service [Tomcat]
2022-10-19 06:58:11 [main] INFO  o.a.catalina.core.StandardEngine - Starting Servlet engine: [Apache Tomcat/9.0.46]
2022-10-19 06:58:14 [main] INFO  o.a.c.c.C.[Tomcat].[localhost].[/] - Initializing Spring embedded WebApplicationContext
2022-10-19 06:58:14 [main] INFO  o.s.b.w.s.c.ServletWebServerApplicationContext - Root WebApplicationContext: initialization completed in 56190 ms
2022-10-19 06:59:51 [main] INFO  o.s.s.web.DefaultSecurityFilterChain - Will secure Ant [pattern='/actuator/**'] with []
2022-10-19 06:59:51 [main] INFO  o.s.s.web.DefaultSecurityFilterChain - Will secure Ant [pattern='/encrypt/**'] with []
2022-10-19 06:59:51 [main] INFO  o.s.s.web.DefaultSecurityFilterChain - Will secure Ant [pattern='/decrypt/**'] with []
2022-10-19 06:59:52 [main] INFO  o.s.s.web.DefaultSecurityFilterChain - Will secure any request with [org.springframework.security.web.context.request.async.WebAsyncManagerIntegrationFilter@586486c, org.springframework.security.web.context.SecurityContextPersistenceFilter@76f9e000, org.springframework.security.web.header.HeaderWriterFilter@6cfd08e9, org.springframework.security.web.csrf.CsrfFilter@79144d0e, org.springframework.security.web.authentication.logout.LogoutFilter@45790cb, org.springframework.security.web.authentication.UsernamePasswordAuthenticationFilter@5c3007d, org.springframework.security.web.authentication.ui.DefaultLoginPageGeneratingFilter@16ef1160, org.springframework.security.web.authentication.ui.DefaultLogoutPageGeneratingFilter@b849fa6, org.springframework.security.web.authentication.www.BasicAuthenticationFilter@7b795db7, org.springframework.security.web.savedrequest.RequestCacheAwareFilter@1c05097c, org.springframework.security.web.servletapi.SecurityContextHolderAwareRequestFilter@65a4b9d6, org.springframework.security.web.authentication.AnonymousAuthenticationFilter@7fbbdd8a, org.springframework.security.web.session.SessionManagementFilter@4ea48b2e, org.springframework.security.web.access.ExceptionTranslationFilter@407b41e6, org.springframework.security.web.access.intercept.FilterSecurityInterceptor@5e7e7a7e]
2022-10-19 06:59:53 [main] INFO  o.s.b.a.e.web.EndpointLinksResolver - Exposing 1 endpoint(s) beneath base path '/actuator'
2022-10-19 06:59:54 [main] INFO  o.a.coyote.http11.Http11NioProtocol - Starting ProtocolHandler ["http-nio-8888"]
2022-10-19 06:59:54 [main] INFO  o.s.b.w.e.tomcat.TomcatWebServer - Tomcat started on port(s): 8888 (http) with context path ''
2022-10-19 06:59:55 [main] INFO  c.o.config.server.ConfigServer - Started ConfigServer in 226.307 seconds (JVM running for 277.019)
2022-10-19 06:59:55 [http-nio-8888-exec-1] INFO  o.a.c.c.C.[Tomcat].[localhost].[/] - Initializing Spring DispatcherServlet 'dispatcherServlet'
2022-10-19 06:59:55 [http-nio-8888-exec-1] INFO  o.s.web.servlet.DispatcherServlet - Initializing Servlet 'dispatcherServlet'
2022-10-19 06:59:55 [http-nio-8888-exec-1] INFO  o.s.web.servlet.DispatcherServlet - Completed initialization in 23 ms
2022-10-19 06:59:57 [main] INFO  o.s.b.a.ApplicationAvailabilityBean - Application availability state LivenessState changed to CORRECT
2022-10-19 06:59:57 [main] INFO  o.s.b.a.ApplicationAvailabilityBean - Application availability state ReadinessState changed to ACCEPTING_TRAFFIC
2022-10-19 07:00:16 [http-nio-8888-exec-2] WARN  o.a.c.util.SessionIdGeneratorBase - Creation of SecureRandom instance for session ID generation using [SHA1PRNG] took [735] milliseconds.
2022-10-19 07:01:05 [http-nio-8888-exec-7] INFO  o.s.c.c.s.e.NativeEnvironmentRepository - Adding property source: Config resource 'file [/tmp/config-repo-396181096936379503/config-client-twitter_to_kafka.yml]' via location 'file:/tmp/config-repo-396181096936379503/'
2022-10-19 07:01:05 [http-nio-8888-exec-7] INFO  o.s.c.c.s.e.NativeEnvironmentRepository - Adding property source: Config resource 'file [/tmp/config-repo-396181096936379503/config-client.yml]' via location 'file:/tmp/config-repo-396181096936379503/'
2022-10-19 07:10:57 [background-preinit] INFO  o.h.validator.internal.util.Version - HV000001: Hibernate Validator 6.2.0.Final
2022-10-19 07:10:58 [main] INFO  c.o.config.server.ConfigServer - Starting ConfigServer v0.0.1-SNAPSHOT using Java 11.0.16.1 on 47c22f9dace9 with PID 1 (/workspace/BOOT-INF/classes started by cnb in /workspace)
2022-10-19 07:10:59 [main] INFO  c.o.config.server.ConfigServer - No active profile set, falling back to default profiles: default
2022-10-19 07:11:13 [background-preinit] WARN  o.s.h.c.j.Jackson2ObjectMapperBuilder - For Jackson Kotlin classes support please add "com.fasterxml.jackson.module:jackson-module-kotlin" to the classpath
2022-10-19 07:11:38 [main] INFO  o.s.cloud.context.scope.GenericScope - BeanFactory id=7131d1b5-42ea-3d0f-9efa-6ee21427ed11
2022-10-19 07:11:52 [main] INFO  o.s.b.w.e.tomcat.TomcatWebServer - Tomcat initialized with port(s): 8888 (http)
2022-10-19 07:11:52 [main] INFO  o.a.coyote.http11.Http11NioProtocol - Initializing ProtocolHandler ["http-nio-8888"]
2022-10-19 07:11:53 [main] INFO  o.a.catalina.core.StandardService - Starting service [Tomcat]
2022-10-19 07:11:53 [main] INFO  o.a.catalina.core.StandardEngine - Starting Servlet engine: [Apache Tomcat/9.0.46]
2022-10-19 07:11:54 [main] INFO  o.a.c.c.C.[Tomcat].[localhost].[/] - Initializing Spring embedded WebApplicationContext
2022-10-19 07:11:54 [main] INFO  o.s.b.w.s.c.ServletWebServerApplicationContext - Root WebApplicationContext: initialization completed in 52102 ms
2022-10-19 07:13:32 [main] INFO  o.s.s.web.DefaultSecurityFilterChain - Will secure Ant [pattern='/actuator/**'] with []
2022-10-19 07:13:32 [main] INFO  o.s.s.web.DefaultSecurityFilterChain - Will secure Ant [pattern='/encrypt/**'] with []
2022-10-19 07:13:32 [main] INFO  o.s.s.web.DefaultSecurityFilterChain - Will secure Ant [pattern='/decrypt/**'] with []
2022-10-19 07:13:32 [main] INFO  o.s.s.web.DefaultSecurityFilterChain - Will secure any request with [org.springframework.security.web.context.request.async.WebAsyncManagerIntegrationFilter@55f6f965, org.springframework.security.web.context.SecurityContextPersistenceFilter@8d5da7e, org.springframework.security.web.header.HeaderWriterFilter@990b86b, org.springframework.security.web.csrf.CsrfFilter@433ae0b0, org.springframework.security.web.authentication.logout.LogoutFilter@4e26987b, org.springframework.security.web.authentication.UsernamePasswordAuthenticationFilter@3909a854, org.springframework.security.web.authentication.ui.DefaultLoginPageGeneratingFilter@1b6cad77, org.springframework.security.web.authentication.ui.DefaultLogoutPageGeneratingFilter@40ddf339, org.springframework.security.web.authentication.www.BasicAuthenticationFilter@57bac3f0, org.springframework.security.web.savedrequest.RequestCacheAwareFilter@16ef1160, org.springframework.security.web.servletapi.SecurityContextHolderAwareRequestFilter@5366575d, org.springframework.security.web.authentication.AnonymousAuthenticationFilter@c83ed77, org.springframework.security.web.session.SessionManagementFilter@105c6c9e, org.springframework.security.web.access.ExceptionTranslationFilter@562f6681, org.springframework.security.web.access.intercept.FilterSecurityInterceptor@578d472a]
2022-10-19 07:13:35 [main] INFO  o.s.b.a.e.web.EndpointLinksResolver - Exposing 1 endpoint(s) beneath base path '/actuator'
2022-10-19 07:13:35 [main] INFO  o.a.coyote.http11.Http11NioProtocol - Starting ProtocolHandler ["http-nio-8888"]
2022-10-19 07:13:36 [main] INFO  o.s.b.w.e.tomcat.TomcatWebServer - Tomcat started on port(s): 8888 (http) with context path ''
2022-10-19 07:13:36 [main] INFO  c.o.config.server.ConfigServer - Started ConfigServer in 210.912 seconds (JVM running for 248.615)
2022-10-19 07:13:37 [main] INFO  o.s.b.a.ApplicationAvailabilityBean - Application availability state LivenessState changed to CORRECT
2022-10-19 07:13:37 [main] INFO  o.s.b.a.ApplicationAvailabilityBean - Application availability state ReadinessState changed to ACCEPTING_TRAFFIC
2022-10-19 07:13:37 [http-nio-8888-exec-1] INFO  o.a.c.c.C.[Tomcat].[localhost].[/] - Initializing Spring DispatcherServlet 'dispatcherServlet'
2022-10-19 07:13:37 [http-nio-8888-exec-1] INFO  o.s.web.servlet.DispatcherServlet - Initializing Servlet 'dispatcherServlet'
2022-10-19 07:13:38 [http-nio-8888-exec-1] INFO  o.s.web.servlet.DispatcherServlet - Completed initialization in 35 ms
2022-10-19 07:14:53 [http-nio-8888-exec-5] INFO  o.s.c.c.s.e.NativeEnvironmentRepository - Adding property source: Config resource 'file [/tmp/config-repo-13140926268462704265/config-client-twitter_to_kafka.yml]' via location 'file:/tmp/config-repo-13140926268462704265/'
2022-10-19 07:14:53 [http-nio-8888-exec-5] INFO  o.s.c.c.s.e.NativeEnvironmentRepository - Adding property source: Config resource 'file [/tmp/config-repo-13140926268462704265/config-client.yml]' via location 'file:/tmp/config-repo-13140926268462704265/'
2022-10-19 07:15:28 [http-nio-8888-exec-7] INFO  o.s.c.c.s.e.NativeEnvironmentRepository - Adding property source: Config resource 'file [/tmp/config-repo-13140926268462704265/config-client-kafka_to_elastic.yml]' via location 'file:/tmp/config-repo-13140926268462704265/'
2022-10-19 07:15:28 [http-nio-8888-exec-7] INFO  o.s.c.c.s.e.NativeEnvironmentRepository - Adding property source: Config resource 'file [/tmp/config-repo-13140926268462704265/config-client.yml]' via location 'file:/tmp/config-repo-13140926268462704265/'
2022-10-19 07:19:34 [http-nio-8888-exec-10] INFO  o.s.c.c.s.e.NativeEnvironmentRepository - Adding property source: Config resource 'file [/tmp/config-repo-13140926268462704265/config-client-kafka_to_elastic.yml]' via location 'file:/tmp/config-repo-13140926268462704265/'
2022-10-19 07:19:34 [http-nio-8888-exec-10] INFO  o.s.c.c.s.e.NativeEnvironmentRepository - Adding property source: Config resource 'file [/tmp/config-repo-13140926268462704265/config-client.yml]' via location 'file:/tmp/config-repo-13140926268462704265/'
