2022-10-14 17:48:25 [background-preinit] INFO  o.h.validator.internal.util.Version - HV000001: Hibernate Validator 6.2.0.Final
2022-10-14 17:48:42 [background-preinit] WARN  o.s.h.c.j.Jackson2ObjectMapperBuilder - For Jackson Kotlin classes support please add "com.fasterxml.jackson.module:jackson-module-kotlin" to the classpath
2022-10-14 17:48:46 [main] INFO  c.o.config.server.ConfigServer - No active profile set, falling back to default profiles: default
2022-10-14 17:49:08 [main] INFO  o.s.cloud.context.scope.GenericScope - BeanFactory id=64ad351d-d90b-347b-9d37-35fccc79a4a3
2022-10-14 17:49:19 [main] INFO  o.s.b.w.e.tomcat.TomcatWebServer - Tomcat initialized with port(s): 8888 (http)
2022-10-14 17:49:19 [main] INFO  o.a.coyote.http11.Http11NioProtocol - Initializing ProtocolHandler ["http-nio-8888"]
2022-10-14 17:49:19 [main] INFO  o.a.catalina.core.StandardService - Starting service [Tomcat]
2022-10-14 17:49:19 [main] INFO  o.a.catalina.core.StandardEngine - Starting Servlet engine: [Apache Tomcat/9.0.46]
2022-10-14 17:49:21 [main] INFO  o.a.c.c.C.[Tomcat].[localhost].[/] - Initializing Spring embedded WebApplicationContext
2022-10-14 17:49:21 [main] INFO  o.s.b.w.s.c.ServletWebServerApplicationContext - Root WebApplicationContext: initialization completed in 34352 ms
2022-10-14 17:50:03 [main] INFO  o.s.s.web.DefaultSecurityFilterChain - Will secure Ant [pattern='/actuator/**'] with []
2022-10-14 17:50:03 [main] INFO  o.s.s.web.DefaultSecurityFilterChain - Will secure Ant [pattern='/encrypt/**'] with []
2022-10-14 17:50:03 [main] INFO  o.s.s.web.DefaultSecurityFilterChain - Will secure Ant [pattern='/decrypt/**'] with []
2022-10-14 17:50:03 [main] INFO  o.s.s.web.DefaultSecurityFilterChain - Will secure any request with [org.springframework.security.web.context.request.async.WebAsyncManagerIntegrationFilter@24ac6fef, org.springframework.security.web.context.SecurityContextPersistenceFilter@537451d5, org.springframework.security.web.header.HeaderWriterFilter@35841d6, org.springframework.security.web.csrf.CsrfFilter@7793b55d, org.springframework.security.web.authentication.logout.LogoutFilter@72e49f6a, org.springframework.security.web.authentication.UsernamePasswordAuthenticationFilter@4b7e4d14, org.springframework.security.web.authentication.ui.DefaultLoginPageGeneratingFilter@54e94de9, org.springframework.security.web.authentication.ui.DefaultLogoutPageGeneratingFilter@3cb49121, org.springframework.security.web.authentication.www.BasicAuthenticationFilter@5e360c3b, org.springframework.security.web.savedrequest.RequestCacheAwareFilter@614d7fbf, org.springframework.security.web.servletapi.SecurityContextHolderAwareRequestFilter@762cdf46, org.springframework.security.web.authentication.AnonymousAuthenticationFilter@227b9277, org.springframework.security.web.session.SessionManagementFilter@1e50eb3f, org.springframework.security.web.access.ExceptionTranslationFilter@7a274521, org.springframework.security.web.access.intercept.FilterSecurityInterceptor@60b553f]
2022-10-14 17:50:04 [main] INFO  o.s.b.a.e.web.EndpointLinksResolver - Exposing 1 endpoint(s) beneath base path '/actuator'
2022-10-14 17:50:05 [main] INFO  o.a.coyote.http11.Http11NioProtocol - Starting ProtocolHandler ["http-nio-8888"]
2022-10-14 17:50:05 [main] INFO  o.s.b.w.e.tomcat.TomcatWebServer - Tomcat started on port(s): 8888 (http) with context path ''
2022-10-14 17:50:05 [main] INFO  c.o.config.server.ConfigServer - Started ConfigServer in 117.148 seconds (JVM running for 136.027)
2022-10-14 17:50:06 [http-nio-8888-exec-1] INFO  o.a.c.c.C.[Tomcat].[localhost].[/] - Initializing Spring DispatcherServlet 'dispatcherServlet'
2022-10-14 17:50:06 [http-nio-8888-exec-1] INFO  o.s.web.servlet.DispatcherServlet - Initializing Servlet 'dispatcherServlet'
2022-10-14 17:50:06 [http-nio-8888-exec-1] INFO  o.s.web.servlet.DispatcherServlet - Completed initialization in 27 ms
2022-10-14 17:50:06 [main] INFO  o.s.b.a.ApplicationAvailabilityBean - Application availability state LivenessState changed to CORRECT
2022-10-14 17:50:06 [main] INFO  o.s.b.a.ApplicationAvailabilityBean - Application availability state ReadinessState changed to ACCEPTING_TRAFFIC
2022-10-14 18:50:07 [background-preinit] INFO  o.h.validator.internal.util.Version - HV000001: Hibernate Validator 6.2.0.Final
2022-10-14 18:50:17 [background-preinit] WARN  o.s.h.c.j.Jackson2ObjectMapperBuilder - For Jackson Kotlin classes support please add "com.fasterxml.jackson.module:jackson-module-kotlin" to the classpath
2022-10-14 18:50:22 [main] INFO  c.o.config.server.ConfigServer - No active profile set, falling back to default profiles: default
2022-10-14 18:50:43 [main] INFO  o.s.cloud.context.scope.GenericScope - BeanFactory id=64ad351d-d90b-347b-9d37-35fccc79a4a3
2022-10-14 18:50:51 [main] INFO  o.s.b.w.e.tomcat.TomcatWebServer - Tomcat initialized with port(s): 8888 (http)
2022-10-14 18:50:51 [main] INFO  o.a.coyote.http11.Http11NioProtocol - Initializing ProtocolHandler ["http-nio-8888"]
2022-10-14 18:50:51 [main] INFO  o.a.catalina.core.StandardService - Starting service [Tomcat]
2022-10-14 18:50:51 [main] INFO  o.a.catalina.core.StandardEngine - Starting Servlet engine: [Apache Tomcat/9.0.46]
2022-10-14 18:50:52 [main] INFO  o.a.c.c.C.[Tomcat].[localhost].[/] - Initializing Spring embedded WebApplicationContext
2022-10-14 18:50:52 [main] INFO  o.s.b.w.s.c.ServletWebServerApplicationContext - Root WebApplicationContext: initialization completed in 28884 ms
2022-10-14 18:51:31 [main] INFO  o.s.s.web.DefaultSecurityFilterChain - Will secure Ant [pattern='/actuator/**'] with []
2022-10-14 18:51:31 [main] INFO  o.s.s.web.DefaultSecurityFilterChain - Will secure Ant [pattern='/encrypt/**'] with []
2022-10-14 18:51:31 [main] INFO  o.s.s.web.DefaultSecurityFilterChain - Will secure Ant [pattern='/decrypt/**'] with []
2022-10-14 18:51:31 [main] INFO  o.s.s.web.DefaultSecurityFilterChain - Will secure any request with [org.springframework.security.web.context.request.async.WebAsyncManagerIntegrationFilter@3155f190, org.springframework.security.web.context.SecurityContextPersistenceFilter@5d7ff311, org.springframework.security.web.header.HeaderWriterFilter@6c06b1bc, org.springframework.security.web.csrf.CsrfFilter@3c4ad54, org.springframework.security.web.authentication.logout.LogoutFilter@45d38165, org.springframework.security.web.authentication.UsernamePasswordAuthenticationFilter@5ca4c88a, org.springframework.security.web.authentication.ui.DefaultLoginPageGeneratingFilter@72ec16f8, org.springframework.security.web.authentication.ui.DefaultLogoutPageGeneratingFilter@cfb94fd, org.springframework.security.web.authentication.www.BasicAuthenticationFilter@6de5ad56, org.springframework.security.web.savedrequest.RequestCacheAwareFilter@1ba7db2a, org.springframework.security.web.servletapi.SecurityContextHolderAwareRequestFilter@7d5a0b14, org.springframework.security.web.authentication.AnonymousAuthenticationFilter@4ebd8d2, org.springframework.security.web.session.SessionManagementFilter@e171f93, org.springframework.security.web.access.ExceptionTranslationFilter@785d6a98, org.springframework.security.web.access.intercept.FilterSecurityInterceptor@601d9f3a]
2022-10-14 18:51:32 [main] INFO  o.s.b.a.e.web.EndpointLinksResolver - Exposing 1 endpoint(s) beneath base path '/actuator'
2022-10-14 18:51:33 [main] INFO  o.a.coyote.http11.Http11NioProtocol - Starting ProtocolHandler ["http-nio-8888"]
2022-10-14 18:51:33 [main] INFO  o.s.b.w.e.tomcat.TomcatWebServer - Tomcat started on port(s): 8888 (http) with context path ''
2022-10-14 18:51:33 [main] INFO  c.o.config.server.ConfigServer - Started ConfigServer in 102.649 seconds (JVM running for 120.391)
2022-10-14 18:51:34 [http-nio-8888-exec-1] INFO  o.a.c.c.C.[Tomcat].[localhost].[/] - Initializing Spring DispatcherServlet 'dispatcherServlet'
2022-10-14 18:51:34 [http-nio-8888-exec-1] INFO  o.s.web.servlet.DispatcherServlet - Initializing Servlet 'dispatcherServlet'
2022-10-14 18:51:34 [http-nio-8888-exec-1] INFO  o.s.web.servlet.DispatcherServlet - Completed initialization in 10 ms
2022-10-14 18:51:35 [main] INFO  o.s.b.a.ApplicationAvailabilityBean - Application availability state LivenessState changed to CORRECT
2022-10-14 18:51:35 [main] INFO  o.s.b.a.ApplicationAvailabilityBean - Application availability state ReadinessState changed to ACCEPTING_TRAFFIC
2022-10-14 18:57:40 [background-preinit] INFO  o.h.validator.internal.util.Version - HV000001: Hibernate Validator 6.2.0.Final
