2022-10-18 01:52:46 [background-preinit] INFO  o.h.validator.internal.util.Version - HV000001: Hibernate Validator 6.2.0.Final
2022-10-18 01:52:48 [main] INFO  c.o.config.server.ConfigServer - Starting ConfigServer v0.0.1-SNAPSHOT using Java 11.0.16.1 on dacc2e9a3778 with PID 1 (/workspace/BOOT-INF/classes started by cnb in /workspace)
2022-10-18 01:52:48 [main] INFO  c.o.config.server.ConfigServer - No active profile set, falling back to default profiles: default
2022-10-18 01:52:55 [background-preinit] WARN  o.s.h.c.j.Jackson2ObjectMapperBuilder - For Jackson Kotlin classes support please add "com.fasterxml.jackson.module:jackson-module-kotlin" to the classpath
2022-10-18 01:53:26 [main] INFO  o.s.cloud.context.scope.GenericScope - BeanFactory id=75b0befd-6d83-3fef-bca7-fa307f254262
2022-10-18 01:53:36 [main] INFO  o.s.b.w.e.tomcat.TomcatWebServer - Tomcat initialized with port(s): 8888 (http)
2022-10-18 01:53:37 [main] INFO  o.a.coyote.http11.Http11NioProtocol - Initializing ProtocolHandler ["http-nio-8888"]
2022-10-18 01:53:37 [main] INFO  o.a.catalina.core.StandardService - Starting service [Tomcat]
2022-10-18 01:53:37 [main] INFO  o.a.catalina.core.StandardEngine - Starting Servlet engine: [Apache Tomcat/9.0.46]
2022-10-18 01:53:40 [main] INFO  o.a.c.c.C.[Tomcat].[localhost].[/] - Initializing Spring embedded WebApplicationContext
2022-10-18 01:53:40 [main] INFO  o.s.b.w.s.c.ServletWebServerApplicationContext - Root WebApplicationContext: initialization completed in 50689 ms
2022-10-18 01:54:59 [main] INFO  o.s.s.web.DefaultSecurityFilterChain - Will secure Ant [pattern='/actuator/**'] with []
2022-10-18 01:54:59 [main] INFO  o.s.s.web.DefaultSecurityFilterChain - Will secure Ant [pattern='/encrypt/**'] with []
2022-10-18 01:54:59 [main] INFO  o.s.s.web.DefaultSecurityFilterChain - Will secure Ant [pattern='/decrypt/**'] with []
2022-10-18 01:55:00 [main] INFO  o.s.s.web.DefaultSecurityFilterChain - Will secure any request with [org.springframework.security.web.context.request.async.WebAsyncManagerIntegrationFilter@76eadc5a, org.springframework.security.web.context.SecurityContextPersistenceFilter@72ceafeb, org.springframework.security.web.header.HeaderWriterFilter@6e4e60f5, org.springframework.security.web.csrf.CsrfFilter@31443680, org.springframework.security.web.authentication.logout.LogoutFilter@201a8ea7, org.springframework.security.web.authentication.UsernamePasswordAuthenticationFilter@56a09a5c, org.springframework.security.web.authentication.ui.DefaultLoginPageGeneratingFilter@7805478c, org.springframework.security.web.authentication.ui.DefaultLogoutPageGeneratingFilter@1e9d7366, org.springframework.security.web.authentication.www.BasicAuthenticationFilter@26bce60d, org.springframework.security.web.savedrequest.RequestCacheAwareFilter@28e91f6d, org.springframework.security.web.servletapi.SecurityContextHolderAwareRequestFilter@454e9d65, org.springframework.security.web.authentication.AnonymousAuthenticationFilter@20914835, org.springframework.security.web.session.SessionManagementFilter@3bcedb06, org.springframework.security.web.access.ExceptionTranslationFilter@2d4a0671, org.springframework.security.web.access.intercept.FilterSecurityInterceptor@e7d0db2]
2022-10-18 01:55:01 [main] INFO  o.s.b.a.e.web.EndpointLinksResolver - Exposing 1 endpoint(s) beneath base path '/actuator'
2022-10-18 01:55:01 [main] INFO  o.a.coyote.http11.Http11NioProtocol - Starting ProtocolHandler ["http-nio-8888"]
2022-10-18 01:55:01 [main] INFO  o.s.b.w.e.tomcat.TomcatWebServer - Tomcat started on port(s): 8888 (http) with context path ''
2022-10-18 01:55:02 [main] INFO  c.o.config.server.ConfigServer - Started ConfigServer in 158.767 seconds (JVM running for 176.823)
2022-10-18 01:55:03 [http-nio-8888-exec-2] INFO  o.a.c.c.C.[Tomcat].[localhost].[/] - Initializing Spring DispatcherServlet 'dispatcherServlet'
2022-10-18 01:55:03 [http-nio-8888-exec-2] INFO  o.s.web.servlet.DispatcherServlet - Initializing Servlet 'dispatcherServlet'
2022-10-18 01:55:03 [http-nio-8888-exec-2] INFO  o.s.web.servlet.DispatcherServlet - Completed initialization in 40 ms
2022-10-18 01:55:04 [main] INFO  o.s.b.a.ApplicationAvailabilityBean - Application availability state LivenessState changed to CORRECT
2022-10-18 01:55:05 [main] INFO  o.s.b.a.ApplicationAvailabilityBean - Application availability state ReadinessState changed to ACCEPTING_TRAFFIC
2022-10-18 01:55:18 [http-nio-8888-exec-5] INFO  o.s.c.c.s.e.NativeEnvironmentRepository - Adding property source: Config resource 'file [/tmp/config-repo-14624075612456113379/config-client-twitter_to_kafka.yml]' via location 'file:/tmp/config-repo-14624075612456113379/'
2022-10-18 01:55:18 [http-nio-8888-exec-5] INFO  o.s.c.c.s.e.NativeEnvironmentRepository - Adding property source: Config resource 'file [/tmp/config-repo-14624075612456113379/config-client.yml]' via location 'file:/tmp/config-repo-14624075612456113379/'
2022-10-18 01:55:36 [http-nio-8888-exec-6] INFO  o.s.c.c.s.e.NativeEnvironmentRepository - Adding property source: Config resource 'file [/tmp/config-repo-14624075612456113379/config-client-twitter_to_kafka.yml]' via location 'file:/tmp/config-repo-14624075612456113379/'
2022-10-18 01:55:36 [http-nio-8888-exec-6] INFO  o.s.c.c.s.e.NativeEnvironmentRepository - Adding property source: Config resource 'file [/tmp/config-repo-14624075612456113379/config-client.yml]' via location 'file:/tmp/config-repo-14624075612456113379/'
2022-10-18 01:56:24 [http-nio-8888-exec-9] INFO  o.s.c.c.s.e.NativeEnvironmentRepository - Adding property source: Config resource 'file [/tmp/config-repo-14624075612456113379/config-client-kafka_to_elastic.yml]' via location 'file:/tmp/config-repo-14624075612456113379/'
2022-10-18 01:56:24 [http-nio-8888-exec-9] INFO  o.s.c.c.s.e.NativeEnvironmentRepository - Adding property source: Config resource 'file [/tmp/config-repo-14624075612456113379/config-client.yml]' via location 'file:/tmp/config-repo-14624075612456113379/'
2022-10-18 01:59:32 [background-preinit] INFO  o.h.validator.internal.util.Version - HV000001: Hibernate Validator 6.2.0.Final
2022-10-18 01:59:33 [main] INFO  c.o.config.server.ConfigServer - Starting ConfigServer v0.0.1-SNAPSHOT using Java 11.0.16.1 on dacc2e9a3778 with PID 1 (/workspace/BOOT-INF/classes started by cnb in /workspace)
2022-10-18 01:59:33 [main] INFO  c.o.config.server.ConfigServer - No active profile set, falling back to default profiles: default
2022-10-18 01:59:40 [background-preinit] WARN  o.s.h.c.j.Jackson2ObjectMapperBuilder - For Jackson Kotlin classes support please add "com.fasterxml.jackson.module:jackson-module-kotlin" to the classpath
2022-10-18 01:59:57 [main] INFO  o.s.cloud.context.scope.GenericScope - BeanFactory id=75b0befd-6d83-3fef-bca7-fa307f254262
2022-10-18 02:00:06 [main] INFO  o.s.b.w.e.tomcat.TomcatWebServer - Tomcat initialized with port(s): 8888 (http)
2022-10-18 02:00:06 [main] INFO  o.a.coyote.http11.Http11NioProtocol - Initializing ProtocolHandler ["http-nio-8888"]
2022-10-18 02:00:06 [main] INFO  o.a.catalina.core.StandardService - Starting service [Tomcat]
2022-10-18 02:00:06 [main] INFO  o.a.catalina.core.StandardEngine - Starting Servlet engine: [Apache Tomcat/9.0.46]
2022-10-18 02:00:07 [main] INFO  o.a.c.c.C.[Tomcat].[localhost].[/] - Initializing Spring embedded WebApplicationContext
2022-10-18 02:00:07 [main] INFO  o.s.b.w.s.c.ServletWebServerApplicationContext - Root WebApplicationContext: initialization completed in 32007 ms
2022-10-18 02:00:57 [main] INFO  o.s.s.web.DefaultSecurityFilterChain - Will secure Ant [pattern='/actuator/**'] with []
2022-10-18 02:00:57 [main] INFO  o.s.s.web.DefaultSecurityFilterChain - Will secure Ant [pattern='/encrypt/**'] with []
2022-10-18 02:00:57 [main] INFO  o.s.s.web.DefaultSecurityFilterChain - Will secure Ant [pattern='/decrypt/**'] with []
2022-10-18 02:00:58 [main] INFO  o.s.s.web.DefaultSecurityFilterChain - Will secure any request with [org.springframework.security.web.context.request.async.WebAsyncManagerIntegrationFilter@2820b369, org.springframework.security.web.context.SecurityContextPersistenceFilter@5bad555b, org.springframework.security.web.header.HeaderWriterFilter@56f84c9b, org.springframework.security.web.csrf.CsrfFilter@3bcedb06, org.springframework.security.web.authentication.logout.LogoutFilter@7cecab19, org.springframework.security.web.authentication.UsernamePasswordAuthenticationFilter@5c5f12e, org.springframework.security.web.authentication.ui.DefaultLoginPageGeneratingFilter@71eff6a3, org.springframework.security.web.authentication.ui.DefaultLogoutPageGeneratingFilter@46b21632, org.springframework.security.web.authentication.www.BasicAuthenticationFilter@2842c098, org.springframework.security.web.savedrequest.RequestCacheAwareFilter@70aa58e1, org.springframework.security.web.servletapi.SecurityContextHolderAwareRequestFilter@7b64bbad, org.springframework.security.web.authentication.AnonymousAuthenticationFilter@476c137b, org.springframework.security.web.session.SessionManagementFilter@5cdda548, org.springframework.security.web.access.ExceptionTranslationFilter@63f3366a, org.springframework.security.web.access.intercept.FilterSecurityInterceptor@34070bd2]
2022-10-18 02:01:01 [main] INFO  o.s.b.a.e.web.EndpointLinksResolver - Exposing 1 endpoint(s) beneath base path '/actuator'
2022-10-18 02:01:03 [main] INFO  o.a.coyote.http11.Http11NioProtocol - Starting ProtocolHandler ["http-nio-8888"]
2022-10-18 02:01:04 [main] INFO  o.s.b.w.e.tomcat.TomcatWebServer - Tomcat started on port(s): 8888 (http) with context path ''
2022-10-18 02:01:05 [main] INFO  c.o.config.server.ConfigServer - Started ConfigServer in 115.591 seconds (JVM running for 132.556)
2022-10-18 02:01:06 [http-nio-8888-exec-1] INFO  o.a.c.c.C.[Tomcat].[localhost].[/] - Initializing Spring DispatcherServlet 'dispatcherServlet'
2022-10-18 02:01:06 [http-nio-8888-exec-1] INFO  o.s.web.servlet.DispatcherServlet - Initializing Servlet 'dispatcherServlet'
2022-10-18 02:01:06 [http-nio-8888-exec-1] INFO  o.s.web.servlet.DispatcherServlet - Completed initialization in 128 ms
2022-10-18 02:01:10 [main] INFO  o.s.b.a.ApplicationAvailabilityBean - Application availability state LivenessState changed to CORRECT
2022-10-18 02:01:11 [main] INFO  o.s.b.a.ApplicationAvailabilityBean - Application availability state ReadinessState changed to ACCEPTING_TRAFFIC
2022-10-18 02:01:20 [http-nio-8888-exec-3] WARN  o.a.c.util.SessionIdGeneratorBase - Creation of SecureRandom instance for session ID generation using [SHA1PRNG] took [158] milliseconds.
2022-10-18 02:01:47 [http-nio-8888-exec-6] INFO  o.s.c.c.s.e.NativeEnvironmentRepository - Adding property source: Config resource 'file [/tmp/config-repo-16622076302545234098/config-client-twitter_to_kafka.yml]' via location 'file:/tmp/config-repo-16622076302545234098/'
2022-10-18 02:01:47 [http-nio-8888-exec-6] INFO  o.s.c.c.s.e.NativeEnvironmentRepository - Adding property source: Config resource 'file [/tmp/config-repo-16622076302545234098/config-client.yml]' via location 'file:/tmp/config-repo-16622076302545234098/'
2022-10-18 02:01:50 [http-nio-8888-exec-8] INFO  o.s.c.c.s.e.NativeEnvironmentRepository - Adding property source: Config resource 'file [/tmp/config-repo-16622076302545234098/config-client-twitter_to_kafka.yml]' via location 'file:/tmp/config-repo-16622076302545234098/'
2022-10-18 02:01:50 [http-nio-8888-exec-8] INFO  o.s.c.c.s.e.NativeEnvironmentRepository - Adding property source: Config resource 'file [/tmp/config-repo-16622076302545234098/config-client.yml]' via location 'file:/tmp/config-repo-16622076302545234098/'
2022-10-18 02:05:40 [background-preinit] INFO  o.h.validator.internal.util.Version - HV000001: Hibernate Validator 6.2.0.Final
2022-10-18 02:05:41 [main] INFO  c.o.config.server.ConfigServer - Starting ConfigServer v0.0.1-SNAPSHOT using Java 11.0.16.1 on dacc2e9a3778 with PID 1 (/workspace/BOOT-INF/classes started by cnb in /workspace)
2022-10-18 02:05:41 [main] INFO  c.o.config.server.ConfigServer - No active profile set, falling back to default profiles: default
2022-10-18 02:05:48 [background-preinit] WARN  o.s.h.c.j.Jackson2ObjectMapperBuilder - For Jackson Kotlin classes support please add "com.fasterxml.jackson.module:jackson-module-kotlin" to the classpath
2022-10-18 02:06:04 [main] INFO  o.s.cloud.context.scope.GenericScope - BeanFactory id=75b0befd-6d83-3fef-bca7-fa307f254262
2022-10-18 02:06:12 [main] INFO  o.s.b.w.e.tomcat.TomcatWebServer - Tomcat initialized with port(s): 8888 (http)
2022-10-18 02:06:12 [main] INFO  o.a.coyote.http11.Http11NioProtocol - Initializing ProtocolHandler ["http-nio-8888"]
2022-10-18 02:06:12 [main] INFO  o.a.catalina.core.StandardService - Starting service [Tomcat]
2022-10-18 02:06:12 [main] INFO  o.a.catalina.core.StandardEngine - Starting Servlet engine: [Apache Tomcat/9.0.46]
2022-10-18 02:06:13 [main] INFO  o.a.c.c.C.[Tomcat].[localhost].[/] - Initializing Spring embedded WebApplicationContext
2022-10-18 02:06:13 [main] INFO  o.s.b.w.s.c.ServletWebServerApplicationContext - Root WebApplicationContext: initialization completed in 30084 ms
2022-10-18 02:07:15 [main] INFO  o.s.s.web.DefaultSecurityFilterChain - Will secure Ant [pattern='/actuator/**'] with []
2022-10-18 02:07:15 [main] INFO  o.s.s.web.DefaultSecurityFilterChain - Will secure Ant [pattern='/encrypt/**'] with []
2022-10-18 02:07:15 [main] INFO  o.s.s.web.DefaultSecurityFilterChain - Will secure Ant [pattern='/decrypt/**'] with []
2022-10-18 02:07:15 [main] INFO  o.s.s.web.DefaultSecurityFilterChain - Will secure any request with [org.springframework.security.web.context.request.async.WebAsyncManagerIntegrationFilter@417446d9, org.springframework.security.web.context.SecurityContextPersistenceFilter@11e24688, org.springframework.security.web.header.HeaderWriterFilter@72ceafeb, org.springframework.security.web.csrf.CsrfFilter@1818390b, org.springframework.security.web.authentication.logout.LogoutFilter@574218f, org.springframework.security.web.authentication.UsernamePasswordAuthenticationFilter@7747cc1b, org.springframework.security.web.authentication.ui.DefaultLoginPageGeneratingFilter@63f3366a, org.springframework.security.web.authentication.ui.DefaultLogoutPageGeneratingFilter@34070bd2, org.springframework.security.web.authentication.www.BasicAuthenticationFilter@615c4ea4, org.springframework.security.web.savedrequest.RequestCacheAwareFilter@3a1a0bc, org.springframework.security.web.servletapi.SecurityContextHolderAwareRequestFilter@31183ee2, org.springframework.security.web.authentication.AnonymousAuthenticationFilter@1e7d3d87, org.springframework.security.web.session.SessionManagementFilter@28e91f6d, org.springframework.security.web.access.ExceptionTranslationFilter@3bcedb06, org.springframework.security.web.access.intercept.FilterSecurityInterceptor@12723c5d]
2022-10-18 02:07:17 [main] INFO  o.s.b.a.e.web.EndpointLinksResolver - Exposing 1 endpoint(s) beneath base path '/actuator'
2022-10-18 02:07:17 [main] INFO  o.a.coyote.http11.Http11NioProtocol - Starting ProtocolHandler ["http-nio-8888"]
2022-10-18 02:07:18 [main] INFO  o.s.b.w.e.tomcat.TomcatWebServer - Tomcat started on port(s): 8888 (http) with context path ''
2022-10-18 02:07:19 [main] INFO  c.o.config.server.ConfigServer - Started ConfigServer in 119.906 seconds (JVM running for 136.697)
2022-10-18 02:07:19 [http-nio-8888-exec-1] INFO  o.a.c.c.C.[Tomcat].[localhost].[/] - Initializing Spring DispatcherServlet 'dispatcherServlet'
2022-10-18 02:07:19 [http-nio-8888-exec-1] INFO  o.s.web.servlet.DispatcherServlet - Initializing Servlet 'dispatcherServlet'
2022-10-18 02:07:19 [http-nio-8888-exec-1] INFO  o.s.web.servlet.DispatcherServlet - Completed initialization in 28 ms
2022-10-18 02:07:21 [main] INFO  o.s.b.a.ApplicationAvailabilityBean - Application availability state LivenessState changed to CORRECT
2022-10-18 02:07:21 [main] INFO  o.s.b.a.ApplicationAvailabilityBean - Application availability state ReadinessState changed to ACCEPTING_TRAFFIC
2022-10-18 02:07:40 [http-nio-8888-exec-3] INFO  o.s.c.c.s.e.NativeEnvironmentRepository - Adding property source: Config resource 'file [/tmp/config-repo-16441499854971043060/config-client-twitter_to_kafka.yml]' via location 'file:/tmp/config-repo-16441499854971043060/'
2022-10-18 02:07:40 [http-nio-8888-exec-3] INFO  o.s.c.c.s.e.NativeEnvironmentRepository - Adding property source: Config resource 'file [/tmp/config-repo-16441499854971043060/config-client.yml]' via location 'file:/tmp/config-repo-16441499854971043060/'
2022-10-18 02:14:44 [http-nio-8888-exec-10] INFO  o.s.c.c.s.e.NativeEnvironmentRepository - Adding property source: Config resource 'file [/tmp/config-repo-16441499854971043060/config-client-kafka_to_elastic.yml]' via location 'file:/tmp/config-repo-16441499854971043060/'
2022-10-18 02:14:44 [http-nio-8888-exec-10] INFO  o.s.c.c.s.e.NativeEnvironmentRepository - Adding property source: Config resource 'file [/tmp/config-repo-16441499854971043060/config-client.yml]' via location 'file:/tmp/config-repo-16441499854971043060/'
2022-10-18 02:17:21 [http-nio-8888-exec-2] INFO  o.s.c.c.s.e.NativeEnvironmentRepository - Adding property source: Config resource 'file [/tmp/config-repo-16441499854971043060/config-client-kafka_to_elastic.yml]' via location 'file:/tmp/config-repo-16441499854971043060/'
2022-10-18 02:17:21 [http-nio-8888-exec-2] INFO  o.s.c.c.s.e.NativeEnvironmentRepository - Adding property source: Config resource 'file [/tmp/config-repo-16441499854971043060/config-client.yml]' via location 'file:/tmp/config-repo-16441499854971043060/'
2022-10-18 02:22:10 [http-nio-8888-exec-9] INFO  o.s.c.c.s.e.NativeEnvironmentRepository - Adding property source: Config resource 'file [/tmp/config-repo-16441499854971043060/config-client-kafka_to_elastic.yml]' via location 'file:/tmp/config-repo-16441499854971043060/'
2022-10-18 02:22:10 [http-nio-8888-exec-9] INFO  o.s.c.c.s.e.NativeEnvironmentRepository - Adding property source: Config resource 'file [/tmp/config-repo-16441499854971043060/config-client.yml]' via location 'file:/tmp/config-repo-16441499854971043060/'
2022-10-18 02:24:59 [http-nio-8888-exec-7] INFO  o.s.c.c.s.e.NativeEnvironmentRepository - Adding property source: Config resource 'file [/tmp/config-repo-16441499854971043060/config-client-kafka_to_elastic.yml]' via location 'file:/tmp/config-repo-16441499854971043060/'
2022-10-18 02:24:59 [http-nio-8888-exec-7] INFO  o.s.c.c.s.e.NativeEnvironmentRepository - Adding property source: Config resource 'file [/tmp/config-repo-16441499854971043060/config-client.yml]' via location 'file:/tmp/config-repo-16441499854971043060/'
2022-10-18 03:08:09 [background-preinit] INFO  o.h.validator.internal.util.Version - HV000001: Hibernate Validator 6.2.0.Final
2022-10-18 03:08:12 [main] INFO  c.o.config.server.ConfigServer - Starting ConfigServer v0.0.1-SNAPSHOT using Java 11.0.16.1 on 47c22f9dace9 with PID 1 (/workspace/BOOT-INF/classes started by cnb in /workspace)
2022-10-18 03:08:12 [main] INFO  c.o.config.server.ConfigServer - No active profile set, falling back to default profiles: default
2022-10-18 03:08:24 [background-preinit] WARN  o.s.h.c.j.Jackson2ObjectMapperBuilder - For Jackson Kotlin classes support please add "com.fasterxml.jackson.module:jackson-module-kotlin" to the classpath
2022-10-18 03:08:49 [main] INFO  o.s.cloud.context.scope.GenericScope - BeanFactory id=7131d1b5-42ea-3d0f-9efa-6ee21427ed11
2022-10-18 03:09:11 [main] INFO  o.s.b.w.e.tomcat.TomcatWebServer - Tomcat initialized with port(s): 8888 (http)
2022-10-18 03:09:11 [main] INFO  o.a.coyote.http11.Http11NioProtocol - Initializing ProtocolHandler ["http-nio-8888"]
2022-10-18 03:09:11 [main] INFO  o.a.catalina.core.StandardService - Starting service [Tomcat]
2022-10-18 03:09:11 [main] INFO  o.a.catalina.core.StandardEngine - Starting Servlet engine: [Apache Tomcat/9.0.46]
2022-10-18 03:09:13 [main] INFO  o.a.c.c.C.[Tomcat].[localhost].[/] - Initializing Spring embedded WebApplicationContext
2022-10-18 03:09:13 [main] INFO  o.s.b.w.s.c.ServletWebServerApplicationContext - Root WebApplicationContext: initialization completed in 59053 ms
2022-10-18 03:10:07 [main] INFO  o.s.s.web.DefaultSecurityFilterChain - Will secure Ant [pattern='/actuator/**'] with []
2022-10-18 03:10:07 [main] INFO  o.s.s.web.DefaultSecurityFilterChain - Will secure Ant [pattern='/encrypt/**'] with []
2022-10-18 03:10:07 [main] INFO  o.s.s.web.DefaultSecurityFilterChain - Will secure Ant [pattern='/decrypt/**'] with []
2022-10-18 03:10:07 [main] INFO  o.s.s.web.DefaultSecurityFilterChain - Will secure any request with [org.springframework.security.web.context.request.async.WebAsyncManagerIntegrationFilter@774c5e5c, org.springframework.security.web.context.SecurityContextPersistenceFilter@3dea1ecc, org.springframework.security.web.header.HeaderWriterFilter@1c05097c, org.springframework.security.web.csrf.CsrfFilter@4f6ff62, org.springframework.security.web.authentication.logout.LogoutFilter@9f2fe2e, org.springframework.security.web.authentication.UsernamePasswordAuthenticationFilter@54b2d002, org.springframework.security.web.authentication.ui.DefaultLoginPageGeneratingFilter@6edd4fe2, org.springframework.security.web.authentication.ui.DefaultLogoutPageGeneratingFilter@4cf01c41, org.springframework.security.web.authentication.www.BasicAuthenticationFilter@56ba8e8c, org.springframework.security.web.savedrequest.RequestCacheAwareFilter@40a7974, org.springframework.security.web.servletapi.SecurityContextHolderAwareRequestFilter@40d10264, org.springframework.security.web.authentication.AnonymousAuthenticationFilter@57bac3f0, org.springframework.security.web.session.SessionManagementFilter@6f6f65a4, org.springframework.security.web.access.ExceptionTranslationFilter@76f9e000, org.springframework.security.web.access.intercept.FilterSecurityInterceptor@66b40dd3]
2022-10-18 03:10:08 [main] INFO  o.s.b.a.e.web.EndpointLinksResolver - Exposing 1 endpoint(s) beneath base path '/actuator'
2022-10-18 03:10:09 [main] INFO  o.a.coyote.http11.Http11NioProtocol - Starting ProtocolHandler ["http-nio-8888"]
2022-10-18 03:10:09 [main] INFO  o.s.b.w.e.tomcat.TomcatWebServer - Tomcat started on port(s): 8888 (http) with context path ''
2022-10-18 03:10:10 [main] INFO  c.o.config.server.ConfigServer - Started ConfigServer in 171.077 seconds (JVM running for 204.518)
2022-10-18 03:10:11 [http-nio-8888-exec-1] INFO  o.a.c.c.C.[Tomcat].[localhost].[/] - Initializing Spring DispatcherServlet 'dispatcherServlet'
2022-10-18 03:10:11 [http-nio-8888-exec-1] INFO  o.s.web.servlet.DispatcherServlet - Initializing Servlet 'dispatcherServlet'
2022-10-18 03:10:11 [http-nio-8888-exec-1] INFO  o.s.web.servlet.DispatcherServlet - Completed initialization in 102 ms
2022-10-18 03:10:12 [main] INFO  o.s.b.a.ApplicationAvailabilityBean - Application availability state LivenessState changed to CORRECT
2022-10-18 03:10:12 [main] INFO  o.s.b.a.ApplicationAvailabilityBean - Application availability state ReadinessState changed to ACCEPTING_TRAFFIC
