2022-11-15 20:10:10 [main] ERROR o.s.boot.SpringApplication - Application run failed
java.lang.IllegalStateException: Could not locate PropertySource and the resource is not optional, failing
	at org.springframework.cloud.config.client.ConfigServerConfigDataLoader.doLoad(ConfigServerConfigDataLoader.java:163)
	at org.springframework.cloud.config.client.ConfigServerConfigDataLoader.load(ConfigServerConfigDataLoader.java:89)
	at org.springframework.cloud.config.client.ConfigServerConfigDataLoader.load(ConfigServerConfigDataLoader.java:58)
	at org.springframework.boot.context.config.ConfigDataLoaders.load(ConfigDataLoaders.java:105)
	at org.springframework.boot.context.config.ConfigDataImporter.load(ConfigDataImporter.java:128)
	at org.springframework.boot.context.config.ConfigDataImporter.resolveAndLoad(ConfigDataImporter.java:86)
	at org.springframework.boot.context.config.ConfigDataEnvironmentContributors.withProcessedImports(ConfigDataEnvironmentContributors.java:121)
	at org.springframework.boot.context.config.ConfigDataEnvironment.processWithProfiles(ConfigDataEnvironment.java:314)
	at org.springframework.boot.context.config.ConfigDataEnvironment.processAndApply(ConfigDataEnvironment.java:235)
	at org.springframework.boot.context.config.ConfigDataEnvironmentPostProcessor.postProcessEnvironment(ConfigDataEnvironmentPostProcessor.java:102)
	at org.springframework.boot.context.config.ConfigDataEnvironmentPostProcessor.postProcessEnvironment(ConfigDataEnvironmentPostProcessor.java:94)
	at org.springframework.boot.env.EnvironmentPostProcessorApplicationListener.onApplicationEnvironmentPreparedEvent(EnvironmentPostProcessorApplicationListener.java:100)
	at org.springframework.boot.env.EnvironmentPostProcessorApplicationListener.onApplicationEvent(EnvironmentPostProcessorApplicationListener.java:86)
	at org.springframework.context.event.SimpleApplicationEventMulticaster.doInvokeListener(SimpleApplicationEventMulticaster.java:176)
	at org.springframework.context.event.SimpleApplicationEventMulticaster.invokeListener(SimpleApplicationEventMulticaster.java:169)
	at org.springframework.context.event.SimpleApplicationEventMulticaster.multicastEvent(SimpleApplicationEventMulticaster.java:143)
	at org.springframework.context.event.SimpleApplicationEventMulticaster.multicastEvent(SimpleApplicationEventMulticaster.java:131)
	at org.springframework.boot.context.event.EventPublishingRunListener.environmentPrepared(EventPublishingRunListener.java:82)
	at org.springframework.boot.SpringApplicationRunListeners.lambda$environmentPrepared$2(SpringApplicationRunListeners.java:63)
	at java.base/java.util.ArrayList.forEach(Unknown Source)
	at org.springframework.boot.SpringApplicationRunListeners.doWithListeners(SpringApplicationRunListeners.java:117)
	at org.springframework.boot.SpringApplicationRunListeners.doWithListeners(SpringApplicationRunListeners.java:111)
	at org.springframework.boot.SpringApplicationRunListeners.environmentPrepared(SpringApplicationRunListeners.java:62)
	at org.springframework.boot.SpringApplication.prepareEnvironment(SpringApplication.java:373)
	at org.springframework.boot.SpringApplication.run(SpringApplication.java:331)
	at org.springframework.boot.SpringApplication.run(SpringApplication.java:1336)
	at org.springframework.boot.SpringApplication.run(SpringApplication.java:1325)
	at com.ornaccodes.kafka.to.elastic.service.KafkaToElasticServiceApplication.main(KafkaToElasticServiceApplication.java:11)
	at java.base/jdk.internal.reflect.NativeMethodAccessorImpl.invoke0(Native Method)
	at java.base/jdk.internal.reflect.NativeMethodAccessorImpl.invoke(Unknown Source)
	at java.base/jdk.internal.reflect.DelegatingMethodAccessorImpl.invoke(Unknown Source)
	at java.base/java.lang.reflect.Method.invoke(Unknown Source)
	at org.springframework.boot.loader.MainMethodRunner.run(MainMethodRunner.java:49)
	at org.springframework.boot.loader.Launcher.launch(Launcher.java:108)
	at org.springframework.boot.loader.Launcher.launch(Launcher.java:58)
	at org.springframework.boot.loader.JarLauncher.main(JarLauncher.java:88)
Caused by: org.springframework.web.client.ResourceAccessException: I/O error on GET request for "http://config-server:8888/kafka-to-elastic-service,config-client/kafka_to_elastic": Connection refused (Connection refused); nested exception is java.net.ConnectException: Connection refused (Connection refused)
	at org.springframework.web.client.RestTemplate.doExecute(RestTemplate.java:785)
	at org.springframework.web.client.RestTemplate.execute(RestTemplate.java:711)
	at org.springframework.web.client.RestTemplate.exchange(RestTemplate.java:602)
	at org.springframework.cloud.config.client.ConfigServerConfigDataLoader.getRemoteEnvironment(ConfigServerConfigDataLoader.java:269)
	at org.springframework.cloud.config.client.ConfigServerConfigDataLoader.doLoad(ConfigServerConfigDataLoader.java:105)
	... 35 common frames omitted
Caused by: java.net.ConnectException: Connection refused (Connection refused)
	at java.base/java.net.PlainSocketImpl.socketConnect(Native Method)
	at java.base/java.net.AbstractPlainSocketImpl.doConnect(Unknown Source)
	at java.base/java.net.AbstractPlainSocketImpl.connectToAddress(Unknown Source)
	at java.base/java.net.AbstractPlainSocketImpl.connect(Unknown Source)
	at java.base/java.net.Socket.connect(Unknown Source)
	at java.base/sun.net.NetworkClient.doConnect(Unknown Source)
	at java.base/sun.net.www.http.HttpClient.openServer(Unknown Source)
	at java.base/sun.net.www.http.HttpClient.openServer(Unknown Source)
	at java.base/sun.net.www.http.HttpClient.<init>(Unknown Source)
	at java.base/sun.net.www.http.HttpClient.New(Unknown Source)
	at java.base/sun.net.www.http.HttpClient.New(Unknown Source)
	at java.base/sun.net.www.protocol.http.HttpURLConnection.getNewHttpClient(Unknown Source)
	at java.base/sun.net.www.protocol.http.HttpURLConnection.plainConnect0(Unknown Source)
	at java.base/sun.net.www.protocol.http.HttpURLConnection.plainConnect(Unknown Source)
	at java.base/sun.net.www.protocol.http.HttpURLConnection.connect(Unknown Source)
	at org.springframework.http.client.SimpleBufferingClientHttpRequest.executeInternal(SimpleBufferingClientHttpRequest.java:76)
	at org.springframework.http.client.AbstractBufferingClientHttpRequest.executeInternal(AbstractBufferingClientHttpRequest.java:48)
	at org.springframework.http.client.AbstractClientHttpRequest.execute(AbstractClientHttpRequest.java:66)
	at org.springframework.web.client.RestTemplate.doExecute(RestTemplate.java:776)
	... 39 common frames omitted
2022-11-15 20:18:55 [main] ERROR o.s.boot.SpringApplication - Application run failed
java.lang.IllegalStateException: Could not locate PropertySource and the resource is not optional, failing
	at org.springframework.cloud.config.client.ConfigServerConfigDataLoader.doLoad(ConfigServerConfigDataLoader.java:163)
	at org.springframework.cloud.config.client.ConfigServerConfigDataLoader.load(ConfigServerConfigDataLoader.java:89)
	at org.springframework.cloud.config.client.ConfigServerConfigDataLoader.load(ConfigServerConfigDataLoader.java:58)
	at org.springframework.boot.context.config.ConfigDataLoaders.load(ConfigDataLoaders.java:105)
	at org.springframework.boot.context.config.ConfigDataImporter.load(ConfigDataImporter.java:128)
	at org.springframework.boot.context.config.ConfigDataImporter.resolveAndLoad(ConfigDataImporter.java:86)
	at org.springframework.boot.context.config.ConfigDataEnvironmentContributors.withProcessedImports(ConfigDataEnvironmentContributors.java:121)
	at org.springframework.boot.context.config.ConfigDataEnvironment.processWithProfiles(ConfigDataEnvironment.java:314)
	at org.springframework.boot.context.config.ConfigDataEnvironment.processAndApply(ConfigDataEnvironment.java:235)
	at org.springframework.boot.context.config.ConfigDataEnvironmentPostProcessor.postProcessEnvironment(ConfigDataEnvironmentPostProcessor.java:102)
	at org.springframework.boot.context.config.ConfigDataEnvironmentPostProcessor.postProcessEnvironment(ConfigDataEnvironmentPostProcessor.java:94)
	at org.springframework.boot.env.EnvironmentPostProcessorApplicationListener.onApplicationEnvironmentPreparedEvent(EnvironmentPostProcessorApplicationListener.java:100)
	at org.springframework.boot.env.EnvironmentPostProcessorApplicationListener.onApplicationEvent(EnvironmentPostProcessorApplicationListener.java:86)
	at org.springframework.context.event.SimpleApplicationEventMulticaster.doInvokeListener(SimpleApplicationEventMulticaster.java:176)
	at org.springframework.context.event.SimpleApplicationEventMulticaster.invokeListener(SimpleApplicationEventMulticaster.java:169)
	at org.springframework.context.event.SimpleApplicationEventMulticaster.multicastEvent(SimpleApplicationEventMulticaster.java:143)
	at org.springframework.context.event.SimpleApplicationEventMulticaster.multicastEvent(SimpleApplicationEventMulticaster.java:131)
	at org.springframework.boot.context.event.EventPublishingRunListener.environmentPrepared(EventPublishingRunListener.java:82)
	at org.springframework.boot.SpringApplicationRunListeners.lambda$environmentPrepared$2(SpringApplicationRunListeners.java:63)
	at java.base/java.util.ArrayList.forEach(Unknown Source)
	at org.springframework.boot.SpringApplicationRunListeners.doWithListeners(SpringApplicationRunListeners.java:117)
	at org.springframework.boot.SpringApplicationRunListeners.doWithListeners(SpringApplicationRunListeners.java:111)
	at org.springframework.boot.SpringApplicationRunListeners.environmentPrepared(SpringApplicationRunListeners.java:62)
	at org.springframework.boot.SpringApplication.prepareEnvironment(SpringApplication.java:373)
	at org.springframework.boot.SpringApplication.run(SpringApplication.java:331)
	at org.springframework.boot.SpringApplication.run(SpringApplication.java:1336)
	at org.springframework.boot.SpringApplication.run(SpringApplication.java:1325)
	at com.ornaccodes.kafka.to.elastic.service.KafkaToElasticServiceApplication.main(KafkaToElasticServiceApplication.java:11)
	at java.base/jdk.internal.reflect.NativeMethodAccessorImpl.invoke0(Native Method)
	at java.base/jdk.internal.reflect.NativeMethodAccessorImpl.invoke(Unknown Source)
	at java.base/jdk.internal.reflect.DelegatingMethodAccessorImpl.invoke(Unknown Source)
	at java.base/java.lang.reflect.Method.invoke(Unknown Source)
	at org.springframework.boot.loader.MainMethodRunner.run(MainMethodRunner.java:49)
	at org.springframework.boot.loader.Launcher.launch(Launcher.java:108)
	at org.springframework.boot.loader.Launcher.launch(Launcher.java:58)
	at org.springframework.boot.loader.JarLauncher.main(JarLauncher.java:88)
Caused by: org.springframework.web.client.ResourceAccessException: I/O error on GET request for "http://config-server:8888/kafka-to-elastic-service,config-client/kafka_to_elastic": Connection refused (Connection refused); nested exception is java.net.ConnectException: Connection refused (Connection refused)
	at org.springframework.web.client.RestTemplate.doExecute(RestTemplate.java:785)
	at org.springframework.web.client.RestTemplate.execute(RestTemplate.java:711)
	at org.springframework.web.client.RestTemplate.exchange(RestTemplate.java:602)
	at org.springframework.cloud.config.client.ConfigServerConfigDataLoader.getRemoteEnvironment(ConfigServerConfigDataLoader.java:269)
	at org.springframework.cloud.config.client.ConfigServerConfigDataLoader.doLoad(ConfigServerConfigDataLoader.java:105)
	... 35 common frames omitted
Caused by: java.net.ConnectException: Connection refused (Connection refused)
	at java.base/java.net.PlainSocketImpl.socketConnect(Native Method)
	at java.base/java.net.AbstractPlainSocketImpl.doConnect(Unknown Source)
	at java.base/java.net.AbstractPlainSocketImpl.connectToAddress(Unknown Source)
	at java.base/java.net.AbstractPlainSocketImpl.connect(Unknown Source)
	at java.base/java.net.Socket.connect(Unknown Source)
	at java.base/sun.net.NetworkClient.doConnect(Unknown Source)
	at java.base/sun.net.www.http.HttpClient.openServer(Unknown Source)
	at java.base/sun.net.www.http.HttpClient.openServer(Unknown Source)
	at java.base/sun.net.www.http.HttpClient.<init>(Unknown Source)
	at java.base/sun.net.www.http.HttpClient.New(Unknown Source)
	at java.base/sun.net.www.http.HttpClient.New(Unknown Source)
	at java.base/sun.net.www.protocol.http.HttpURLConnection.getNewHttpClient(Unknown Source)
	at java.base/sun.net.www.protocol.http.HttpURLConnection.plainConnect0(Unknown Source)
	at java.base/sun.net.www.protocol.http.HttpURLConnection.plainConnect(Unknown Source)
	at java.base/sun.net.www.protocol.http.HttpURLConnection.connect(Unknown Source)
	at org.springframework.http.client.SimpleBufferingClientHttpRequest.executeInternal(SimpleBufferingClientHttpRequest.java:76)
	at org.springframework.http.client.AbstractBufferingClientHttpRequest.executeInternal(AbstractBufferingClientHttpRequest.java:48)
	at org.springframework.http.client.AbstractClientHttpRequest.execute(AbstractClientHttpRequest.java:66)
	at org.springframework.web.client.RestTemplate.doExecute(RestTemplate.java:776)
	... 39 common frames omitted
2022-11-15 20:30:58 [main] INFO  c.o.k.t.e.s.KafkaToElasticServiceApplication - Starting KafkaToElasticServiceApplication v0.0.1-SNAPSHOT using Java 11.0.17 on f7a8e1266cdd with PID 477 (/workspace/BOOT-INF/classes started by root in /workspace)
2022-11-15 20:30:58 [main] INFO  c.o.k.t.e.s.KafkaToElasticServiceApplication - The following profiles are active: kafka_to_elastic
2022-11-15 20:30:59 [main] INFO  o.s.b.c.config.ConfigDataLoader - Fetching config from server at : http://config-server:8888
2022-11-15 20:30:59 [main] INFO  o.s.b.c.config.ConfigDataLoader - Located environment: name=kafka-to-elastic-service,config-client, profiles=[kafka_to_elastic], label=null, version=cacdc1942ed810fc8beb9aa5e79e5854a1493198, state=null
2022-11-15 20:31:10 [main] INFO  o.s.d.r.c.RepositoryConfigurationDelegate - Bootstrapping Spring Data Elasticsearch repositories in DEFAULT mode.
2022-11-15 20:31:13 [main] INFO  o.s.d.r.c.RepositoryConfigurationDelegate - Finished Spring Data repository scanning in 3008 ms. Found 1 Elasticsearch repository interfaces.
2022-11-15 20:31:15 [main] INFO  o.s.d.r.c.RepositoryConfigurationDelegate - Bootstrapping Spring Data Reactive Elasticsearch repositories in DEFAULT mode.
2022-11-15 20:31:15 [main] INFO  o.s.d.r.c.RepositoryConfigurationDelegate - Finished Spring Data repository scanning in 51 ms. Found 0 Reactive Elasticsearch repository interfaces.
2022-11-15 20:31:18 [main] INFO  o.s.cloud.context.scope.GenericScope - BeanFactory id=4cfe3aa4-b091-33da-be0d-5941fd9be6f8
2022-11-15 20:31:19 [main] INFO  o.s.c.s.PostProcessorRegistrationDelegate$BeanPostProcessorChecker - Bean 'org.springframework.retry.annotation.RetryConfiguration' of type [org.springframework.retry.annotation.RetryConfiguration] is not eligible for getting processed by all BeanPostProcessors (for example: not eligible for auto-proxying)
2022-11-15 20:31:23 [main] INFO  o.a.k.c.admin.AdminClientConfig - AdminClientConfig values: 
	bootstrap.servers = [kafka-broker-1:9092, kafka-broker-2:9092, kafka-broker-3:9092]
	client.dns.lookup = use_all_dns_ips
	client.id = 
	connections.max.idle.ms = 300000
	default.api.timeout.ms = 60000
	metadata.max.age.ms = 300000
	metric.reporters = []
	metrics.num.samples = 2
	metrics.recording.level = INFO
	metrics.sample.window.ms = 30000
	receive.buffer.bytes = 65536
	reconnect.backoff.max.ms = 1000
	reconnect.backoff.ms = 50
	request.timeout.ms = 30000
	retries = 2147483647
	retry.backoff.ms = 100
	sasl.client.callback.handler.class = null
	sasl.jaas.config = null
	sasl.kerberos.kinit.cmd = /usr/bin/kinit
	sasl.kerberos.min.time.before.relogin = 60000
	sasl.kerberos.service.name = null
	sasl.kerberos.ticket.renew.jitter = 0.05
	sasl.kerberos.ticket.renew.window.factor = 0.8
	sasl.login.callback.handler.class = null
	sasl.login.class = null
	sasl.login.refresh.buffer.seconds = 300
	sasl.login.refresh.min.period.seconds = 60
	sasl.login.refresh.window.factor = 0.8
	sasl.login.refresh.window.jitter = 0.05
	sasl.mechanism = GSSAPI
	security.protocol = PLAINTEXT
	security.providers = null
	send.buffer.bytes = 131072
	socket.connection.setup.timeout.max.ms = 127000
	socket.connection.setup.timeout.ms = 10000
	ssl.cipher.suites = null
	ssl.enabled.protocols = [TLSv1.2, TLSv1.3]
	ssl.endpoint.identification.algorithm = https
	ssl.engine.factory.class = null
	ssl.key.password = null
	ssl.keymanager.algorithm = SunX509
	ssl.keystore.certificate.chain = null
	ssl.keystore.key = null
	ssl.keystore.location = null
	ssl.keystore.password = null
	ssl.keystore.type = JKS
	ssl.protocol = TLSv1.3
	ssl.provider = null
	ssl.secure.random.implementation = null
	ssl.trustmanager.algorithm = PKIX
	ssl.truststore.certificates = null
	ssl.truststore.location = null
	ssl.truststore.password = null
	ssl.truststore.type = JKS

2022-11-15 20:31:24 [main] INFO  o.a.kafka.common.utils.AppInfoParser - Kafka version: 2.7.1
2022-11-15 20:31:24 [main] INFO  o.a.kafka.common.utils.AppInfoParser - Kafka commitId: 61dbce85d0d41457
2022-11-15 20:31:24 [main] INFO  o.a.kafka.common.utils.AppInfoParser - Kafka startTimeMs: 1668544284602
2022-11-15 20:31:32 [main] WARN  o.s.b.w.r.c.AnnotationConfigReactiveWebServerApplicationContext - Exception encountered during context initialization - cancelling refresh attempt: org.springframework.beans.factory.UnsatisfiedDependencyException: Error creating bean with name 'twitterKafkaConsumer' defined in file [/workspace/BOOT-INF/classes/com/ornaccodes/kafka/to/elastic/service/consumer/impl/TwitterKafkaConsumer.class]: Unsatisfied dependency expressed through constructor parameter 5; nested exception is org.springframework.beans.factory.UnsatisfiedDependencyException: Error creating bean with name 'twitterElasticRepositoryIndexClient' defined in URL [jar:file:/workspace/BOOT-INF/lib/elastic-index-client-0.0.1-SNAPSHOT.jar!/com/ornaccodes/elastic/index/client/service/impl/TwitterElasticRepositoryIndexClient.class]: Unsatisfied dependency expressed through constructor parameter 0; nested exception is org.springframework.beans.factory.BeanCreationException: Error creating bean with name 'twitterElasticsearchIndexRepository' defined in com.ornaccodes.elastic.index.client.repository.TwitterElasticsearchIndexRepository defined in @EnableElasticsearchRepositories declared on ElasticsearchConfig: Cannot resolve reference to bean 'elasticsearchTemplate' while setting bean property 'elasticsearchOperations'; nested exception is org.springframework.beans.factory.BeanCreationException: Error creating bean with name 'elasticsearchOperations' defined in class path resource [com/ornaccodes/elastic/config/ElasticsearchConfig.class]: Bean instantiation via factory method failed; nested exception is org.springframework.beans.BeanInstantiationException: Failed to instantiate [org.springframework.data.elasticsearch.core.ElasticsearchOperations]: Factory method 'elasticsearchOperations' threw exception; nested exception is org.springframework.beans.factory.BeanCreationException: Error creating bean with name 'elasticsearchClient' defined in class path resource [com/ornaccodes/elastic/config/ElasticsearchConfig.class]: Bean instantiation via factory method failed; nested exception is org.springframework.beans.BeanInstantiationException: Failed to instantiate [org.elasticsearch.client.RestHighLevelClient]: Factory method 'elasticsearchClient' threw exception; nested exception is java.lang.NoClassDefFoundError: org/elasticsearch/action/admin/cluster/snapshots/clone/CloneSnapshotRequest
2022-11-15 20:31:32 [kafka-admin-client-thread | adminclient-1] INFO  o.a.kafka.common.utils.AppInfoParser - App info kafka.admin.client for adminclient-1 unregistered
2022-11-15 20:31:32 [kafka-admin-client-thread | adminclient-1] INFO  o.a.kafka.common.metrics.Metrics - Metrics scheduler closed
2022-11-15 20:31:32 [kafka-admin-client-thread | adminclient-1] INFO  o.a.kafka.common.metrics.Metrics - Closing reporter org.apache.kafka.common.metrics.JmxReporter
2022-11-15 20:31:32 [kafka-admin-client-thread | adminclient-1] INFO  o.a.kafka.common.metrics.Metrics - Metrics reporters closed
2022-11-15 20:31:32 [main] INFO  o.s.b.a.l.ConditionEvaluationReportLoggingListener - 

Error starting ApplicationContext. To display the conditions report re-run your application with 'debug' enabled.
2022-11-15 20:31:32 [main] ERROR o.s.boot.SpringApplication - Application run failed
org.springframework.beans.factory.UnsatisfiedDependencyException: Error creating bean with name 'twitterKafkaConsumer' defined in file [/workspace/BOOT-INF/classes/com/ornaccodes/kafka/to/elastic/service/consumer/impl/TwitterKafkaConsumer.class]: Unsatisfied dependency expressed through constructor parameter 5; nested exception is org.springframework.beans.factory.UnsatisfiedDependencyException: Error creating bean with name 'twitterElasticRepositoryIndexClient' defined in URL [jar:file:/workspace/BOOT-INF/lib/elastic-index-client-0.0.1-SNAPSHOT.jar!/com/ornaccodes/elastic/index/client/service/impl/TwitterElasticRepositoryIndexClient.class]: Unsatisfied dependency expressed through constructor parameter 0; nested exception is org.springframework.beans.factory.BeanCreationException: Error creating bean with name 'twitterElasticsearchIndexRepository' defined in com.ornaccodes.elastic.index.client.repository.TwitterElasticsearchIndexRepository defined in @EnableElasticsearchRepositories declared on ElasticsearchConfig: Cannot resolve reference to bean 'elasticsearchTemplate' while setting bean property 'elasticsearchOperations'; nested exception is org.springframework.beans.factory.BeanCreationException: Error creating bean with name 'elasticsearchOperations' defined in class path resource [com/ornaccodes/elastic/config/ElasticsearchConfig.class]: Bean instantiation via factory method failed; nested exception is org.springframework.beans.BeanInstantiationException: Failed to instantiate [org.springframework.data.elasticsearch.core.ElasticsearchOperations]: Factory method 'elasticsearchOperations' threw exception; nested exception is org.springframework.beans.factory.BeanCreationException: Error creating bean with name 'elasticsearchClient' defined in class path resource [com/ornaccodes/elastic/config/ElasticsearchConfig.class]: Bean instantiation via factory method failed; nested exception is org.springframework.beans.BeanInstantiationException: Failed to instantiate [org.elasticsearch.client.RestHighLevelClient]: Factory method 'elasticsearchClient' threw exception; nested exception is java.lang.NoClassDefFoundError: org/elasticsearch/action/admin/cluster/snapshots/clone/CloneSnapshotRequest
	at org.springframework.beans.factory.support.ConstructorResolver.createArgumentArray(ConstructorResolver.java:800)
	at org.springframework.beans.factory.support.ConstructorResolver.autowireConstructor(ConstructorResolver.java:229)
	at org.springframework.beans.factory.support.AbstractAutowireCapableBeanFactory.autowireConstructor(AbstractAutowireCapableBeanFactory.java:1354)
	at org.springframework.beans.factory.support.AbstractAutowireCapableBeanFactory.createBeanInstance(AbstractAutowireCapableBeanFactory.java:1204)
	at org.springframework.beans.factory.support.AbstractAutowireCapableBeanFactory.doCreateBean(AbstractAutowireCapableBeanFactory.java:564)
	at org.springframework.beans.factory.support.AbstractAutowireCapableBeanFactory.createBean(AbstractAutowireCapableBeanFactory.java:524)
	at org.springframework.beans.factory.support.AbstractBeanFactory.lambda$doGetBean$0(AbstractBeanFactory.java:335)
	at org.springframework.beans.factory.support.DefaultSingletonBeanRegistry.getSingleton(DefaultSingletonBeanRegistry.java:234)
	at org.springframework.beans.factory.support.AbstractBeanFactory.doGetBean(AbstractBeanFactory.java:333)
	at org.springframework.beans.factory.support.AbstractBeanFactory.getBean(AbstractBeanFactory.java:208)
	at org.springframework.beans.factory.support.DefaultListableBeanFactory.preInstantiateSingletons(DefaultListableBeanFactory.java:944)
	at org.springframework.context.support.AbstractApplicationContext.finishBeanFactoryInitialization(AbstractApplicationContext.java:918)
	at org.springframework.context.support.AbstractApplicationContext.refresh(AbstractApplicationContext.java:583)
	at org.springframework.boot.web.reactive.context.ReactiveWebServerApplicationContext.refresh(ReactiveWebServerApplicationContext.java:64)
	at org.springframework.boot.SpringApplication.refresh(SpringApplication.java:758)
	at org.springframework.boot.SpringApplication.refreshContext(SpringApplication.java:438)
	at org.springframework.boot.SpringApplication.run(SpringApplication.java:337)
	at org.springframework.boot.SpringApplication.run(SpringApplication.java:1336)
	at org.springframework.boot.SpringApplication.run(SpringApplication.java:1325)
	at com.ornaccodes.kafka.to.elastic.service.KafkaToElasticServiceApplication.main(KafkaToElasticServiceApplication.java:11)
	at java.base/jdk.internal.reflect.NativeMethodAccessorImpl.invoke0(Native Method)
	at java.base/jdk.internal.reflect.NativeMethodAccessorImpl.invoke(Unknown Source)
	at java.base/jdk.internal.reflect.DelegatingMethodAccessorImpl.invoke(Unknown Source)
	at java.base/java.lang.reflect.Method.invoke(Unknown Source)
	at org.springframework.boot.loader.MainMethodRunner.run(MainMethodRunner.java:49)
	at org.springframework.boot.loader.Launcher.launch(Launcher.java:108)
	at org.springframework.boot.loader.Launcher.launch(Launcher.java:58)
	at org.springframework.boot.loader.JarLauncher.main(JarLauncher.java:88)
Caused by: org.springframework.beans.factory.UnsatisfiedDependencyException: Error creating bean with name 'twitterElasticRepositoryIndexClient' defined in URL [jar:file:/workspace/BOOT-INF/lib/elastic-index-client-0.0.1-SNAPSHOT.jar!/com/ornaccodes/elastic/index/client/service/impl/TwitterElasticRepositoryIndexClient.class]: Unsatisfied dependency expressed through constructor parameter 0; nested exception is org.springframework.beans.factory.BeanCreationException: Error creating bean with name 'twitterElasticsearchIndexRepository' defined in com.ornaccodes.elastic.index.client.repository.TwitterElasticsearchIndexRepository defined in @EnableElasticsearchRepositories declared on ElasticsearchConfig: Cannot resolve reference to bean 'elasticsearchTemplate' while setting bean property 'elasticsearchOperations'; nested exception is org.springframework.beans.factory.BeanCreationException: Error creating bean with name 'elasticsearchOperations' defined in class path resource [com/ornaccodes/elastic/config/ElasticsearchConfig.class]: Bean instantiation via factory method failed; nested exception is org.springframework.beans.BeanInstantiationException: Failed to instantiate [org.springframework.data.elasticsearch.core.ElasticsearchOperations]: Factory method 'elasticsearchOperations' threw exception; nested exception is org.springframework.beans.factory.BeanCreationException: Error creating bean with name 'elasticsearchClient' defined in class path resource [com/ornaccodes/elastic/config/ElasticsearchConfig.class]: Bean instantiation via factory method failed; nested exception is org.springframework.beans.BeanInstantiationException: Failed to instantiate [org.elasticsearch.client.RestHighLevelClient]: Factory method 'elasticsearchClient' threw exception; nested exception is java.lang.NoClassDefFoundError: org/elasticsearch/action/admin/cluster/snapshots/clone/CloneSnapshotRequest
	at org.springframework.beans.factory.support.ConstructorResolver.createArgumentArray(ConstructorResolver.java:800)
	at org.springframework.beans.factory.support.ConstructorResolver.autowireConstructor(ConstructorResolver.java:229)
	at org.springframework.beans.factory.support.AbstractAutowireCapableBeanFactory.autowireConstructor(AbstractAutowireCapableBeanFactory.java:1354)
	at org.springframework.beans.factory.support.AbstractAutowireCapableBeanFactory.createBeanInstance(AbstractAutowireCapableBeanFactory.java:1204)
	at org.springframework.beans.factory.support.AbstractAutowireCapableBeanFactory.doCreateBean(AbstractAutowireCapableBeanFactory.java:564)
	at org.springframework.beans.factory.support.AbstractAutowireCapableBeanFactory.createBean(AbstractAutowireCapableBeanFactory.java:524)
	at org.springframework.beans.factory.support.AbstractBeanFactory.lambda$doGetBean$0(AbstractBeanFactory.java:335)
	at org.springframework.beans.factory.support.DefaultSingletonBeanRegistry.getSingleton(DefaultSingletonBeanRegistry.java:234)
	at org.springframework.beans.factory.support.AbstractBeanFactory.doGetBean(AbstractBeanFactory.java:333)
	at org.springframework.beans.factory.support.AbstractBeanFactory.getBean(AbstractBeanFactory.java:208)
	at org.springframework.beans.factory.config.DependencyDescriptor.resolveCandidate(DependencyDescriptor.java:276)
	at org.springframework.beans.factory.support.DefaultListableBeanFactory.doResolveDependency(DefaultListableBeanFactory.java:1380)
	at org.springframework.beans.factory.support.DefaultListableBeanFactory.resolveDependency(DefaultListableBeanFactory.java:1300)
	at org.springframework.beans.factory.support.ConstructorResolver.resolveAutowiredArgument(ConstructorResolver.java:887)
	at org.springframework.beans.factory.support.ConstructorResolver.createArgumentArray(ConstructorResolver.java:791)
	... 27 common frames omitted
Caused by: org.springframework.beans.factory.BeanCreationException: Error creating bean with name 'twitterElasticsearchIndexRepository' defined in com.ornaccodes.elastic.index.client.repository.TwitterElasticsearchIndexRepository defined in @EnableElasticsearchRepositories declared on ElasticsearchConfig: Cannot resolve reference to bean 'elasticsearchTemplate' while setting bean property 'elasticsearchOperations'; nested exception is org.springframework.beans.factory.BeanCreationException: Error creating bean with name 'elasticsearchOperations' defined in class path resource [com/ornaccodes/elastic/config/ElasticsearchConfig.class]: Bean instantiation via factory method failed; nested exception is org.springframework.beans.BeanInstantiationException: Failed to instantiate [org.springframework.data.elasticsearch.core.ElasticsearchOperations]: Factory method 'elasticsearchOperations' threw exception; nested exception is org.springframework.beans.factory.BeanCreationException: Error creating bean with name 'elasticsearchClient' defined in class path resource [com/ornaccodes/elastic/config/ElasticsearchConfig.class]: Bean instantiation via factory method failed; nested exception is org.springframework.beans.BeanInstantiationException: Failed to instantiate [org.elasticsearch.client.RestHighLevelClient]: Factory method 'elasticsearchClient' threw exception; nested exception is java.lang.NoClassDefFoundError: org/elasticsearch/action/admin/cluster/snapshots/clone/CloneSnapshotRequest
	at org.springframework.beans.factory.support.BeanDefinitionValueResolver.resolveReference(BeanDefinitionValueResolver.java:342)
	at org.springframework.beans.factory.support.BeanDefinitionValueResolver.resolveValueIfNecessary(BeanDefinitionValueResolver.java:113)
	at org.springframework.beans.factory.support.AbstractAutowireCapableBeanFactory.applyPropertyValues(AbstractAutowireCapableBeanFactory.java:1689)
	at org.springframework.beans.factory.support.AbstractAutowireCapableBeanFactory.populateBean(AbstractAutowireCapableBeanFactory.java:1434)
	at org.springframework.beans.factory.support.AbstractAutowireCapableBeanFactory.doCreateBean(AbstractAutowireCapableBeanFactory.java:601)
	at org.springframework.beans.factory.support.AbstractAutowireCapableBeanFactory.createBean(AbstractAutowireCapableBeanFactory.java:524)
	at org.springframework.beans.factory.support.AbstractBeanFactory.lambda$doGetBean$0(AbstractBeanFactory.java:335)
	at org.springframework.beans.factory.support.DefaultSingletonBeanRegistry.getSingleton(DefaultSingletonBeanRegistry.java:234)
	at org.springframework.beans.factory.support.AbstractBeanFactory.doGetBean(AbstractBeanFactory.java:333)
	at org.springframework.beans.factory.support.AbstractBeanFactory.getBean(AbstractBeanFactory.java:208)
	at org.springframework.beans.factory.config.DependencyDescriptor.resolveCandidate(DependencyDescriptor.java:276)
	at org.springframework.beans.factory.support.DefaultListableBeanFactory.doResolveDependency(DefaultListableBeanFactory.java:1380)
	at org.springframework.beans.factory.support.DefaultListableBeanFactory.resolveDependency(DefaultListableBeanFactory.java:1300)
	at org.springframework.beans.factory.support.ConstructorResolver.resolveAutowiredArgument(ConstructorResolver.java:887)
	at org.springframework.beans.factory.support.ConstructorResolver.createArgumentArray(ConstructorResolver.java:791)
	... 41 common frames omitted
Caused by: org.springframework.beans.factory.BeanCreationException: Error creating bean with name 'elasticsearchOperations' defined in class path resource [com/ornaccodes/elastic/config/ElasticsearchConfig.class]: Bean instantiation via factory method failed; nested exception is org.springframework.beans.BeanInstantiationException: Failed to instantiate [org.springframework.data.elasticsearch.core.ElasticsearchOperations]: Factory method 'elasticsearchOperations' threw exception; nested exception is org.springframework.beans.factory.BeanCreationException: Error creating bean with name 'elasticsearchClient' defined in class path resource [com/ornaccodes/elastic/config/ElasticsearchConfig.class]: Bean instantiation via factory method failed; nested exception is org.springframework.beans.BeanInstantiationException: Failed to instantiate [org.elasticsearch.client.RestHighLevelClient]: Factory method 'elasticsearchClient' threw exception; nested exception is java.lang.NoClassDefFoundError: org/elasticsearch/action/admin/cluster/snapshots/clone/CloneSnapshotRequest
	at org.springframework.beans.factory.support.ConstructorResolver.instantiate(ConstructorResolver.java:658)
	at org.springframework.beans.factory.support.ConstructorResolver.instantiateUsingFactoryMethod(ConstructorResolver.java:638)
	at org.springframework.beans.factory.support.AbstractAutowireCapableBeanFactory.instantiateUsingFactoryMethod(AbstractAutowireCapableBeanFactory.java:1334)
	at org.springframework.beans.factory.support.AbstractAutowireCapableBeanFactory.createBeanInstance(AbstractAutowireCapableBeanFactory.java:1177)
	at org.springframework.beans.factory.support.AbstractAutowireCapableBeanFactory.doCreateBean(AbstractAutowireCapableBeanFactory.java:564)
	at org.springframework.beans.factory.support.AbstractAutowireCapableBeanFactory.createBean(AbstractAutowireCapableBeanFactory.java:524)
	at org.springframework.beans.factory.support.AbstractBeanFactory.lambda$doGetBean$0(AbstractBeanFactory.java:335)
	at org.springframework.beans.factory.support.DefaultSingletonBeanRegistry.getSingleton(DefaultSingletonBeanRegistry.java:234)
	at org.springframework.beans.factory.support.AbstractBeanFactory.doGetBean(AbstractBeanFactory.java:333)
	at org.springframework.beans.factory.support.AbstractBeanFactory.getBean(AbstractBeanFactory.java:208)
	at org.springframework.beans.factory.support.BeanDefinitionValueResolver.resolveReference(BeanDefinitionValueResolver.java:330)
	... 55 common frames omitted
Caused by: org.springframework.beans.BeanInstantiationException: Failed to instantiate [org.springframework.data.elasticsearch.core.ElasticsearchOperations]: Factory method 'elasticsearchOperations' threw exception; nested exception is org.springframework.beans.factory.BeanCreationException: Error creating bean with name 'elasticsearchClient' defined in class path resource [com/ornaccodes/elastic/config/ElasticsearchConfig.class]: Bean instantiation via factory method failed; nested exception is org.springframework.beans.BeanInstantiationException: Failed to instantiate [org.elasticsearch.client.RestHighLevelClient]: Factory method 'elasticsearchClient' threw exception; nested exception is java.lang.NoClassDefFoundError: org/elasticsearch/action/admin/cluster/snapshots/clone/CloneSnapshotRequest
	at org.springframework.beans.factory.support.SimpleInstantiationStrategy.instantiate(SimpleInstantiationStrategy.java:185)
	at org.springframework.beans.factory.support.ConstructorResolver.instantiate(ConstructorResolver.java:653)
	... 65 common frames omitted
Caused by: org.springframework.beans.factory.BeanCreationException: Error creating bean with name 'elasticsearchClient' defined in class path resource [com/ornaccodes/elastic/config/ElasticsearchConfig.class]: Bean instantiation via factory method failed; nested exception is org.springframework.beans.BeanInstantiationException: Failed to instantiate [org.elasticsearch.client.RestHighLevelClient]: Factory method 'elasticsearchClient' threw exception; nested exception is java.lang.NoClassDefFoundError: org/elasticsearch/action/admin/cluster/snapshots/clone/CloneSnapshotRequest
	at org.springframework.beans.factory.support.ConstructorResolver.instantiate(ConstructorResolver.java:658)
	at org.springframework.beans.factory.support.ConstructorResolver.instantiateUsingFactoryMethod(ConstructorResolver.java:638)
	at org.springframework.beans.factory.support.AbstractAutowireCapableBeanFactory.instantiateUsingFactoryMethod(AbstractAutowireCapableBeanFactory.java:1334)
	at org.springframework.beans.factory.support.AbstractAutowireCapableBeanFactory.createBeanInstance(AbstractAutowireCapableBeanFactory.java:1177)
	at org.springframework.beans.factory.support.AbstractAutowireCapableBeanFactory.doCreateBean(AbstractAutowireCapableBeanFactory.java:564)
	at org.springframework.beans.factory.support.AbstractAutowireCapableBeanFactory.createBean(AbstractAutowireCapableBeanFactory.java:524)
	at org.springframework.beans.factory.support.AbstractBeanFactory.lambda$doGetBean$0(AbstractBeanFactory.java:335)
	at org.springframework.beans.factory.support.DefaultSingletonBeanRegistry.getSingleton(DefaultSingletonBeanRegistry.java:234)
	at org.springframework.beans.factory.support.AbstractBeanFactory.doGetBean(AbstractBeanFactory.java:333)
	at org.springframework.beans.factory.support.AbstractBeanFactory.getBean(AbstractBeanFactory.java:208)
	at org.springframework.context.annotation.ConfigurationClassEnhancer$BeanMethodInterceptor.resolveBeanReference(ConfigurationClassEnhancer.java:362)
	at org.springframework.context.annotation.ConfigurationClassEnhancer$BeanMethodInterceptor.intercept(ConfigurationClassEnhancer.java:334)
	at com.ornaccodes.elastic.config.ElasticsearchConfig$$EnhancerBySpringCGLIB$$457acb1e.elasticsearchClient(<generated>)
	at com.ornaccodes.elastic.config.ElasticsearchConfig.elasticsearchOperations(ElasticsearchConfig.java:48)
	at com.ornaccodes.elastic.config.ElasticsearchConfig$$EnhancerBySpringCGLIB$$457acb1e.CGLIB$elasticsearchOperations$0(<generated>)
	at com.ornaccodes.elastic.config.ElasticsearchConfig$$EnhancerBySpringCGLIB$$457acb1e$$FastClassBySpringCGLIB$$476008c3.invoke(<generated>)
	at org.springframework.cglib.proxy.MethodProxy.invokeSuper(MethodProxy.java:244)
	at org.springframework.context.annotation.ConfigurationClassEnhancer$BeanMethodInterceptor.intercept(ConfigurationClassEnhancer.java:331)
	at com.ornaccodes.elastic.config.ElasticsearchConfig$$EnhancerBySpringCGLIB$$457acb1e.elasticsearchOperations(<generated>)
	at java.base/jdk.internal.reflect.NativeMethodAccessorImpl.invoke0(Native Method)
	at java.base/jdk.internal.reflect.NativeMethodAccessorImpl.invoke(Unknown Source)
	at java.base/jdk.internal.reflect.DelegatingMethodAccessorImpl.invoke(Unknown Source)
	at java.base/java.lang.reflect.Method.invoke(Unknown Source)
	at org.springframework.beans.factory.support.SimpleInstantiationStrategy.instantiate(SimpleInstantiationStrategy.java:154)
	... 66 common frames omitted
Caused by: org.springframework.beans.BeanInstantiationException: Failed to instantiate [org.elasticsearch.client.RestHighLevelClient]: Factory method 'elasticsearchClient' threw exception; nested exception is java.lang.NoClassDefFoundError: org/elasticsearch/action/admin/cluster/snapshots/clone/CloneSnapshotRequest
	at org.springframework.beans.factory.support.SimpleInstantiationStrategy.instantiate(SimpleInstantiationStrategy.java:185)
	at org.springframework.beans.factory.support.ConstructorResolver.instantiate(ConstructorResolver.java:653)
	... 89 common frames omitted
Caused by: java.lang.NoClassDefFoundError: org/elasticsearch/action/admin/cluster/snapshots/clone/CloneSnapshotRequest
	at org.elasticsearch.client.RestHighLevelClient.<init>(RestHighLevelClient.java:250)
	at org.elasticsearch.client.RestHighLevelClient.<init>(RestHighLevelClient.java:283)
	at org.elasticsearch.client.RestHighLevelClient.<init>(RestHighLevelClient.java:275)
	at com.ornaccodes.elastic.config.ElasticsearchConfig.elasticsearchClient(ElasticsearchConfig.java:37)
	at com.ornaccodes.elastic.config.ElasticsearchConfig$$EnhancerBySpringCGLIB$$457acb1e.CGLIB$elasticsearchClient$1(<generated>)
	at com.ornaccodes.elastic.config.ElasticsearchConfig$$EnhancerBySpringCGLIB$$457acb1e$$FastClassBySpringCGLIB$$476008c3.invoke(<generated>)
	at org.springframework.cglib.proxy.MethodProxy.invokeSuper(MethodProxy.java:244)
	at org.springframework.context.annotation.ConfigurationClassEnhancer$BeanMethodInterceptor.intercept(ConfigurationClassEnhancer.java:331)
	at com.ornaccodes.elastic.config.ElasticsearchConfig$$EnhancerBySpringCGLIB$$457acb1e.elasticsearchClient(<generated>)
	at java.base/jdk.internal.reflect.NativeMethodAccessorImpl.invoke0(Native Method)
	at java.base/jdk.internal.reflect.NativeMethodAccessorImpl.invoke(Unknown Source)
	at java.base/jdk.internal.reflect.DelegatingMethodAccessorImpl.invoke(Unknown Source)
	at java.base/java.lang.reflect.Method.invoke(Unknown Source)
	at org.springframework.beans.factory.support.SimpleInstantiationStrategy.instantiate(SimpleInstantiationStrategy.java:154)
	... 90 common frames omitted
Caused by: java.lang.ClassNotFoundException: org.elasticsearch.action.admin.cluster.snapshots.clone.CloneSnapshotRequest
	at java.base/java.net.URLClassLoader.findClass(Unknown Source)
	at java.base/java.lang.ClassLoader.loadClass(Unknown Source)
	at org.springframework.boot.loader.LaunchedURLClassLoader.loadClass(LaunchedURLClassLoader.java:135)
	at java.base/java.lang.ClassLoader.loadClass(Unknown Source)
	... 104 common frames omitted
