2022-08-22 22:12:01 [main] INFO  c.o.t.TwitterToKafkaServiceApplication - Starting TwitterToKafkaServiceApplication using Java 11.0.9 on Chimitas-MacBook-Pro.local with PID 4301 (/Users/chimita/Documents/microservices/eventdrivenmicroservices/twitter-to-kafka-service/target/classes started by chimita in /Users/chimita/Documents/microservices/eventdrivenmicroservices)
2022-08-22 22:12:01 [main] INFO  c.o.t.TwitterToKafkaServiceApplication - No active profile set, falling back to 1 default profile: "default"
2022-08-22 22:12:02 [main] ERROR o.s.boot.SpringApplication - Application run failed
java.lang.IllegalStateException: Error processing condition on org.springframework.boot.autoconfigure.kafka.KafkaAutoConfiguration.kafkaConsumerFactory
	at org.springframework.boot.autoconfigure.condition.SpringBootCondition.matches(SpringBootCondition.java:60)
	at org.springframework.context.annotation.ConditionEvaluator.shouldSkip(ConditionEvaluator.java:108)
	at org.springframework.context.annotation.ConfigurationClassBeanDefinitionReader.loadBeanDefinitionsForBeanMethod(ConfigurationClassBeanDefinitionReader.java:193)
	at org.springframework.context.annotation.ConfigurationClassBeanDefinitionReader.loadBeanDefinitionsForConfigurationClass(ConfigurationClassBeanDefinitionReader.java:153)
	at org.springframework.context.annotation.ConfigurationClassBeanDefinitionReader.loadBeanDefinitions(ConfigurationClassBeanDefinitionReader.java:129)
	at org.springframework.context.annotation.ConfigurationClassPostProcessor.processConfigBeanDefinitions(ConfigurationClassPostProcessor.java:343)
	at org.springframework.context.annotation.ConfigurationClassPostProcessor.postProcessBeanDefinitionRegistry(ConfigurationClassPostProcessor.java:247)
	at org.springframework.context.support.PostProcessorRegistrationDelegate.invokeBeanDefinitionRegistryPostProcessors(PostProcessorRegistrationDelegate.java:311)
	at org.springframework.context.support.PostProcessorRegistrationDelegate.invokeBeanFactoryPostProcessors(PostProcessorRegistrationDelegate.java:112)
	at org.springframework.context.support.AbstractApplicationContext.invokeBeanFactoryPostProcessors(AbstractApplicationContext.java:746)
	at org.springframework.context.support.AbstractApplicationContext.refresh(AbstractApplicationContext.java:564)
	at org.springframework.boot.web.reactive.context.ReactiveWebServerApplicationContext.refresh(ReactiveWebServerApplicationContext.java:66)
	at org.springframework.boot.SpringApplication.refresh(SpringApplication.java:734)
	at org.springframework.boot.SpringApplication.refreshContext(SpringApplication.java:408)
	at org.springframework.boot.SpringApplication.run(SpringApplication.java:308)
	at org.springframework.boot.SpringApplication.run(SpringApplication.java:1306)
	at org.springframework.boot.SpringApplication.run(SpringApplication.java:1295)
	at com.ornaccodes.twittertokafkaservice.TwitterToKafkaServiceApplication.main(TwitterToKafkaServiceApplication.java:28)
Caused by: java.lang.IllegalStateException: Failed to introspect Class [org.springframework.boot.autoconfigure.kafka.KafkaAutoConfiguration] from ClassLoader [jdk.internal.loader.ClassLoaders$AppClassLoader@2c13da15]
	at org.springframework.util.ReflectionUtils.getDeclaredMethods(ReflectionUtils.java:485)
	at org.springframework.util.ReflectionUtils.doWithMethods(ReflectionUtils.java:361)
	at org.springframework.util.ReflectionUtils.getUniqueDeclaredMethods(ReflectionUtils.java:418)
	at org.springframework.beans.factory.support.AbstractAutowireCapableBeanFactory.lambda$getTypeForFactoryMethod$2(AbstractAutowireCapableBeanFactory.java:765)
	at java.base/java.util.concurrent.ConcurrentHashMap.computeIfAbsent(ConcurrentHashMap.java:1737)
	at org.springframework.beans.factory.support.AbstractAutowireCapableBeanFactory.getTypeForFactoryMethod(AbstractAutowireCapableBeanFactory.java:764)
	at org.springframework.beans.factory.support.AbstractAutowireCapableBeanFactory.determineTargetType(AbstractAutowireCapableBeanFactory.java:703)
	at org.springframework.beans.factory.support.AbstractAutowireCapableBeanFactory.predictBeanType(AbstractAutowireCapableBeanFactory.java:674)
	at org.springframework.beans.factory.support.AbstractBeanFactory.isFactoryBean(AbstractBeanFactory.java:1670)
	at org.springframework.beans.factory.support.DefaultListableBeanFactory.doGetBeanNamesForType(DefaultListableBeanFactory.java:570)
	at org.springframework.beans.factory.support.DefaultListableBeanFactory.getBeanNamesForType(DefaultListableBeanFactory.java:542)
	at org.springframework.boot.autoconfigure.condition.OnBeanCondition.collectBeanNamesForType(OnBeanCondition.java:250)
	at org.springframework.boot.autoconfigure.condition.OnBeanCondition.getBeanNamesForType(OnBeanCondition.java:243)
	at org.springframework.boot.autoconfigure.condition.OnBeanCondition.getBeanNamesForType(OnBeanCondition.java:233)
	at org.springframework.boot.autoconfigure.condition.OnBeanCondition.getMatchingBeans(OnBeanCondition.java:181)
	at org.springframework.boot.autoconfigure.condition.OnBeanCondition.getMatchOutcome(OnBeanCondition.java:156)
	at org.springframework.boot.autoconfigure.condition.SpringBootCondition.matches(SpringBootCondition.java:47)
	... 17 common frames omitted
Caused by: java.lang.NoClassDefFoundError: org/springframework/kafka/retrytopic/RetryTopicConfiguration
	at java.base/java.lang.Class.getDeclaredMethods0(Native Method)
	at java.base/java.lang.Class.privateGetDeclaredMethods(Class.java:3166)
	at java.base/java.lang.Class.getDeclaredMethods(Class.java:2309)
	at org.springframework.util.ReflectionUtils.getDeclaredMethods(ReflectionUtils.java:467)
	... 33 common frames omitted
Caused by: java.lang.ClassNotFoundException: org.springframework.kafka.retrytopic.RetryTopicConfiguration
	at java.base/jdk.internal.loader.BuiltinClassLoader.loadClass(BuiltinClassLoader.java:581)
	at java.base/jdk.internal.loader.ClassLoaders$AppClassLoader.loadClass(ClassLoaders.java:178)
	at java.base/java.lang.ClassLoader.loadClass(ClassLoader.java:521)
	... 37 common frames omitted
2022-08-22 22:12:02 [main] WARN  o.s.boot.SpringApplication - Unable to close ApplicationContext
java.lang.IllegalStateException: Failed to introspect Class [org.springframework.boot.autoconfigure.kafka.KafkaAutoConfiguration] from ClassLoader [jdk.internal.loader.ClassLoaders$AppClassLoader@2c13da15]
	at org.springframework.util.ReflectionUtils.getDeclaredMethods(ReflectionUtils.java:485)
	at org.springframework.util.ReflectionUtils.doWithMethods(ReflectionUtils.java:361)
	at org.springframework.util.ReflectionUtils.getUniqueDeclaredMethods(ReflectionUtils.java:418)
	at org.springframework.beans.factory.support.AbstractAutowireCapableBeanFactory.lambda$getTypeForFactoryMethod$2(AbstractAutowireCapableBeanFactory.java:765)
	at java.base/java.util.concurrent.ConcurrentHashMap.computeIfAbsent(ConcurrentHashMap.java:1737)
	at org.springframework.beans.factory.support.AbstractAutowireCapableBeanFactory.getTypeForFactoryMethod(AbstractAutowireCapableBeanFactory.java:764)
	at org.springframework.beans.factory.support.AbstractAutowireCapableBeanFactory.determineTargetType(AbstractAutowireCapableBeanFactory.java:703)
	at org.springframework.beans.factory.support.AbstractAutowireCapableBeanFactory.predictBeanType(AbstractAutowireCapableBeanFactory.java:674)
	at org.springframework.beans.factory.support.AbstractBeanFactory.isFactoryBean(AbstractBeanFactory.java:1670)
	at org.springframework.beans.factory.support.DefaultListableBeanFactory.doGetBeanNamesForType(DefaultListableBeanFactory.java:570)
	at org.springframework.beans.factory.support.DefaultListableBeanFactory.getBeanNamesForType(DefaultListableBeanFactory.java:542)
	at org.springframework.beans.factory.support.DefaultListableBeanFactory.getBeansOfType(DefaultListableBeanFactory.java:669)
	at org.springframework.beans.factory.support.DefaultListableBeanFactory.getBeansOfType(DefaultListableBeanFactory.java:661)
	at org.springframework.context.support.AbstractApplicationContext.getBeansOfType(AbstractApplicationContext.java:1300)
	at org.springframework.boot.SpringApplication.getExitCodeFromMappedException(SpringApplication.java:867)
	at org.springframework.boot.SpringApplication.getExitCodeFromException(SpringApplication.java:855)
	at org.springframework.boot.SpringApplication.handleExitCode(SpringApplication.java:842)
	at org.springframework.boot.SpringApplication.handleRunFailure(SpringApplication.java:782)
	at org.springframework.boot.SpringApplication.run(SpringApplication.java:318)
	at org.springframework.boot.SpringApplication.run(SpringApplication.java:1306)
	at org.springframework.boot.SpringApplication.run(SpringApplication.java:1295)
	at com.ornaccodes.twittertokafkaservice.TwitterToKafkaServiceApplication.main(TwitterToKafkaServiceApplication.java:28)
Caused by: java.lang.NoClassDefFoundError: org/springframework/kafka/retrytopic/RetryTopicConfiguration
	at java.base/java.lang.Class.getDeclaredMethods0(Native Method)
	at java.base/java.lang.Class.privateGetDeclaredMethods(Class.java:3166)
	at java.base/java.lang.Class.getDeclaredMethods(Class.java:2309)
	at org.springframework.util.ReflectionUtils.getDeclaredMethods(ReflectionUtils.java:467)
	... 21 common frames omitted
Caused by: java.lang.ClassNotFoundException: org.springframework.kafka.retrytopic.RetryTopicConfiguration
	at java.base/jdk.internal.loader.BuiltinClassLoader.loadClass(BuiltinClassLoader.java:581)
	at java.base/jdk.internal.loader.ClassLoaders$AppClassLoader.loadClass(ClassLoaders.java:178)
	at java.base/java.lang.ClassLoader.loadClass(ClassLoader.java:521)
	... 25 common frames omitted
2022-08-22 22:12:53 [main] INFO  c.o.t.TwitterToKafkaServiceApplication - Starting TwitterToKafkaServiceApplication using Java 11.0.9 on Chimitas-MacBook-Pro.local with PID 4364 (/Users/chimita/Documents/microservices/eventdrivenmicroservices/twitter-to-kafka-service/target/classes started by chimita in /Users/chimita/Documents/microservices/eventdrivenmicroservices)
2022-08-22 22:12:54 [main] INFO  c.o.t.TwitterToKafkaServiceApplication - No active profile set, falling back to 1 default profile: "default"
2022-08-22 22:12:54 [main] ERROR o.s.boot.SpringApplication - Application run failed
java.lang.IllegalStateException: Error processing condition on org.springframework.boot.autoconfigure.kafka.KafkaAutoConfiguration.kafkaConsumerFactory
	at org.springframework.boot.autoconfigure.condition.SpringBootCondition.matches(SpringBootCondition.java:60)
	at org.springframework.context.annotation.ConditionEvaluator.shouldSkip(ConditionEvaluator.java:108)
	at org.springframework.context.annotation.ConfigurationClassBeanDefinitionReader.loadBeanDefinitionsForBeanMethod(ConfigurationClassBeanDefinitionReader.java:193)
	at org.springframework.context.annotation.ConfigurationClassBeanDefinitionReader.loadBeanDefinitionsForConfigurationClass(ConfigurationClassBeanDefinitionReader.java:153)
	at org.springframework.context.annotation.ConfigurationClassBeanDefinitionReader.loadBeanDefinitions(ConfigurationClassBeanDefinitionReader.java:129)
	at org.springframework.context.annotation.ConfigurationClassPostProcessor.processConfigBeanDefinitions(ConfigurationClassPostProcessor.java:343)
	at org.springframework.context.annotation.ConfigurationClassPostProcessor.postProcessBeanDefinitionRegistry(ConfigurationClassPostProcessor.java:247)
	at org.springframework.context.support.PostProcessorRegistrationDelegate.invokeBeanDefinitionRegistryPostProcessors(PostProcessorRegistrationDelegate.java:311)
	at org.springframework.context.support.PostProcessorRegistrationDelegate.invokeBeanFactoryPostProcessors(PostProcessorRegistrationDelegate.java:112)
	at org.springframework.context.support.AbstractApplicationContext.invokeBeanFactoryPostProcessors(AbstractApplicationContext.java:746)
	at org.springframework.context.support.AbstractApplicationContext.refresh(AbstractApplicationContext.java:564)
	at org.springframework.boot.web.reactive.context.ReactiveWebServerApplicationContext.refresh(ReactiveWebServerApplicationContext.java:66)
	at org.springframework.boot.SpringApplication.refresh(SpringApplication.java:734)
	at org.springframework.boot.SpringApplication.refreshContext(SpringApplication.java:408)
	at org.springframework.boot.SpringApplication.run(SpringApplication.java:308)
	at org.springframework.boot.SpringApplication.run(SpringApplication.java:1306)
	at org.springframework.boot.SpringApplication.run(SpringApplication.java:1295)
	at com.ornaccodes.twittertokafkaservice.TwitterToKafkaServiceApplication.main(TwitterToKafkaServiceApplication.java:28)
Caused by: java.lang.IllegalStateException: Failed to introspect Class [org.springframework.boot.autoconfigure.kafka.KafkaAutoConfiguration] from ClassLoader [jdk.internal.loader.ClassLoaders$AppClassLoader@2c13da15]
	at org.springframework.util.ReflectionUtils.getDeclaredMethods(ReflectionUtils.java:485)
	at org.springframework.util.ReflectionUtils.doWithMethods(ReflectionUtils.java:361)
	at org.springframework.util.ReflectionUtils.getUniqueDeclaredMethods(ReflectionUtils.java:418)
	at org.springframework.beans.factory.support.AbstractAutowireCapableBeanFactory.lambda$getTypeForFactoryMethod$2(AbstractAutowireCapableBeanFactory.java:765)
	at java.base/java.util.concurrent.ConcurrentHashMap.computeIfAbsent(ConcurrentHashMap.java:1705)
	at org.springframework.beans.factory.support.AbstractAutowireCapableBeanFactory.getTypeForFactoryMethod(AbstractAutowireCapableBeanFactory.java:764)
	at org.springframework.beans.factory.support.AbstractAutowireCapableBeanFactory.determineTargetType(AbstractAutowireCapableBeanFactory.java:703)
	at org.springframework.beans.factory.support.AbstractAutowireCapableBeanFactory.predictBeanType(AbstractAutowireCapableBeanFactory.java:674)
	at org.springframework.beans.factory.support.AbstractBeanFactory.isFactoryBean(AbstractBeanFactory.java:1670)
	at org.springframework.beans.factory.support.DefaultListableBeanFactory.doGetBeanNamesForType(DefaultListableBeanFactory.java:570)
	at org.springframework.beans.factory.support.DefaultListableBeanFactory.getBeanNamesForType(DefaultListableBeanFactory.java:542)
	at org.springframework.boot.autoconfigure.condition.OnBeanCondition.collectBeanNamesForType(OnBeanCondition.java:250)
	at org.springframework.boot.autoconfigure.condition.OnBeanCondition.getBeanNamesForType(OnBeanCondition.java:243)
	at org.springframework.boot.autoconfigure.condition.OnBeanCondition.getBeanNamesForType(OnBeanCondition.java:233)
	at org.springframework.boot.autoconfigure.condition.OnBeanCondition.getMatchingBeans(OnBeanCondition.java:181)
	at org.springframework.boot.autoconfigure.condition.OnBeanCondition.getMatchOutcome(OnBeanCondition.java:156)
	at org.springframework.boot.autoconfigure.condition.SpringBootCondition.matches(SpringBootCondition.java:47)
	... 17 common frames omitted
Caused by: java.lang.NoClassDefFoundError: org/springframework/kafka/retrytopic/RetryTopicConfiguration
	at java.base/java.lang.Class.getDeclaredMethods0(Native Method)
	at java.base/java.lang.Class.privateGetDeclaredMethods(Class.java:3166)
	at java.base/java.lang.Class.getDeclaredMethods(Class.java:2309)
	at org.springframework.util.ReflectionUtils.getDeclaredMethods(ReflectionUtils.java:467)
	... 33 common frames omitted
Caused by: java.lang.ClassNotFoundException: org.springframework.kafka.retrytopic.RetryTopicConfiguration
	at java.base/jdk.internal.loader.BuiltinClassLoader.loadClass(BuiltinClassLoader.java:581)
	at java.base/jdk.internal.loader.ClassLoaders$AppClassLoader.loadClass(ClassLoaders.java:178)
	at java.base/java.lang.ClassLoader.loadClass(ClassLoader.java:521)
	... 37 common frames omitted
2022-08-22 22:12:54 [main] WARN  o.s.boot.SpringApplication - Unable to close ApplicationContext
java.lang.IllegalStateException: Failed to introspect Class [org.springframework.boot.autoconfigure.kafka.KafkaAutoConfiguration] from ClassLoader [jdk.internal.loader.ClassLoaders$AppClassLoader@2c13da15]
	at org.springframework.util.ReflectionUtils.getDeclaredMethods(ReflectionUtils.java:485)
	at org.springframework.util.ReflectionUtils.doWithMethods(ReflectionUtils.java:361)
	at org.springframework.util.ReflectionUtils.getUniqueDeclaredMethods(ReflectionUtils.java:418)
	at org.springframework.beans.factory.support.AbstractAutowireCapableBeanFactory.lambda$getTypeForFactoryMethod$2(AbstractAutowireCapableBeanFactory.java:765)
	at java.base/java.util.concurrent.ConcurrentHashMap.computeIfAbsent(ConcurrentHashMap.java:1705)
	at org.springframework.beans.factory.support.AbstractAutowireCapableBeanFactory.getTypeForFactoryMethod(AbstractAutowireCapableBeanFactory.java:764)
	at org.springframework.beans.factory.support.AbstractAutowireCapableBeanFactory.determineTargetType(AbstractAutowireCapableBeanFactory.java:703)
	at org.springframework.beans.factory.support.AbstractAutowireCapableBeanFactory.predictBeanType(AbstractAutowireCapableBeanFactory.java:674)
	at org.springframework.beans.factory.support.AbstractBeanFactory.isFactoryBean(AbstractBeanFactory.java:1670)
	at org.springframework.beans.factory.support.DefaultListableBeanFactory.doGetBeanNamesForType(DefaultListableBeanFactory.java:570)
	at org.springframework.beans.factory.support.DefaultListableBeanFactory.getBeanNamesForType(DefaultListableBeanFactory.java:542)
	at org.springframework.beans.factory.support.DefaultListableBeanFactory.getBeansOfType(DefaultListableBeanFactory.java:669)
	at org.springframework.beans.factory.support.DefaultListableBeanFactory.getBeansOfType(DefaultListableBeanFactory.java:661)
	at org.springframework.context.support.AbstractApplicationContext.getBeansOfType(AbstractApplicationContext.java:1300)
	at org.springframework.boot.SpringApplication.getExitCodeFromMappedException(SpringApplication.java:867)
	at org.springframework.boot.SpringApplication.getExitCodeFromException(SpringApplication.java:855)
	at org.springframework.boot.SpringApplication.handleExitCode(SpringApplication.java:842)
	at org.springframework.boot.SpringApplication.handleRunFailure(SpringApplication.java:782)
	at org.springframework.boot.SpringApplication.run(SpringApplication.java:318)
	at org.springframework.boot.SpringApplication.run(SpringApplication.java:1306)
	at org.springframework.boot.SpringApplication.run(SpringApplication.java:1295)
	at com.ornaccodes.twittertokafkaservice.TwitterToKafkaServiceApplication.main(TwitterToKafkaServiceApplication.java:28)
Caused by: java.lang.NoClassDefFoundError: org/springframework/kafka/retrytopic/RetryTopicConfiguration
	at java.base/java.lang.Class.getDeclaredMethods0(Native Method)
	at java.base/java.lang.Class.privateGetDeclaredMethods(Class.java:3166)
	at java.base/java.lang.Class.getDeclaredMethods(Class.java:2309)
	at org.springframework.util.ReflectionUtils.getDeclaredMethods(ReflectionUtils.java:467)
	... 21 common frames omitted
Caused by: java.lang.ClassNotFoundException: org.springframework.kafka.retrytopic.RetryTopicConfiguration
	at java.base/jdk.internal.loader.BuiltinClassLoader.loadClass(BuiltinClassLoader.java:581)
	at java.base/jdk.internal.loader.ClassLoaders$AppClassLoader.loadClass(ClassLoaders.java:178)
	at java.base/java.lang.ClassLoader.loadClass(ClassLoader.java:521)
	... 25 common frames omitted
2022-08-22 22:18:35 [main] INFO  c.o.t.TwitterToKafkaServiceApplication - Starting TwitterToKafkaServiceApplication using Java 11.0.9 on Chimitas-MacBook-Pro.local with PID 4707 (/Users/chimita/Documents/microservices/eventdrivenmicroservices/twitter-to-kafka-service/target/classes started by chimita in /Users/chimita/Documents/microservices/eventdrivenmicroservices)
2022-08-22 22:18:35 [main] INFO  c.o.t.TwitterToKafkaServiceApplication - No active profile set, falling back to default profiles: default
2022-08-22 22:18:36 [main] INFO  o.a.k.c.admin.AdminClientConfig - AdminClientConfig values: 
	bootstrap.servers = [localhost:19092, localhost:29092, localhost:39092]
	client.dns.lookup = use_all_dns_ips
	client.id = 
	connections.max.idle.ms = 300000
	default.api.timeout.ms = 60000
	metadata.max.age.ms = 300000
	metric.reporters = []
	metrics.num.samples = 2
	metrics.recording.level = INFO
	metrics.sample.window.ms = 30000
	receive.buffer.bytes = 65536
	reconnect.backoff.max.ms = 1000
	reconnect.backoff.ms = 50
	request.timeout.ms = 30000
	retries = 2147483647
	retry.backoff.ms = 100
	sasl.client.callback.handler.class = null
	sasl.jaas.config = null
	sasl.kerberos.kinit.cmd = /usr/bin/kinit
	sasl.kerberos.min.time.before.relogin = 60000
	sasl.kerberos.service.name = null
	sasl.kerberos.ticket.renew.jitter = 0.05
	sasl.kerberos.ticket.renew.window.factor = 0.8
	sasl.login.callback.handler.class = null
	sasl.login.class = null
	sasl.login.refresh.buffer.seconds = 300
	sasl.login.refresh.min.period.seconds = 60
	sasl.login.refresh.window.factor = 0.8
	sasl.login.refresh.window.jitter = 0.05
	sasl.mechanism = GSSAPI
	security.protocol = PLAINTEXT
	security.providers = null
	send.buffer.bytes = 131072
	socket.connection.setup.timeout.max.ms = 127000
	socket.connection.setup.timeout.ms = 10000
	ssl.cipher.suites = null
	ssl.enabled.protocols = [TLSv1.2, TLSv1.3]
	ssl.endpoint.identification.algorithm = https
	ssl.engine.factory.class = null
	ssl.key.password = null
	ssl.keymanager.algorithm = SunX509
	ssl.keystore.certificate.chain = null
	ssl.keystore.key = null
	ssl.keystore.location = null
	ssl.keystore.password = null
	ssl.keystore.type = JKS
	ssl.protocol = TLSv1.3
	ssl.provider = null
	ssl.secure.random.implementation = null
	ssl.trustmanager.algorithm = PKIX
	ssl.truststore.certificates = null
	ssl.truststore.location = null
	ssl.truststore.password = null
	ssl.truststore.type = JKS

2022-08-22 22:18:36 [main] INFO  o.a.kafka.common.utils.AppInfoParser - Kafka version: 2.7.1
2022-08-22 22:18:36 [main] INFO  o.a.kafka.common.utils.AppInfoParser - Kafka commitId: 61dbce85d0d41457
2022-08-22 22:18:36 [main] INFO  o.a.kafka.common.utils.AppInfoParser - Kafka startTimeMs: 1661195916318
2022-08-22 22:18:36 [main] INFO  o.s.b.w.e.netty.NettyWebServer - Netty started on port 8080
2022-08-22 22:18:36 [main] INFO  c.o.t.TwitterToKafkaServiceApplication - Started TwitterToKafkaServiceApplication in 1.953 seconds (JVM running for 3.222)
2022-08-22 22:18:36 [main] INFO  c.o.t.TwitterToKafkaServiceApplication - App starts...
2022-08-22 22:18:36 [main] INFO  c.o.k.admin.client.KafkaAdminClient - Creating 1 topics(s), attempt 0
2022-08-22 22:18:36 [main] INFO  c.o.k.admin.client.KafkaAdminClient - Create topic result [KafkaFuture{value=null,exception=null,done=false}]
2022-08-22 22:18:36 [main] INFO  c.o.k.admin.client.KafkaAdminClient - Reading kafka topic [twitter-topic], attempt 0
2022-08-22 22:18:38 [main] INFO  c.o.t.i.impl.KafkaStreamInitializer - Topics with name twitter-topic is ready for operations!
2022-08-22 22:18:38 [main] INFO  c.o.t.r.i.TwitterV2KafkaStreamRunner - the data before hashmap is
2022-08-22 22:18:38 [main] INFO  c.o.t.r.i.TwitterV2KafkaStreamRunner - Created filter for twitter stream for keywords: [Java, Microservices, Spring, Kafka, Elasticsearch]
2022-08-22 22:18:43 [main] INFO  c.o.t.r.impl.TwitterV2StreamHelper - Created rules for twitter stream Java
2022-08-22 22:19:01 [kafka-admin-client-thread | adminclient-1] INFO  o.a.kafka.common.utils.AppInfoParser - App info kafka.admin.client for adminclient-1 unregistered
2022-08-22 22:19:01 [kafka-admin-client-thread | adminclient-1] INFO  o.a.kafka.common.metrics.Metrics - Metrics scheduler closed
2022-08-22 22:19:01 [kafka-admin-client-thread | adminclient-1] INFO  o.a.kafka.common.metrics.Metrics - Closing reporter org.apache.kafka.common.metrics.JmxReporter
2022-08-22 22:19:01 [kafka-admin-client-thread | adminclient-1] INFO  o.a.kafka.common.metrics.Metrics - Metrics reporters closed
2022-08-22 22:19:01 [SpringApplicationShutdownHook] INFO  c.o.k.c.s.impl.TwitterKafkaProducer - Closing kafka producer!
2022-08-22 22:19:49 [main] INFO  c.o.t.TwitterToKafkaServiceApplication - Starting TwitterToKafkaServiceApplication using Java 11.0.9 on Chimitas-MacBook-Pro.local with PID 4795 (/Users/chimita/Documents/microservices/eventdrivenmicroservices/twitter-to-kafka-service/target/classes started by chimita in /Users/chimita/Documents/microservices/eventdrivenmicroservices)
2022-08-22 22:19:49 [main] INFO  c.o.t.TwitterToKafkaServiceApplication - No active profile set, falling back to default profiles: default
2022-08-22 22:19:50 [main] WARN  o.s.b.w.r.c.AnnotationConfigReactiveWebServerApplicationContext - Exception encountered during context initialization - cancelling refresh attempt: org.springframework.beans.factory.UnsatisfiedDependencyException: Error creating bean with name 'twitterToKafkaServiceApplication': Unsatisfied dependency expressed through constructor parameter 0; nested exception is org.springframework.beans.factory.NoSuchBeanDefinitionException: No qualifying bean of type 'com.ornaccodes.twittertokafkaservice.runner.StreamRunner' available: expected at least 1 bean which qualifies as autowire candidate. Dependency annotations: {}
2022-08-22 22:19:50 [main] INFO  o.s.b.a.l.ConditionEvaluationReportLoggingListener - 

Error starting ApplicationContext. To display the conditions report re-run your application with 'debug' enabled.
2022-08-22 22:19:50 [main] ERROR o.s.b.d.LoggingFailureAnalysisReporter - 

***************************
APPLICATION FAILED TO START
***************************

Description:

Parameter 0 of constructor in com.ornaccodes.twittertokafkaservice.TwitterToKafkaServiceApplication required a bean of type 'com.ornaccodes.twittertokafkaservice.runner.StreamRunner' that could not be found.


Action:

Consider defining a bean of type 'com.ornaccodes.twittertokafkaservice.runner.StreamRunner' in your configuration.

2022-08-22 22:20:11 [main] INFO  c.o.t.TwitterToKafkaServiceApplication - Starting TwitterToKafkaServiceApplication using Java 11.0.9 on Chimitas-MacBook-Pro.local with PID 4823 (/Users/chimita/Documents/microservices/eventdrivenmicroservices/twitter-to-kafka-service/target/classes started by chimita in /Users/chimita/Documents/microservices/eventdrivenmicroservices)
2022-08-22 22:20:11 [main] INFO  c.o.t.TwitterToKafkaServiceApplication - No active profile set, falling back to default profiles: default
2022-08-22 22:20:11 [main] WARN  o.s.b.w.r.c.AnnotationConfigReactiveWebServerApplicationContext - Exception encountered during context initialization - cancelling refresh attempt: org.springframework.beans.factory.UnsatisfiedDependencyException: Error creating bean with name 'twitterToKafkaServiceApplication': Unsatisfied dependency expressed through constructor parameter 0; nested exception is org.springframework.beans.factory.NoSuchBeanDefinitionException: No qualifying bean of type 'com.ornaccodes.twittertokafkaservice.runner.StreamRunner' available: expected at least 1 bean which qualifies as autowire candidate. Dependency annotations: {}
2022-08-22 22:20:11 [main] INFO  o.s.b.a.l.ConditionEvaluationReportLoggingListener - 

Error starting ApplicationContext. To display the conditions report re-run your application with 'debug' enabled.
2022-08-22 22:20:11 [main] ERROR o.s.b.d.LoggingFailureAnalysisReporter - 

***************************
APPLICATION FAILED TO START
***************************

Description:

Parameter 0 of constructor in com.ornaccodes.twittertokafkaservice.TwitterToKafkaServiceApplication required a bean of type 'com.ornaccodes.twittertokafkaservice.runner.StreamRunner' that could not be found.


Action:

Consider defining a bean of type 'com.ornaccodes.twittertokafkaservice.runner.StreamRunner' in your configuration.

2022-08-22 22:20:38 [main] INFO  c.o.t.TwitterToKafkaServiceApplication - Starting TwitterToKafkaServiceApplication using Java 11.0.9 on Chimitas-MacBook-Pro.local with PID 4850 (/Users/chimita/Documents/microservices/eventdrivenmicroservices/twitter-to-kafka-service/target/classes started by chimita in /Users/chimita/Documents/microservices/eventdrivenmicroservices)
2022-08-22 22:20:38 [main] INFO  c.o.t.TwitterToKafkaServiceApplication - No active profile set, falling back to default profiles: default
2022-08-22 22:20:39 [main] INFO  o.a.k.c.admin.AdminClientConfig - AdminClientConfig values: 
	bootstrap.servers = [localhost:19092, localhost:29092, localhost:39092]
	client.dns.lookup = use_all_dns_ips
	client.id = 
	connections.max.idle.ms = 300000
	default.api.timeout.ms = 60000
	metadata.max.age.ms = 300000
	metric.reporters = []
	metrics.num.samples = 2
	metrics.recording.level = INFO
	metrics.sample.window.ms = 30000
	receive.buffer.bytes = 65536
	reconnect.backoff.max.ms = 1000
	reconnect.backoff.ms = 50
	request.timeout.ms = 30000
	retries = 2147483647
	retry.backoff.ms = 100
	sasl.client.callback.handler.class = null
	sasl.jaas.config = null
	sasl.kerberos.kinit.cmd = /usr/bin/kinit
	sasl.kerberos.min.time.before.relogin = 60000
	sasl.kerberos.service.name = null
	sasl.kerberos.ticket.renew.jitter = 0.05
	sasl.kerberos.ticket.renew.window.factor = 0.8
	sasl.login.callback.handler.class = null
	sasl.login.class = null
	sasl.login.refresh.buffer.seconds = 300
	sasl.login.refresh.min.period.seconds = 60
	sasl.login.refresh.window.factor = 0.8
	sasl.login.refresh.window.jitter = 0.05
	sasl.mechanism = GSSAPI
	security.protocol = PLAINTEXT
	security.providers = null
	send.buffer.bytes = 131072
	socket.connection.setup.timeout.max.ms = 127000
	socket.connection.setup.timeout.ms = 10000
	ssl.cipher.suites = null
	ssl.enabled.protocols = [TLSv1.2, TLSv1.3]
	ssl.endpoint.identification.algorithm = https
	ssl.engine.factory.class = null
	ssl.key.password = null
	ssl.keymanager.algorithm = SunX509
	ssl.keystore.certificate.chain = null
	ssl.keystore.key = null
	ssl.keystore.location = null
	ssl.keystore.password = null
	ssl.keystore.type = JKS
	ssl.protocol = TLSv1.3
	ssl.provider = null
	ssl.secure.random.implementation = null
	ssl.trustmanager.algorithm = PKIX
	ssl.truststore.certificates = null
	ssl.truststore.location = null
	ssl.truststore.password = null
	ssl.truststore.type = JKS

2022-08-22 22:20:39 [main] INFO  o.a.kafka.common.utils.AppInfoParser - Kafka version: 2.7.1
2022-08-22 22:20:39 [main] INFO  o.a.kafka.common.utils.AppInfoParser - Kafka commitId: 61dbce85d0d41457
2022-08-22 22:20:39 [main] INFO  o.a.kafka.common.utils.AppInfoParser - Kafka startTimeMs: 1661196039483
2022-08-22 22:20:39 [main] INFO  o.s.b.w.e.netty.NettyWebServer - Netty started on port 8080
2022-08-22 22:20:39 [main] INFO  c.o.t.TwitterToKafkaServiceApplication - Started TwitterToKafkaServiceApplication in 1.853 seconds (JVM running for 2.748)
2022-08-22 22:20:39 [main] INFO  c.o.t.TwitterToKafkaServiceApplication - App starts...
2022-08-22 22:20:39 [main] INFO  c.o.k.admin.client.KafkaAdminClient - Creating 1 topics(s), attempt 0
2022-08-22 22:20:40 [main] INFO  c.o.k.admin.client.KafkaAdminClient - Create topic result [KafkaFuture{value=null,exception=null,done=false}]
2022-08-22 22:20:40 [main] INFO  c.o.k.admin.client.KafkaAdminClient - Reading kafka topic [twitter-topic], attempt 0
2022-08-22 22:20:40 [main] INFO  c.o.t.i.impl.KafkaStreamInitializer - Topics with name twitter-topic is ready for operations!
2022-08-22 22:20:40 [main] INFO  c.o.t.r.i.TwitterV2KafkaStreamRunner - the data before hashmap is
2022-08-22 22:20:40 [main] INFO  c.o.t.r.i.TwitterV2KafkaStreamRunner - Created filter for twitter stream for keywords: [Java, Microservices, Spring, Kafka, Elasticsearch]
2022-08-22 22:20:45 [main] INFO  c.o.t.r.impl.TwitterV2StreamHelper - Created rules for twitter stream Java
2022-08-22 22:20:49 [kafka-admin-client-thread | adminclient-1] INFO  o.a.kafka.common.utils.AppInfoParser - App info kafka.admin.client for adminclient-1 unregistered
2022-08-22 22:20:49 [kafka-admin-client-thread | adminclient-1] INFO  o.a.kafka.common.metrics.Metrics - Metrics scheduler closed
2022-08-22 22:20:49 [kafka-admin-client-thread | adminclient-1] INFO  o.a.kafka.common.metrics.Metrics - Closing reporter org.apache.kafka.common.metrics.JmxReporter
2022-08-22 22:20:49 [kafka-admin-client-thread | adminclient-1] INFO  o.a.kafka.common.metrics.Metrics - Metrics reporters closed
2022-08-22 22:20:49 [SpringApplicationShutdownHook] INFO  c.o.k.c.s.impl.TwitterKafkaProducer - Closing kafka producer!
2022-08-22 22:21:26 [main] INFO  c.o.t.TwitterToKafkaServiceApplication - Starting TwitterToKafkaServiceApplication using Java 11.0.9 on Chimitas-MacBook-Pro.local with PID 4912 (/Users/chimita/Documents/microservices/eventdrivenmicroservices/twitter-to-kafka-service/target/classes started by chimita in /Users/chimita/Documents/microservices/eventdrivenmicroservices)
2022-08-22 22:21:26 [main] INFO  c.o.t.TwitterToKafkaServiceApplication - No active profile set, falling back to default profiles: default
2022-08-22 22:21:27 [main] WARN  o.s.b.w.r.c.AnnotationConfigReactiveWebServerApplicationContext - Exception encountered during context initialization - cancelling refresh attempt: org.springframework.beans.factory.UnsatisfiedDependencyException: Error creating bean with name 'twitterToKafkaServiceApplication': Unsatisfied dependency expressed through constructor parameter 0; nested exception is org.springframework.beans.factory.NoSuchBeanDefinitionException: No qualifying bean of type 'com.ornaccodes.twittertokafkaservice.runner.StreamRunner' available: expected at least 1 bean which qualifies as autowire candidate. Dependency annotations: {}
2022-08-22 22:21:27 [main] INFO  o.s.b.a.l.ConditionEvaluationReportLoggingListener - 

Error starting ApplicationContext. To display the conditions report re-run your application with 'debug' enabled.
2022-08-22 22:21:27 [main] ERROR o.s.b.d.LoggingFailureAnalysisReporter - 

***************************
APPLICATION FAILED TO START
***************************

Description:

Parameter 0 of constructor in com.ornaccodes.twittertokafkaservice.TwitterToKafkaServiceApplication required a bean of type 'com.ornaccodes.twittertokafkaservice.runner.StreamRunner' that could not be found.


Action:

Consider defining a bean of type 'com.ornaccodes.twittertokafkaservice.runner.StreamRunner' in your configuration.

2022-08-22 22:34:37 [main] INFO  c.o.t.TwitterToKafkaServiceApplication - Starting TwitterToKafkaServiceApplication using Java 11.0.9 on Chimitas-MacBook-Pro.local with PID 5751 (/Users/chimita/Documents/microservices/eventdrivenmicroservices/twitter-to-kafka-service/target/classes started by chimita in /Users/chimita/Documents/microservices/eventdrivenmicroservices)
2022-08-22 22:34:37 [main] INFO  c.o.t.TwitterToKafkaServiceApplication - No active profile set, falling back to default profiles: default
2022-08-22 22:34:38 [main] INFO  o.a.k.c.admin.AdminClientConfig - AdminClientConfig values: 
	bootstrap.servers = [localhost:19092, localhost:29092, localhost:39092]
	client.dns.lookup = use_all_dns_ips
	client.id = 
	connections.max.idle.ms = 300000
	default.api.timeout.ms = 60000
	metadata.max.age.ms = 300000
	metric.reporters = []
	metrics.num.samples = 2
	metrics.recording.level = INFO
	metrics.sample.window.ms = 30000
	receive.buffer.bytes = 65536
	reconnect.backoff.max.ms = 1000
	reconnect.backoff.ms = 50
	request.timeout.ms = 30000
	retries = 2147483647
	retry.backoff.ms = 100
	sasl.client.callback.handler.class = null
	sasl.jaas.config = null
	sasl.kerberos.kinit.cmd = /usr/bin/kinit
	sasl.kerberos.min.time.before.relogin = 60000
	sasl.kerberos.service.name = null
	sasl.kerberos.ticket.renew.jitter = 0.05
	sasl.kerberos.ticket.renew.window.factor = 0.8
	sasl.login.callback.handler.class = null
	sasl.login.class = null
	sasl.login.refresh.buffer.seconds = 300
	sasl.login.refresh.min.period.seconds = 60
	sasl.login.refresh.window.factor = 0.8
	sasl.login.refresh.window.jitter = 0.05
	sasl.mechanism = GSSAPI
	security.protocol = PLAINTEXT
	security.providers = null
	send.buffer.bytes = 131072
	socket.connection.setup.timeout.max.ms = 127000
	socket.connection.setup.timeout.ms = 10000
	ssl.cipher.suites = null
	ssl.enabled.protocols = [TLSv1.2, TLSv1.3]
	ssl.endpoint.identification.algorithm = https
	ssl.engine.factory.class = null
	ssl.key.password = null
	ssl.keymanager.algorithm = SunX509
	ssl.keystore.certificate.chain = null
	ssl.keystore.key = null
	ssl.keystore.location = null
	ssl.keystore.password = null
	ssl.keystore.type = JKS
	ssl.protocol = TLSv1.3
	ssl.provider = null
	ssl.secure.random.implementation = null
	ssl.trustmanager.algorithm = PKIX
	ssl.truststore.certificates = null
	ssl.truststore.location = null
	ssl.truststore.password = null
	ssl.truststore.type = JKS

2022-08-22 22:34:38 [main] INFO  o.a.kafka.common.utils.AppInfoParser - Kafka version: 2.7.1
2022-08-22 22:34:38 [main] INFO  o.a.kafka.common.utils.AppInfoParser - Kafka commitId: 61dbce85d0d41457
2022-08-22 22:34:38 [main] INFO  o.a.kafka.common.utils.AppInfoParser - Kafka startTimeMs: 1661196878049
2022-08-22 22:34:38 [main] INFO  o.s.b.w.e.netty.NettyWebServer - Netty started on port 8080
2022-08-22 22:34:38 [main] INFO  c.o.t.TwitterToKafkaServiceApplication - Started TwitterToKafkaServiceApplication in 2.048 seconds (JVM running for 3.111)
2022-08-22 22:34:38 [main] INFO  c.o.t.TwitterToKafkaServiceApplication - App starts...
2022-08-22 22:34:38 [main] INFO  c.o.k.admin.client.KafkaAdminClient - Creating 1 topics(s), attempt 0
2022-08-22 22:34:38 [main] INFO  c.o.k.admin.client.KafkaAdminClient - Create topic result [KafkaFuture{value=null,exception=null,done=false}]
2022-08-22 22:34:38 [main] INFO  c.o.k.admin.client.KafkaAdminClient - Reading kafka topic [twitter-topic], attempt 0
2022-08-22 22:34:39 [main] INFO  c.o.t.i.impl.KafkaStreamInitializer - Topics with name twitter-topic is ready for operations!
2022-08-22 22:34:39 [main] INFO  o.s.b.a.l.ConditionEvaluationReportLoggingListener - 

Error starting ApplicationContext. To display the conditions report re-run your application with 'debug' enabled.
2022-08-22 22:34:39 [main] ERROR o.s.boot.SpringApplication - Application run failed
java.lang.IllegalStateException: Failed to execute CommandLineRunner
	at org.springframework.boot.SpringApplication.callRunner(SpringApplication.java:794)
	at org.springframework.boot.SpringApplication.callRunners(SpringApplication.java:775)
	at org.springframework.boot.SpringApplication.run(SpringApplication.java:345)
	at org.springframework.boot.SpringApplication.run(SpringApplication.java:1343)
	at org.springframework.boot.SpringApplication.run(SpringApplication.java:1332)
	at com.ornaccodes.twittertokafkaservice.TwitterToKafkaServiceApplication.main(TwitterToKafkaServiceApplication.java:28)
Caused by: java.lang.NullPointerException: null
	at com.ornaccodes.twittertokafkaservice.runner.impl.MockKafkaStreamRunner.start(MockKafkaStreamRunner.java:78)
	at com.ornaccodes.twittertokafkaservice.TwitterToKafkaServiceApplication.run(TwitterToKafkaServiceApplication.java:35)
	at org.springframework.boot.SpringApplication.callRunner(SpringApplication.java:791)
	... 5 common frames omitted
2022-08-22 22:34:39 [kafka-admin-client-thread | adminclient-1] INFO  o.a.kafka.common.utils.AppInfoParser - App info kafka.admin.client for adminclient-1 unregistered
2022-08-22 22:34:39 [kafka-admin-client-thread | adminclient-1] INFO  o.a.kafka.common.metrics.Metrics - Metrics scheduler closed
2022-08-22 22:34:39 [kafka-admin-client-thread | adminclient-1] INFO  o.a.kafka.common.metrics.Metrics - Closing reporter org.apache.kafka.common.metrics.JmxReporter
2022-08-22 22:34:39 [kafka-admin-client-thread | adminclient-1] INFO  o.a.kafka.common.metrics.Metrics - Metrics reporters closed
2022-08-22 22:34:39 [main] INFO  c.o.k.c.s.impl.TwitterKafkaProducer - Closing kafka producer!
2022-08-22 22:37:27 [main] INFO  c.o.t.TwitterToKafkaServiceApplication - Starting TwitterToKafkaServiceApplication using Java 11.0.9 on Chimitas-MacBook-Pro.local with PID 5902 (/Users/chimita/Documents/microservices/eventdrivenmicroservices/twitter-to-kafka-service/target/classes started by chimita in /Users/chimita/Documents/microservices/eventdrivenmicroservices)
2022-08-22 22:37:27 [main] INFO  c.o.t.TwitterToKafkaServiceApplication - No active profile set, falling back to default profiles: default
2022-08-22 22:37:28 [main] INFO  o.a.k.c.admin.AdminClientConfig - AdminClientConfig values: 
	bootstrap.servers = [localhost:19092, localhost:29092, localhost:39092]
	client.dns.lookup = use_all_dns_ips
	client.id = 
	connections.max.idle.ms = 300000
	default.api.timeout.ms = 60000
	metadata.max.age.ms = 300000
	metric.reporters = []
	metrics.num.samples = 2
	metrics.recording.level = INFO
	metrics.sample.window.ms = 30000
	receive.buffer.bytes = 65536
	reconnect.backoff.max.ms = 1000
	reconnect.backoff.ms = 50
	request.timeout.ms = 30000
	retries = 2147483647
	retry.backoff.ms = 100
	sasl.client.callback.handler.class = null
	sasl.jaas.config = null
	sasl.kerberos.kinit.cmd = /usr/bin/kinit
	sasl.kerberos.min.time.before.relogin = 60000
	sasl.kerberos.service.name = null
	sasl.kerberos.ticket.renew.jitter = 0.05
	sasl.kerberos.ticket.renew.window.factor = 0.8
	sasl.login.callback.handler.class = null
	sasl.login.class = null
	sasl.login.refresh.buffer.seconds = 300
	sasl.login.refresh.min.period.seconds = 60
	sasl.login.refresh.window.factor = 0.8
	sasl.login.refresh.window.jitter = 0.05
	sasl.mechanism = GSSAPI
	security.protocol = PLAINTEXT
	security.providers = null
	send.buffer.bytes = 131072
	socket.connection.setup.timeout.max.ms = 127000
	socket.connection.setup.timeout.ms = 10000
	ssl.cipher.suites = null
	ssl.enabled.protocols = [TLSv1.2, TLSv1.3]
	ssl.endpoint.identification.algorithm = https
	ssl.engine.factory.class = null
	ssl.key.password = null
	ssl.keymanager.algorithm = SunX509
	ssl.keystore.certificate.chain = null
	ssl.keystore.key = null
	ssl.keystore.location = null
	ssl.keystore.password = null
	ssl.keystore.type = JKS
	ssl.protocol = TLSv1.3
	ssl.provider = null
	ssl.secure.random.implementation = null
	ssl.trustmanager.algorithm = PKIX
	ssl.truststore.certificates = null
	ssl.truststore.location = null
	ssl.truststore.password = null
	ssl.truststore.type = JKS

2022-08-22 22:37:28 [main] INFO  o.a.kafka.common.utils.AppInfoParser - Kafka version: 2.7.1
2022-08-22 22:37:28 [main] INFO  o.a.kafka.common.utils.AppInfoParser - Kafka commitId: 61dbce85d0d41457
2022-08-22 22:37:28 [main] INFO  o.a.kafka.common.utils.AppInfoParser - Kafka startTimeMs: 1661197048300
2022-08-22 22:37:28 [main] INFO  o.s.b.w.e.netty.NettyWebServer - Netty started on port 8080
2022-08-22 22:37:28 [main] INFO  c.o.t.TwitterToKafkaServiceApplication - Started TwitterToKafkaServiceApplication in 1.756 seconds (JVM running for 2.545)
2022-08-22 22:37:28 [main] INFO  c.o.t.TwitterToKafkaServiceApplication - App starts...
2022-08-22 22:37:28 [main] INFO  c.o.k.admin.client.KafkaAdminClient - Creating 1 topics(s), attempt 0
2022-08-22 22:37:28 [main] INFO  c.o.k.admin.client.KafkaAdminClient - Create topic result [KafkaFuture{value=null,exception=null,done=false}]
2022-08-22 22:37:28 [main] INFO  c.o.k.admin.client.KafkaAdminClient - Reading kafka topic [twitter-topic], attempt 0
2022-08-22 22:37:29 [main] INFO  c.o.t.i.impl.KafkaStreamInitializer - Topics with name twitter-topic is ready for operations!
2022-08-22 22:37:29 [main] INFO  c.o.t.r.impl.MockKafkaStreamRunner - Starting mock filtering twitter streams for keywords [Java, Microservices, Spring, Kafka, Elasticsearch]
2022-08-22 22:37:29 [pool-3-thread-1] INFO  c.o.t.l.TwitterKafkaStatusListener - Received status text Maecenas pulvinar posuere Microservices sed sit sending to kafka topic twitter-topic
2022-08-22 22:37:29 [pool-3-thread-1] INFO  c.o.k.c.s.impl.TwitterKafkaProducer - Sending message='{"userId": 5506636772129930650, "id": 4273263471987666926, "text": "Maecenas pulvinar posuere Microservices sed sit", "createdAt": 1661197049000}' to topic='twitter-topic'
2022-08-22 22:37:29 [pool-3-thread-1] INFO  o.a.k.c.producer.ProducerConfig - ProducerConfig values: 
	acks = -1
	batch.size = 1638400
	bootstrap.servers = [localhost:19092, localhost:29092, localhost:39092]
	buffer.memory = 33554432
	client.dns.lookup = use_all_dns_ips
	client.id = producer-1
	compression.type = snappy
	connections.max.idle.ms = 540000
	delivery.timeout.ms = 120000
	enable.idempotence = false
	interceptor.classes = []
	internal.auto.downgrade.txn.commit = true
	key.serializer = class org.apache.kafka.common.serialization.LongSerializer
	linger.ms = 5
	max.block.ms = 60000
	max.in.flight.requests.per.connection = 5
	max.request.size = 1048576
	metadata.max.age.ms = 300000
	metadata.max.idle.ms = 300000
	metric.reporters = []
	metrics.num.samples = 2
	metrics.recording.level = INFO
	metrics.sample.window.ms = 30000
	partitioner.class = class org.apache.kafka.clients.producer.internals.DefaultPartitioner
	receive.buffer.bytes = 32768
	reconnect.backoff.max.ms = 1000
	reconnect.backoff.ms = 50
	request.timeout.ms = 60000
	retries = 5
	retry.backoff.ms = 100
	sasl.client.callback.handler.class = null
	sasl.jaas.config = null
	sasl.kerberos.kinit.cmd = /usr/bin/kinit
	sasl.kerberos.min.time.before.relogin = 60000
	sasl.kerberos.service.name = null
	sasl.kerberos.ticket.renew.jitter = 0.05
	sasl.kerberos.ticket.renew.window.factor = 0.8
	sasl.login.callback.handler.class = null
	sasl.login.class = null
	sasl.login.refresh.buffer.seconds = 300
	sasl.login.refresh.min.period.seconds = 60
	sasl.login.refresh.window.factor = 0.8
	sasl.login.refresh.window.jitter = 0.05
	sasl.mechanism = GSSAPI
	security.protocol = PLAINTEXT
	security.providers = null
	send.buffer.bytes = 131072
	socket.connection.setup.timeout.max.ms = 127000
	socket.connection.setup.timeout.ms = 10000
	ssl.cipher.suites = null
	ssl.enabled.protocols = [TLSv1.2, TLSv1.3]
	ssl.endpoint.identification.algorithm = https
	ssl.engine.factory.class = null
	ssl.key.password = null
	ssl.keymanager.algorithm = SunX509
	ssl.keystore.certificate.chain = null
	ssl.keystore.key = null
	ssl.keystore.location = null
	ssl.keystore.password = null
	ssl.keystore.type = JKS
	ssl.protocol = TLSv1.3
	ssl.provider = null
	ssl.secure.random.implementation = null
	ssl.trustmanager.algorithm = PKIX
	ssl.truststore.certificates = null
	ssl.truststore.location = null
	ssl.truststore.password = null
	ssl.truststore.type = JKS
	transaction.timeout.ms = 60000
	transactional.id = null
	value.serializer = class io.confluent.kafka.serializers.KafkaAvroSerializer

2022-08-22 22:37:29 [pool-3-thread-1] INFO  i.c.k.s.KafkaAvroSerializerConfig - KafkaAvroSerializerConfig values: 
	bearer.auth.token = [hidden]
	proxy.port = -1
	schema.reflection = false
	auto.register.schemas = true
	max.schemas.per.subject = 1000
	basic.auth.credentials.source = URL
	value.subject.name.strategy = class io.confluent.kafka.serializers.subject.TopicNameStrategy
	schema.registry.url = [http://localhost:8081]
	basic.auth.user.info = [hidden]
	proxy.host = 
	use.latest.version = false
	schema.registry.basic.auth.user.info = [hidden]
	bearer.auth.credentials.source = STATIC_TOKEN
	key.subject.name.strategy = class io.confluent.kafka.serializers.subject.TopicNameStrategy

2022-08-22 22:37:29 [pool-3-thread-1] INFO  o.a.kafka.common.utils.AppInfoParser - Kafka version: 2.7.1
2022-08-22 22:37:29 [pool-3-thread-1] INFO  o.a.kafka.common.utils.AppInfoParser - Kafka commitId: 61dbce85d0d41457
2022-08-22 22:37:29 [pool-3-thread-1] INFO  o.a.kafka.common.utils.AppInfoParser - Kafka startTimeMs: 1661197049512
2022-08-22 22:37:29 [kafka-producer-network-thread | producer-1] INFO  org.apache.kafka.clients.Metadata - [Producer clientId=producer-1] Cluster ID: FqS_KBXIRQOeN3FAAcV0Tw
2022-08-22 22:37:41 [pool-3-thread-1] INFO  c.o.t.l.TwitterKafkaStatusListener - Received status text magna amet ultricies purus Spring congue consectetuer sending to kafka topic twitter-topic
2022-08-22 22:37:41 [pool-3-thread-1] INFO  c.o.k.c.s.impl.TwitterKafkaProducer - Sending message='{"userId": 4209741530059095363, "id": 8849128096324277279, "text": "magna amet ultricies purus Spring congue consectetuer", "createdAt": 1661197061000}' to topic='twitter-topic'
2022-08-22 22:37:51 [pool-3-thread-1] INFO  c.o.t.l.TwitterKafkaStatusListener - Received status text Lorem pulvinar purus ultricies purus purus Kafka Fusce Lorem pulvinar ultricies sending to kafka topic twitter-topic
2022-08-22 22:37:51 [pool-3-thread-1] INFO  c.o.k.c.s.impl.TwitterKafkaProducer - Sending message='{"userId": 2887127312661762981, "id": 3315372214428276003, "text": "Lorem pulvinar purus ultricies purus purus Kafka Fusce Lorem pulvinar ultricies", "createdAt": 1661197071000}' to topic='twitter-topic'
2022-08-22 22:38:01 [pool-3-thread-1] INFO  c.o.t.l.TwitterKafkaStatusListener - Received status text libero posuere elit pulvinar porttitor lectus posuere adipiscing Spring libero congue lectus adipiscing elit adipiscing posuere sending to kafka topic twitter-topic
2022-08-22 22:38:01 [pool-3-thread-1] INFO  c.o.k.c.s.impl.TwitterKafkaProducer - Sending message='{"userId": 2975837862369741154, "id": 1884663054995404979, "text": "libero posuere elit pulvinar porttitor lectus posuere adipiscing Spring libero congue lectus adipiscing elit adipiscing posuere", "createdAt": 1661197081000}' to topic='twitter-topic'
2022-08-22 22:38:04 [kafka-admin-client-thread | adminclient-1] INFO  o.a.kafka.common.utils.AppInfoParser - App info kafka.admin.client for adminclient-1 unregistered
2022-08-22 22:38:04 [kafka-admin-client-thread | adminclient-1] INFO  o.a.kafka.common.metrics.Metrics - Metrics scheduler closed
2022-08-22 22:38:04 [kafka-admin-client-thread | adminclient-1] INFO  o.a.kafka.common.metrics.Metrics - Closing reporter org.apache.kafka.common.metrics.JmxReporter
2022-08-22 22:38:04 [kafka-admin-client-thread | adminclient-1] INFO  o.a.kafka.common.metrics.Metrics - Metrics reporters closed
2022-08-22 22:38:04 [SpringApplicationShutdownHook] INFO  c.o.k.c.s.impl.TwitterKafkaProducer - Closing kafka producer!
2022-08-22 22:38:04 [SpringApplicationShutdownHook] INFO  o.a.k.clients.producer.KafkaProducer - [Producer clientId=producer-1] Closing the Kafka producer with timeoutMillis = 30000 ms.
2022-08-22 22:38:04 [SpringApplicationShutdownHook] INFO  o.a.kafka.common.metrics.Metrics - Metrics scheduler closed
2022-08-22 22:38:04 [SpringApplicationShutdownHook] INFO  o.a.kafka.common.metrics.Metrics - Closing reporter org.apache.kafka.common.metrics.JmxReporter
2022-08-22 22:38:04 [SpringApplicationShutdownHook] INFO  o.a.kafka.common.metrics.Metrics - Metrics reporters closed
2022-08-22 22:38:04 [SpringApplicationShutdownHook] INFO  o.a.kafka.common.utils.AppInfoParser - App info kafka.producer for producer-1 unregistered
